<?xml version="1.0" encoding="UTF-8"?>
<coverage generated="1785432828878" clover="3.2.0">
  <project timestamp="1785432828878" name="All files">
    <metrics statements="895" coveredstatements="855" conditionals="388" coveredconditionals="302" methods="141" coveredmethods="135" elements="1424" coveredelements="1292" complexity="0" loc="895" ncloc="895" packages="19" files="50" classes="50"/>
    <package name="src">
      <metrics statements="9" coveredstatements="8" conditionals="0" coveredconditionals="0" methods="1" coveredmethods="0"/>
      <file name="app.ts" path="C:\Users\USER\OneDrive\Desktop\IIUC DOC\6TH SEM\FINAL\SD2\HealthCare\src\app.ts">
        <metrics statements="9" coveredstatements="8" conditionals="0" coveredconditionals="0" methods="1" coveredmethods="0"/>
        <line num="8" count="11" type="stmt"/>
        <line num="10" count="11" type="stmt"/>
        <line num="11" count="11" type="stmt"/>
        <line num="12" count="11" type="stmt"/>
        <line num="14" count="11" type="stmt"/>
        <line num="21" count="11" type="stmt"/>
        <line num="22" count="0" type="stmt"/>
        <line num="24" count="11" type="stmt"/>
        <line num="26" count="11" type="stmt"/>
      </file>
    </package>
    <package name="src.config">
      <metrics statements="9" coveredstatements="5" conditionals="4" coveredconditionals="2" methods="1" coveredmethods="1"/>
      <file name="env.ts" path="C:\Users\USER\OneDrive\Desktop\IIUC DOC\6TH SEM\FINAL\SD2\HealthCare\src\config\env.ts">
        <metrics statements="6" coveredstatements="5" conditionals="4" coveredconditionals="2" methods="1" coveredmethods="1"/>
        <line num="4" count="12" type="stmt"/>
        <line num="6" count="12" type="stmt"/>
        <line num="7" count="96" type="cond" truecount="1" falsecount="1"/>
        <line num="8" count="96" type="cond" truecount="1" falsecount="1"/>
        <line num="9" count="0" type="stmt"/>
        <line num="11" count="96" type="stmt"/>
      </file>
      <file name="prisma.ts" path="C:\Users\USER\OneDrive\Desktop\IIUC DOC\6TH SEM\FINAL\SD2\HealthCare\src\config\prisma.ts">
        <metrics statements="3" coveredstatements="0" conditionals="0" coveredconditionals="0" methods="0" coveredmethods="0"/>
        <line num="5" count="0" type="stmt"/>
        <line num="7" count="0" type="stmt"/>
        <line num="8" count="0" type="stmt"/>
      </file>
    </package>
    <package name="src.middleware">
      <metrics statements="40" coveredstatements="40" conditionals="30" coveredconditionals="30" methods="5" coveredmethods="5"/>
      <file name="auth.middleware.ts" path="C:\Users\USER\OneDrive\Desktop\IIUC DOC\6TH SEM\FINAL\SD2\HealthCare\src\middleware\auth.middleware.ts">
        <metrics statements="10" coveredstatements="10" conditionals="8" coveredconditionals="8" methods="1" coveredmethods="1"/>
        <line num="7" count="13" type="stmt"/>
        <line num="8" count="117" type="cond" truecount="2" falsecount="0"/>
        <line num="13" count="117" type="cond" truecount="2" falsecount="0"/>
        <line num="14" count="2" type="stmt"/>
        <line num="17" count="115" type="stmt"/>
        <line num="19" count="115" type="cond" truecount="2" falsecount="0"/>
        <line num="20" count="2" type="stmt"/>
        <line num="22" count="113" type="stmt"/>
        <line num="24" count="113" type="stmt"/>
        <line num="25" count="113" type="stmt"/>
      </file>
      <file name="error.middleware.ts" path="C:\Users\USER\OneDrive\Desktop\IIUC DOC\6TH SEM\FINAL\SD2\HealthCare\src\middleware\error.middleware.ts">
        <metrics statements="23" coveredstatements="23" conditionals="18" coveredconditionals="18" methods="2" coveredmethods="2"/>
        <line num="5" count="13" type="stmt"/>
        <line num="6" count="4" type="cond" truecount="4" falsecount="0"/>
        <line num="8" count="1" type="stmt"/>
        <line num="13" count="1" type="stmt"/>
        <line num="18" count="1" type="stmt"/>
        <line num="23" count="1" type="stmt"/>
        <line num="30" count="13" type="stmt"/>
        <line num="36" count="60" type="stmt"/>
        <line num="37" count="60" type="stmt"/>
        <line num="39" count="60" type="cond" truecount="2" falsecount="0"/>
        <line num="40" count="4" type="stmt"/>
        <line num="41" count="4" type="stmt"/>
        <line num="42" count="4" type="stmt"/>
        <line num="43" count="56" type="cond" truecount="2" falsecount="0"/>
        <line num="44" count="1" type="stmt"/>
        <line num="45" count="1" type="stmt"/>
        <line num="46" count="55" type="cond" truecount="2" falsecount="0"/>
        <line num="47" count="53" type="stmt"/>
        <line num="48" count="53" type="cond" truecount="2" falsecount="0"/>
        <line num="49" count="53" type="cond" truecount="2" falsecount="0"/>
        <line num="50" count="53" type="cond" truecount="4" falsecount="0"/>
        <line num="51" count="7" type="stmt"/>
        <line num="54" count="60" type="stmt"/>
      </file>
      <file name="role.middleware.ts" path="C:\Users\USER\OneDrive\Desktop\IIUC DOC\6TH SEM\FINAL\SD2\HealthCare\src\middleware\role.middleware.ts">
        <metrics statements="7" coveredstatements="7" conditionals="4" coveredconditionals="4" methods="2" coveredmethods="2"/>
        <line num="4" count="13" type="stmt"/>
        <line num="5" count="536" type="stmt"/>
        <line num="6" count="114" type="cond" truecount="2" falsecount="0"/>
        <line num="7" count="2" type="stmt"/>
        <line num="14" count="112" type="cond" truecount="2" falsecount="0"/>
        <line num="15" count="4" type="stmt"/>
        <line num="22" count="108" type="stmt"/>
      </file>
    </package>
    <package name="src.modules.admin">
      <metrics statements="124" coveredstatements="120" conditionals="87" coveredconditionals="65" methods="21" coveredmethods="19"/>
      <file name="admin.controller.ts" path="C:\Users\USER\OneDrive\Desktop\IIUC DOC\6TH SEM\FINAL\SD2\HealthCare\src\modules\admin\admin.controller.ts">
        <metrics statements="28" coveredstatements="28" conditionals="4" coveredconditionals="2" methods="7" coveredmethods="7"/>
        <line num="7" count="11" type="stmt"/>
        <line num="9" count="1" type="stmt"/>
        <line num="10" count="1" type="stmt"/>
        <line num="17" count="1" type="stmt"/>
        <line num="27" count="11" type="stmt"/>
        <line num="29" count="4" type="stmt"/>
        <line num="30" count="4" type="stmt"/>
        <line num="32" count="3" type="stmt"/>
        <line num="41" count="11" type="stmt"/>
        <line num="43" count="6" type="stmt"/>
        <line num="44" count="6" type="stmt"/>
        <line num="45" count="6" type="stmt"/>
        <line num="47" count="3" type="stmt"/>
        <line num="56" count="11" type="stmt"/>
        <line num="58" count="6" type="stmt"/>
        <line num="59" count="6" type="stmt"/>
        <line num="60" count="6" type="stmt"/>
        <line num="62" count="3" type="stmt"/>
        <line num="71" count="11" type="stmt"/>
        <line num="73" count="1" type="stmt"/>
        <line num="75" count="1" type="stmt"/>
        <line num="84" count="11" type="stmt"/>
        <line num="86" count="1" type="stmt"/>
        <line num="88" count="1" type="stmt"/>
        <line num="97" count="11" type="stmt"/>
        <line num="99" count="1" type="stmt"/>
        <line num="101" count="1" type="stmt"/>
        <line num="110" count="11" type="stmt"/>
      </file>
      <file name="admin.routes.ts" path="C:\Users\USER\OneDrive\Desktop\IIUC DOC\6TH SEM\FINAL\SD2\HealthCare\src\modules\admin\admin.routes.ts">
        <metrics statements="9" coveredstatements="9" conditionals="0" coveredconditionals="0" methods="0" coveredmethods="0"/>
        <line num="6" count="11" type="stmt"/>
        <line num="8" count="11" type="stmt"/>
        <line num="9" count="11" type="stmt"/>
        <line num="10" count="11" type="stmt"/>
        <line num="11" count="11" type="stmt"/>
        <line num="13" count="11" type="stmt"/>
        <line num="19" count="11" type="stmt"/>
        <line num="25" count="11" type="stmt"/>
        <line num="32" count="11" type="stmt"/>
      </file>
      <file name="admin.service.ts" path="C:\Users\USER\OneDrive\Desktop\IIUC DOC\6TH SEM\FINAL\SD2\HealthCare\src\modules\admin\admin.service.ts">
        <metrics statements="87" coveredstatements="83" conditionals="83" coveredconditionals="63" methods="14" coveredmethods="12"/>
        <line num="11" count="11" type="stmt"/>
        <line num="12" count="3" type="stmt"/>
        <line num="14" count="11" type="stmt"/>
        <line num="15" count="4" type="stmt"/>
        <line num="16" count="4" type="cond" truecount="2" falsecount="0"/>
        <line num="17" count="3" type="stmt"/>
        <line num="18" count="3" type="cond" truecount="1" falsecount="1"/>
        <line num="19" count="3" type="stmt"/>
        <line num="20" count="3" type="cond" truecount="1" falsecount="1"/>
        <line num="21" count="3" type="stmt"/>
        <line num="24" count="11" type="stmt"/>
        <line num="25" count="1" type="cond" truecount="2" falsecount="0"/>
        <line num="26" count="1" type="stmt"/>
        <line num="28" count="1" type="cond" truecount="1" falsecount="1"/>
        <line num="32" count="1" type="stmt"/>
        <line num="34" count="1" type="stmt"/>
        <line num="36" count="1" type="cond" truecount="3" falsecount="1"/>
        <line num="37" count="1" type="stmt"/>
        <line num="43" count="1" type="stmt"/>
        <line num="46" count="1" type="cond" truecount="3" falsecount="1"/>
        <line num="47" count="0" type="stmt"/>
        <line num="53" count="0" type="stmt"/>
        <line num="56" count="1" type="cond" truecount="3" falsecount="1"/>
        <line num="57" count="0" type="stmt"/>
        <line num="63" count="0" type="stmt"/>
        <line num="66" count="1" type="stmt"/>
        <line num="69" count="11" type="stmt"/>
        <line num="70" count="4" type="stmt"/>
        <line num="71" count="4" type="cond" truecount="2" falsecount="0"/>
        <line num="73" count="3" type="stmt"/>
        <line num="75" count="3" type="cond" truecount="3" falsecount="0"/>
        <line num="77" count="1" type="stmt"/>
        <line num="88" count="1" type="stmt"/>
        <line num="98" count="1" type="stmt"/>
        <line num="108" count="11" type="stmt"/>
        <line num="109" count="6" type="stmt"/>
        <line num="110" count="6" type="cond" truecount="1" falsecount="1"/>
        <line num="111" count="6" type="cond" truecount="1" falsecount="1"/>
        <line num="112" count="6" type="cond" truecount="1" falsecount="1"/>
        <line num="114" count="6" type="cond" truecount="3" falsecount="0"/>
        <line num="116" count="2" type="stmt"/>
        <line num="117" count="2" type="cond" truecount="2" falsecount="0"/>
        <line num="118" count="1" type="cond" truecount="1" falsecount="1"/>
        <line num="119" count="1" type="cond" truecount="1" falsecount="1"/>
        <line num="120" count="1" type="cond" truecount="1" falsecount="1"/>
        <line num="121" count="1" type="stmt"/>
        <line num="124" count="2" type="stmt"/>
        <line num="125" count="2" type="cond" truecount="2" falsecount="0"/>
        <line num="126" count="1" type="cond" truecount="1" falsecount="1"/>
        <line num="127" count="1" type="cond" truecount="1" falsecount="1"/>
        <line num="128" count="1" type="stmt"/>
        <line num="131" count="2" type="stmt"/>
        <line num="132" count="2" type="cond" truecount="2" falsecount="0"/>
        <line num="133" count="1" type="stmt"/>
        <line num="138" count="11" type="stmt"/>
        <line num="139" count="6" type="cond" truecount="3" falsecount="0"/>
        <line num="141" count="2" type="stmt"/>
        <line num="142" count="2" type="cond" truecount="2" falsecount="0"/>
        <line num="143" count="1" type="stmt"/>
        <line num="146" count="2" type="stmt"/>
        <line num="147" count="2" type="cond" truecount="2" falsecount="0"/>
        <line num="148" count="1" type="stmt"/>
        <line num="151" count="2" type="stmt"/>
        <line num="152" count="2" type="cond" truecount="2" falsecount="0"/>
        <line num="153" count="1" type="stmt"/>
        <line num="158" count="11" type="stmt"/>
        <line num="159" count="1" type="stmt"/>
        <line num="163" count="1" type="stmt"/>
        <line num="164" count="1" type="stmt"/>
        <line num="165" count="3" type="cond" truecount="2" falsecount="0"/>
        <line num="168" count="1" type="stmt"/>
        <line num="169" count="1" type="stmt"/>
        <line num="172" count="11" type="stmt"/>
        <line num="173" count="1" type="stmt"/>
        <line num="180" count="2" type="stmt"/>
        <line num="186" count="11" type="stmt"/>
        <line num="187" count="1" type="stmt"/>
        <line num="192" count="1" type="stmt"/>
        <line num="194" count="1" type="stmt"/>
        <line num="195" count="3" type="stmt"/>
        <line num="196" count="3" type="cond" truecount="2" falsecount="0"/>
        <line num="197" count="3" type="stmt"/>
        <line num="198" count="3" type="cond" truecount="2" falsecount="0"/>
        <line num="199" count="3" type="cond" truecount="2" falsecount="0"/>
        <line num="202" count="2" type="stmt"/>
        <line num="207" count="1" type="stmt"/>
        <line num="210" count="11" type="stmt"/>
      </file>
    </package>
    <package name="src.modules.ai">
      <metrics statements="20" coveredstatements="19" conditionals="7" coveredconditionals="6" methods="2" coveredmethods="2"/>
      <file name="ai.controller.ts" path="C:\Users\USER\OneDrive\Desktop\IIUC DOC\6TH SEM\FINAL\SD2\HealthCare\src\modules\ai\ai.controller.ts">
        <metrics statements="8" coveredstatements="8" conditionals="5" coveredconditionals="5" methods="1" coveredmethods="1"/>
        <line num="7" count="1" type="stmt"/>
        <line num="9" count="3" type="stmt"/>
        <line num="11" count="3" type="cond" truecount="5" falsecount="0"/>
        <line num="12" count="2" type="stmt"/>
        <line num="17" count="2" type="stmt"/>
        <line num="20" count="1" type="stmt"/>
        <line num="22" count="1" type="stmt"/>
        <line num="31" count="1" type="stmt"/>
      </file>
      <file name="ai.routes.ts" path="C:\Users\USER\OneDrive\Desktop\IIUC DOC\6TH SEM\FINAL\SD2\HealthCare\src\modules\ai\ai.routes.ts">
        <metrics statements="3" coveredstatements="3" conditionals="0" coveredconditionals="0" methods="0" coveredmethods="0"/>
        <line num="6" count="1" type="stmt"/>
        <line num="8" count="1" type="stmt"/>
        <line num="15" count="1" type="stmt"/>
      </file>
      <file name="ai.service.ts" path="C:\Users\USER\OneDrive\Desktop\IIUC DOC\6TH SEM\FINAL\SD2\HealthCare\src\modules\ai\ai.service.ts">
        <metrics statements="9" coveredstatements="8" conditionals="2" coveredconditionals="1" methods="1" coveredmethods="1"/>
        <line num="1" count="1" type="stmt"/>
        <line num="15" count="1" type="stmt"/>
        <line num="43" count="1" type="stmt"/>
        <line num="44" count="1" type="stmt"/>
        <line num="46" count="1" type="stmt"/>
        <line num="47" count="1" type="cond" truecount="1" falsecount="1"/>
        <line num="48" count="1" type="stmt"/>
        <line num="52" count="0" type="stmt"/>
        <line num="55" count="1" type="stmt"/>
      </file>
    </package>
    <package name="src.modules.appointments">
      <metrics statements="105" coveredstatements="104" conditionals="57" coveredconditionals="50" methods="14" coveredmethods="14"/>
      <file name="appointment.controller.ts" path="C:\Users\USER\OneDrive\Desktop\IIUC DOC\6TH SEM\FINAL\SD2\HealthCare\src\modules\appointments\appointment.controller.ts">
        <metrics statements="27" coveredstatements="27" conditionals="4" coveredconditionals="4" methods="7" coveredmethods="7"/>
        <line num="7" count="11" type="stmt"/>
        <line num="9" count="3" type="stmt"/>
        <line num="11" count="3" type="stmt"/>
        <line num="23" count="3" type="stmt"/>
        <line num="37" count="11" type="stmt"/>
        <line num="39" count="2" type="stmt"/>
        <line num="41" count="1" type="stmt"/>
        <line num="50" count="11" type="stmt"/>
        <line num="52" count="5" type="stmt"/>
        <line num="53" count="5" type="stmt"/>
        <line num="60" count="1" type="stmt"/>
        <line num="69" count="11" type="stmt"/>
        <line num="71" count="2" type="stmt"/>
        <line num="73" count="1" type="stmt"/>
        <line num="82" count="11" type="stmt"/>
        <line num="84" count="2" type="stmt"/>
        <line num="85" count="2" type="stmt"/>
        <line num="87" count="1" type="stmt"/>
        <line num="96" count="11" type="stmt"/>
        <line num="98" count="2" type="stmt"/>
        <line num="99" count="2" type="stmt"/>
        <line num="101" count="1" type="stmt"/>
        <line num="110" count="11" type="stmt"/>
        <line num="112" count="4" type="stmt"/>
        <line num="113" count="4" type="stmt"/>
        <line num="119" count="1" type="stmt"/>
        <line num="128" count="11" type="stmt"/>
      </file>
      <file name="appointment.route.ts" path="C:\Users\USER\OneDrive\Desktop\IIUC DOC\6TH SEM\FINAL\SD2\HealthCare\src\modules\appointments\appointment.route.ts">
        <metrics statements="9" coveredstatements="9" conditionals="0" coveredconditionals="0" methods="0" coveredmethods="0"/>
        <line num="6" count="11" type="stmt"/>
        <line num="8" count="11" type="stmt"/>
        <line num="15" count="11" type="stmt"/>
        <line num="22" count="11" type="stmt"/>
        <line num="29" count="11" type="stmt"/>
        <line num="36" count="11" type="stmt"/>
        <line num="43" count="11" type="stmt"/>
        <line num="50" count="11" type="stmt"/>
        <line num="57" count="11" type="stmt"/>
      </file>
      <file name="appointment.service.ts" path="C:\Users\USER\OneDrive\Desktop\IIUC DOC\6TH SEM\FINAL\SD2\HealthCare\src\modules\appointments\appointment.service.ts">
        <metrics statements="69" coveredstatements="68" conditionals="53" coveredconditionals="46" methods="7" coveredmethods="7"/>
        <line num="10" count="11" type="stmt"/>
        <line num="15" count="3" type="cond" truecount="2" falsecount="0"/>
        <line num="16" count="3" type="stmt"/>
        <line num="18" count="3" type="cond" truecount="2" falsecount="0"/>
        <line num="19" count="1" type="stmt"/>
        <line num="20" count="2" type="cond" truecount="1" falsecount="1"/>
        <line num="21" count="0" type="stmt"/>
        <line num="24" count="3" type="cond" truecount="1" falsecount="1"/>
        <line num="25" count="3" type="cond" truecount="2" falsecount="0"/>
        <line num="26" count="3" type="cond" truecount="2" falsecount="0"/>
        <line num="27" count="1" type="stmt"/>
        <line num="28" count="1" type="stmt"/>
        <line num="29" count="1" type="stmt"/>
        <line num="30" count="1" type="stmt"/>
        <line num="31" count="1" type="stmt"/>
        <line num="34" count="3" type="stmt"/>
        <line num="36" count="3" type="stmt"/>
        <line num="50" count="3" type="stmt"/>
        <line num="53" count="11" type="stmt"/>
        <line num="54" count="2" type="stmt"/>
        <line num="55" count="2" type="stmt"/>
        <line num="57" count="2" type="stmt"/>
        <line num="65" count="2" type="cond" truecount="2" falsecount="0"/>
        <line num="67" count="1" type="stmt"/>
        <line num="80" count="1" type="stmt"/>
        <line num="83" count="11" type="stmt"/>
        <line num="89" count="5" type="stmt"/>
        <line num="92" count="5" type="cond" truecount="2" falsecount="0"/>
        <line num="94" count="4" type="cond" truecount="4" falsecount="0"/>
        <line num="95" count="1" type="stmt"/>
        <line num="98" count="3" type="cond" truecount="1" falsecount="1"/>
        <line num="99" count="3" type="stmt"/>
        <line num="101" count="3" type="cond" truecount="2" falsecount="0"/>
        <line num="106" count="1" type="stmt"/>
        <line num="109" count="2" type="stmt"/>
        <line num="118" count="2" type="cond" truecount="2" falsecount="0"/>
        <line num="121" count="1" type="stmt"/>
        <line num="122" count="1" type="cond" truecount="1" falsecount="1"/>
        <line num="123" count="1" type="cond" truecount="1" falsecount="1"/>
        <line num="125" count="1" type="stmt"/>
        <line num="134" count="1" type="stmt"/>
        <line num="137" count="11" type="stmt"/>
        <line num="138" count="2" type="stmt"/>
        <line num="140" count="2" type="cond" truecount="2" falsecount="0"/>
        <line num="142" count="1" type="stmt"/>
        <line num="144" count="1" type="stmt"/>
        <line num="157" count="1" type="stmt"/>
        <line num="160" count="11" type="stmt"/>
        <line num="161" count="2" type="stmt"/>
        <line num="164" count="2" type="cond" truecount="1" falsecount="1"/>
        <line num="165" count="2" type="cond" truecount="2" falsecount="0"/>
        <line num="167" count="1" type="stmt"/>
        <line num="176" count="1" type="stmt"/>
        <line num="179" count="11" type="stmt"/>
        <line num="180" count="2" type="stmt"/>
        <line num="183" count="2" type="cond" truecount="1" falsecount="1"/>
        <line num="184" count="2" type="cond" truecount="2" falsecount="0"/>
        <line num="186" count="1" type="stmt"/>
        <line num="195" count="1" type="stmt"/>
        <line num="198" count="11" type="stmt"/>
        <line num="199" count="4" type="stmt"/>
        <line num="202" count="4" type="cond" truecount="2" falsecount="0"/>
        <line num="204" count="3" type="cond" truecount="4" falsecount="0"/>
        <line num="205" count="1" type="stmt"/>
        <line num="208" count="2" type="cond" truecount="4" falsecount="0"/>
        <line num="209" count="1" type="stmt"/>
        <line num="212" count="1" type="stmt"/>
        <line num="221" count="1" type="stmt"/>
        <line num="224" count="11" type="stmt"/>
      </file>
    </package>
    <package name="src.modules.auth">
      <metrics statements="62" coveredstatements="62" conditionals="18" coveredconditionals="18" methods="11" coveredmethods="11"/>
      <file name="auth.controller.ts" path="C:\Users\USER\OneDrive\Desktop\IIUC DOC\6TH SEM\FINAL\SD2\HealthCare\src\modules\auth\auth.controller.ts">
        <metrics statements="15" coveredstatements="15" conditionals="0" coveredconditionals="0" methods="4" coveredmethods="4"/>
        <line num="7" count="11" type="stmt"/>
        <line num="9" count="4" type="stmt"/>
        <line num="11" count="1" type="stmt"/>
        <line num="20" count="11" type="stmt"/>
        <line num="22" count="5" type="stmt"/>
        <line num="24" count="3" type="stmt"/>
        <line num="31" count="3" type="stmt"/>
        <line num="40" count="11" type="stmt"/>
        <line num="42" count="2" type="stmt"/>
        <line num="44" count="1" type="stmt"/>
        <line num="53" count="11" type="stmt"/>
        <line num="55" count="3" type="stmt"/>
        <line num="57" count="1" type="stmt"/>
        <line num="64" count="1" type="stmt"/>
        <line num="73" count="11" type="stmt"/>
      </file>
      <file name="auth.routes.ts" path="C:\Users\USER\OneDrive\Desktop\IIUC DOC\6TH SEM\FINAL\SD2\HealthCare\src\modules\auth\auth.routes.ts">
        <metrics statements="6" coveredstatements="6" conditionals="0" coveredconditionals="0" methods="0" coveredmethods="0"/>
        <line num="4" count="11" type="stmt"/>
        <line num="6" count="11" type="stmt"/>
        <line num="7" count="11" type="stmt"/>
        <line num="8" count="11" type="stmt"/>
        <line num="9" count="11" type="stmt"/>
        <line num="11" count="11" type="stmt"/>
      </file>
      <file name="auth.service.ts" path="C:\Users\USER\OneDrive\Desktop\IIUC DOC\6TH SEM\FINAL\SD2\HealthCare\src\modules\auth\auth.service.ts">
        <metrics statements="41" coveredstatements="41" conditionals="18" coveredconditionals="18" methods="7" coveredmethods="7"/>
        <line num="7" count="11" type="stmt"/>
        <line num="8" count="2" type="stmt"/>
        <line num="11" count="11" type="stmt"/>
        <line num="16" count="6" type="stmt"/>
        <line num="21" count="11" type="stmt"/>
        <line num="22" count="9" type="stmt"/>
        <line num="23" count="9" type="cond" truecount="2" falsecount="0"/>
        <line num="25" count="6" type="stmt"/>
        <line num="26" count="6" type="cond" truecount="2" falsecount="0"/>
        <line num="28" count="4" type="stmt"/>
        <line num="29" count="4" type="cond" truecount="2" falsecount="0"/>
        <line num="31" count="2" type="stmt"/>
        <line num="34" count="11" type="stmt"/>
        <line num="35" count="4" type="stmt"/>
        <line num="36" count="4" type="cond" truecount="2" falsecount="0"/>
        <line num="38" count="1" type="stmt"/>
        <line num="40" count="1" type="stmt"/>
        <line num="51" count="1" type="stmt"/>
        <line num="53" count="1" type="stmt"/>
        <line num="59" count="11" type="stmt"/>
        <line num="60" count="5" type="stmt"/>
        <line num="61" count="5" type="cond" truecount="2" falsecount="0"/>
        <line num="63" count="4" type="stmt"/>
        <line num="64" count="4" type="cond" truecount="2" falsecount="0"/>
        <line num="66" count="3" type="stmt"/>
        <line num="68" count="3" type="stmt"/>
        <line num="74" count="11" type="stmt"/>
        <line num="75" count="2" type="stmt"/>
        <line num="76" count="2" type="cond" truecount="2" falsecount="0"/>
        <line num="78" count="1" type="stmt"/>
        <line num="80" count="1" type="stmt"/>
        <line num="88" count="1" type="stmt"/>
        <line num="90" count="1" type="stmt"/>
        <line num="98" count="11" type="stmt"/>
        <line num="99" count="3" type="stmt"/>
        <line num="100" count="3" type="cond" truecount="2" falsecount="0"/>
        <line num="102" count="2" type="stmt"/>
        <line num="103" count="2" type="cond" truecount="2" falsecount="0"/>
        <line num="105" count="1" type="stmt"/>
        <line num="107" count="1" type="stmt"/>
        <line num="113" count="11" type="stmt"/>
      </file>
    </package>
    <package name="src.modules.doctors">
      <metrics statements="70" coveredstatements="70" conditionals="24" coveredconditionals="13" methods="12" coveredmethods="12"/>
      <file name="doctor.controller.ts" path="C:\Users\USER\OneDrive\Desktop\IIUC DOC\6TH SEM\FINAL\SD2\HealthCare\src\modules\doctors\doctor.controller.ts">
        <metrics statements="22" coveredstatements="22" conditionals="4" coveredconditionals="2" methods="6" coveredmethods="6"/>
        <line num="7" count="11" type="stmt"/>
        <line num="9" count="1" type="stmt"/>
        <line num="11" count="1" type="stmt"/>
        <line num="18" count="1" type="stmt"/>
        <line num="32" count="11" type="stmt"/>
        <line num="34" count="2" type="stmt"/>
        <line num="35" count="2" type="stmt"/>
        <line num="37" count="1" type="stmt"/>
        <line num="46" count="11" type="stmt"/>
        <line num="48" count="1" type="stmt"/>
        <line num="50" count="1" type="stmt"/>
        <line num="59" count="11" type="stmt"/>
        <line num="61" count="1" type="stmt"/>
        <line num="63" count="1" type="stmt"/>
        <line num="72" count="11" type="stmt"/>
        <line num="74" count="2" type="stmt"/>
        <line num="75" count="2" type="stmt"/>
        <line num="79" count="2" type="stmt"/>
        <line num="88" count="11" type="stmt"/>
        <line num="90" count="1" type="stmt"/>
        <line num="92" count="1" type="stmt"/>
        <line num="101" count="11" type="stmt"/>
      </file>
      <file name="doctor.route.ts" path="C:\Users\USER\OneDrive\Desktop\IIUC DOC\6TH SEM\FINAL\SD2\HealthCare\src\modules\doctors\doctor.route.ts">
        <metrics statements="8" coveredstatements="8" conditionals="0" coveredconditionals="0" methods="0" coveredmethods="0"/>
        <line num="6" count="11" type="stmt"/>
        <line num="8" count="11" type="stmt"/>
        <line num="9" count="11" type="stmt"/>
        <line num="10" count="11" type="stmt"/>
        <line num="11" count="11" type="stmt"/>
        <line num="12" count="11" type="stmt"/>
        <line num="13" count="11" type="stmt"/>
        <line num="15" count="11" type="stmt"/>
      </file>
      <file name="doctor.service.ts" path="C:\Users\USER\OneDrive\Desktop\IIUC DOC\6TH SEM\FINAL\SD2\HealthCare\src\modules\doctors\doctor.service.ts">
        <metrics statements="40" coveredstatements="40" conditionals="20" coveredconditionals="11" methods="6" coveredmethods="6"/>
        <line num="4" count="11" type="stmt"/>
        <line num="13" count="11" type="stmt"/>
        <line num="14" count="1" type="cond" truecount="0" falsecount="2"/>
        <line num="16" count="1" type="stmt"/>
        <line num="18" count="1" type="cond" truecount="1" falsecount="1"/>
        <line num="19" count="1" type="cond" truecount="1" falsecount="1"/>
        <line num="20" count="1" type="stmt"/>
        <line num="26" count="1" type="stmt"/>
        <line num="28" count="1" type="stmt"/>
        <line num="45" count="1" type="stmt"/>
        <line num="48" count="11" type="stmt"/>
        <line num="49" count="2" type="stmt"/>
        <line num="54" count="2" type="cond" truecount="2" falsecount="0"/>
        <line num="56" count="1" type="stmt"/>
        <line num="59" count="11" type="stmt"/>
        <line num="60" count="1" type="stmt"/>
        <line num="65" count="1" type="cond" truecount="1" falsecount="1"/>
        <line num="67" count="1" type="stmt"/>
        <line num="70" count="11" type="stmt"/>
        <line num="71" count="1" type="stmt"/>
        <line num="72" count="1" type="cond" truecount="1" falsecount="1"/>
        <line num="74" count="1" type="stmt"/>
        <line num="75" count="1" type="cond" truecount="1" falsecount="1"/>
        <line num="76" count="1" type="cond" truecount="1" falsecount="1"/>
        <line num="77" count="1" type="cond" truecount="1" falsecount="1"/>
        <line num="79" count="1" type="stmt"/>
        <line num="85" count="1" type="stmt"/>
        <line num="88" count="11" type="stmt"/>
        <line num="89" count="2" type="cond" truecount="2" falsecount="0"/>
        <line num="90" count="2" type="stmt"/>
        <line num="91" count="2" type="stmt"/>
        <line num="92" count="2" type="stmt"/>
        <line num="93" count="2" type="stmt"/>
        <line num="95" count="2" type="stmt"/>
        <line num="106" count="2" type="stmt"/>
        <line num="109" count="11" type="stmt"/>
        <line num="110" count="1" type="stmt"/>
        <line num="112" count="1" type="stmt"/>
        <line num="124" count="1" type="stmt"/>
        <line num="127" count="11" type="stmt"/>
      </file>
    </package>
    <package name="src.modules.insurance">
      <metrics statements="39" coveredstatements="39" conditionals="6" coveredconditionals="6" methods="8" coveredmethods="8"/>
      <file name="insurance.controller.ts" path="C:\Users\USER\OneDrive\Desktop\IIUC DOC\6TH SEM\FINAL\SD2\HealthCare\src\modules\insurance\insurance.controller.ts">
        <metrics statements="14" coveredstatements="14" conditionals="0" coveredconditionals="0" methods="4" coveredmethods="4"/>
        <line num="7" count="11" type="stmt"/>
        <line num="9" count="3" type="stmt"/>
        <line num="11" count="1" type="stmt"/>
        <line num="20" count="11" type="stmt"/>
        <line num="22" count="2" type="stmt"/>
        <line num="23" count="2" type="stmt"/>
        <line num="25" count="1" type="stmt"/>
        <line num="34" count="11" type="stmt"/>
        <line num="36" count="1" type="stmt"/>
        <line num="38" count="1" type="stmt"/>
        <line num="47" count="11" type="stmt"/>
        <line num="49" count="1" type="stmt"/>
        <line num="51" count="1" type="stmt"/>
        <line num="60" count="11" type="stmt"/>
      </file>
      <file name="insurance.route.ts" path="C:\Users\USER\OneDrive\Desktop\IIUC DOC\6TH SEM\FINAL\SD2\HealthCare\src\modules\insurance\insurance.route.ts">
        <metrics statements="6" coveredstatements="6" conditionals="0" coveredconditionals="0" methods="0" coveredmethods="0"/>
        <line num="6" count="11" type="stmt"/>
        <line num="8" count="11" type="stmt"/>
        <line num="9" count="11" type="stmt"/>
        <line num="10" count="11" type="stmt"/>
        <line num="11" count="11" type="stmt"/>
        <line num="13" count="11" type="stmt"/>
      </file>
      <file name="insurance.service.ts" path="C:\Users\USER\OneDrive\Desktop\IIUC DOC\6TH SEM\FINAL\SD2\HealthCare\src\modules\insurance\insurance.service.ts">
        <metrics statements="19" coveredstatements="19" conditionals="6" coveredconditionals="6" methods="4" coveredmethods="4"/>
        <line num="4" count="11" type="stmt"/>
        <line num="5" count="3" type="stmt"/>
        <line num="8" count="3" type="cond" truecount="2" falsecount="0"/>
        <line num="10" count="2" type="stmt"/>
        <line num="13" count="2" type="cond" truecount="2" falsecount="0"/>
        <line num="15" count="1" type="stmt"/>
        <line num="27" count="1" type="stmt"/>
        <line num="30" count="11" type="stmt"/>
        <line num="31" count="2" type="stmt"/>
        <line num="34" count="2" type="cond" truecount="2" falsecount="0"/>
        <line num="36" count="1" type="stmt"/>
        <line num="45" count="1" type="stmt"/>
        <line num="48" count="11" type="stmt"/>
        <line num="49" count="1" type="stmt"/>
        <line num="57" count="1" type="stmt"/>
        <line num="60" count="11" type="stmt"/>
        <line num="61" count="1" type="stmt"/>
        <line num="69" count="1" type="stmt"/>
        <line num="72" count="11" type="stmt"/>
      </file>
    </package>
    <package name="src.modules.medical-records">
      <metrics statements="44" coveredstatements="43" conditionals="14" coveredconditionals="13" methods="7" coveredmethods="7"/>
      <file name="diagnosis.service.ts" path="C:\Users\USER\OneDrive\Desktop\IIUC DOC\6TH SEM\FINAL\SD2\HealthCare\src\modules\medical-records\diagnosis.service.ts">
        <metrics statements="8" coveredstatements="8" conditionals="4" coveredconditionals="4" methods="1" coveredmethods="1"/>
        <line num="4" count="11" type="stmt"/>
        <line num="9" count="3" type="stmt"/>
        <line num="12" count="3" type="cond" truecount="2" falsecount="0"/>
        <line num="13" count="2" type="cond" truecount="2" falsecount="0"/>
        <line num="14" count="1" type="stmt"/>
        <line num="17" count="1" type="stmt"/>
        <line num="25" count="1" type="stmt"/>
        <line num="28" count="11" type="stmt"/>
      </file>
      <file name="medicalRecord.controller.ts" path="C:\Users\USER\OneDrive\Desktop\IIUC DOC\6TH SEM\FINAL\SD2\HealthCare\src\modules\medical-records\medicalRecord.controller.ts">
        <metrics statements="16" coveredstatements="16" conditionals="0" coveredconditionals="0" methods="4" coveredmethods="4"/>
        <line num="8" count="11" type="stmt"/>
        <line num="10" count="1" type="stmt"/>
        <line num="16" count="1" type="stmt"/>
        <line num="25" count="11" type="stmt"/>
        <line num="27" count="2" type="stmt"/>
        <line num="28" count="2" type="stmt"/>
        <line num="34" count="1" type="stmt"/>
        <line num="43" count="11" type="stmt"/>
        <line num="45" count="2" type="stmt"/>
        <line num="46" count="2" type="stmt"/>
        <line num="52" count="1" type="stmt"/>
        <line num="61" count="11" type="stmt"/>
        <line num="63" count="3" type="stmt"/>
        <line num="64" count="3" type="stmt"/>
        <line num="70" count="1" type="stmt"/>
        <line num="79" count="11" type="stmt"/>
      </file>
      <file name="medicalRecord.route.ts" path="C:\Users\USER\OneDrive\Desktop\IIUC DOC\6TH SEM\FINAL\SD2\HealthCare\src\modules\medical-records\medicalRecord.route.ts">
        <metrics statements="6" coveredstatements="6" conditionals="0" coveredconditionals="0" methods="0" coveredmethods="0"/>
        <line num="6" count="11" type="stmt"/>
        <line num="8" count="11" type="stmt"/>
        <line num="15" count="11" type="stmt"/>
        <line num="22" count="11" type="stmt"/>
        <line num="29" count="11" type="stmt"/>
        <line num="36" count="11" type="stmt"/>
      </file>
      <file name="medicalRecord.service.ts" path="C:\Users\USER\OneDrive\Desktop\IIUC DOC\6TH SEM\FINAL\SD2\HealthCare\src\modules\medical-records\medicalRecord.service.ts">
        <metrics statements="14" coveredstatements="13" conditionals="10" coveredconditionals="9" methods="2" coveredmethods="2"/>
        <line num="4" count="11" type="stmt"/>
        <line num="9" count="3" type="cond" truecount="3" falsecount="1"/>
        <line num="10" count="0" type="stmt"/>
        <line num="13" count="3" type="cond" truecount="2" falsecount="0"/>
        <line num="14" count="2" type="stmt"/>
        <line num="17" count="2" type="cond" truecount="2" falsecount="0"/>
        <line num="20" count="2" type="stmt"/>
        <line num="46" count="2" type="stmt"/>
        <line num="49" count="11" type="stmt"/>
        <line num="54" count="2" type="stmt"/>
        <line num="55" count="2" type="cond" truecount="2" falsecount="0"/>
        <line num="57" count="1" type="stmt"/>
        <line num="65" count="1" type="stmt"/>
        <line num="68" count="11" type="stmt"/>
      </file>
    </package>
    <package name="src.modules.notifications">
      <metrics statements="62" coveredstatements="39" conditionals="12" coveredconditionals="6" methods="8" coveredmethods="5"/>
      <file name="notification.controller.ts" path="C:\Users\USER\OneDrive\Desktop\IIUC DOC\6TH SEM\FINAL\SD2\HealthCare\src\modules\notifications\notification.controller.ts">
        <metrics statements="7" coveredstatements="7" conditionals="0" coveredconditionals="0" methods="2" coveredmethods="2"/>
        <line num="7" count="11" type="stmt"/>
        <line num="9" count="3" type="stmt"/>
        <line num="14" count="3" type="stmt"/>
        <line num="23" count="11" type="stmt"/>
        <line num="25" count="1" type="stmt"/>
        <line num="27" count="1" type="stmt"/>
        <line num="36" count="11" type="stmt"/>
      </file>
      <file name="notification.routes.ts" path="C:\Users\USER\OneDrive\Desktop\IIUC DOC\6TH SEM\FINAL\SD2\HealthCare\src\modules\notifications\notification.routes.ts">
        <metrics statements="4" coveredstatements="4" conditionals="0" coveredconditionals="0" methods="0" coveredmethods="0"/>
        <line num="6" count="11" type="stmt"/>
        <line num="8" count="11" type="stmt"/>
        <line num="9" count="11" type="stmt"/>
        <line num="11" count="11" type="stmt"/>
      </file>
      <file name="notification.scheduler.ts" path="C:\Users\USER\OneDrive\Desktop\IIUC DOC\6TH SEM\FINAL\SD2\HealthCare\src\modules\notifications\notification.scheduler.ts">
        <metrics statements="23" coveredstatements="0" conditionals="6" coveredconditionals="0" methods="3" coveredmethods="0"/>
        <line num="3" count="0" type="stmt"/>
        <line num="5" count="0" type="stmt"/>
        <line num="6" count="0" type="stmt"/>
        <line num="7" count="0" type="stmt"/>
        <line num="8" count="0" type="stmt"/>
        <line num="10" count="0" type="stmt"/>
        <line num="21" count="0" type="stmt"/>
        <line num="22" count="0" type="stmt"/>
        <line num="25" count="0" type="stmt"/>
        <line num="30" count="0" type="cond" truecount="0" falsecount="2"/>
        <line num="31" count="0" type="stmt"/>
        <line num="36" count="0" type="stmt"/>
        <line num="40" count="0" type="stmt"/>
        <line num="42" count="0" type="stmt"/>
        <line num="43" count="0" type="cond" truecount="0" falsecount="2"/>
        <line num="44" count="0" type="stmt"/>
        <line num="45" count="0" type="stmt"/>
        <line num="46" count="0" type="stmt"/>
        <line num="49" count="0" type="stmt"/>
        <line num="50" count="0" type="cond" truecount="0" falsecount="2"/>
        <line num="51" count="0" type="stmt"/>
        <line num="52" count="0" type="stmt"/>
        <line num="53" count="0" type="stmt"/>
      </file>
      <file name="notification.service.ts" path="C:\Users\USER\OneDrive\Desktop\IIUC DOC\6TH SEM\FINAL\SD2\HealthCare\src\modules\notifications\notification.service.ts">
        <metrics statements="28" coveredstatements="28" conditionals="6" coveredconditionals="6" methods="3" coveredmethods="3"/>
        <line num="3" count="11" type="stmt"/>
        <line num="4" count="3" type="stmt"/>
        <line num="5" count="3" type="stmt"/>
        <line num="6" count="3" type="stmt"/>
        <line num="13" count="3" type="stmt"/>
        <line num="15" count="3" type="cond" truecount="2" falsecount="0"/>
        <line num="16" count="1" type="stmt"/>
        <line num="26" count="1" type="stmt"/>
        <line num="27" count="1" type="stmt"/>
        <line num="36" count="3" type="cond" truecount="2" falsecount="0"/>
        <line num="37" count="1" type="stmt"/>
        <line num="47" count="1" type="stmt"/>
        <line num="48" count="1" type="stmt"/>
        <line num="57" count="3" type="cond" truecount="2" falsecount="0"/>
        <line num="58" count="1" type="stmt"/>
        <line num="59" count="1" type="stmt"/>
        <line num="61" count="1" type="stmt"/>
        <line num="73" count="1" type="stmt"/>
        <line num="78" count="1" type="stmt"/>
        <line num="79" count="1" type="stmt"/>
        <line num="88" count="3" type="stmt"/>
        <line num="91" count="11" type="stmt"/>
        <line num="92" count="1" type="stmt"/>
        <line num="93" count="1" type="stmt"/>
        <line num="95" count="1" type="stmt"/>
        <line num="106" count="1" type="stmt"/>
        <line num="109" count="1" type="stmt"/>
        <line num="118" count="11" type="stmt"/>
      </file>
    </package>
    <package name="src.modules.patients">
      <metrics statements="137" coveredstatements="132" conditionals="72" coveredconditionals="46" methods="21" coveredmethods="21"/>
      <file name="patient.controller.ts" path="C:\Users\USER\OneDrive\Desktop\IIUC DOC\6TH SEM\FINAL\SD2\HealthCare\src\modules\patients\patient.controller.ts">
        <metrics statements="37" coveredstatements="37" conditionals="4" coveredconditionals="2" methods="10" coveredmethods="10"/>
        <line num="7" count="11" type="stmt"/>
        <line num="9" count="1" type="stmt"/>
        <line num="11" count="1" type="stmt"/>
        <line num="17" count="1" type="stmt"/>
        <line num="31" count="11" type="stmt"/>
        <line num="33" count="3" type="stmt"/>
        <line num="34" count="3" type="stmt"/>
        <line num="40" count="2" type="stmt"/>
        <line num="49" count="11" type="stmt"/>
        <line num="51" count="2" type="stmt"/>
        <line num="52" count="2" type="stmt"/>
        <line num="59" count="2" type="stmt"/>
        <line num="68" count="11" type="stmt"/>
        <line num="70" count="1" type="stmt"/>
        <line num="72" count="1" type="stmt"/>
        <line num="78" count="1" type="stmt"/>
        <line num="87" count="11" type="stmt"/>
        <line num="89" count="2" type="stmt"/>
        <line num="91" count="1" type="stmt"/>
        <line num="100" count="11" type="stmt"/>
        <line num="102" count="1" type="stmt"/>
        <line num="104" count="1" type="stmt"/>
        <line num="113" count="11" type="stmt"/>
        <line num="115" count="1" type="stmt"/>
        <line num="117" count="1" type="stmt"/>
        <line num="126" count="11" type="stmt"/>
        <line num="128" count="2" type="stmt"/>
        <line num="130" count="1" type="stmt"/>
        <line num="139" count="11" type="stmt"/>
        <line num="141" count="3" type="stmt"/>
        <line num="142" count="3" type="stmt"/>
        <line num="144" count="1" type="stmt"/>
        <line num="153" count="11" type="stmt"/>
        <line num="155" count="2" type="stmt"/>
        <line num="156" count="2" type="stmt"/>
        <line num="158" count="1" type="stmt"/>
        <line num="167" count="11" type="stmt"/>
      </file>
      <file name="patient.route.ts" path="C:\Users\USER\OneDrive\Desktop\IIUC DOC\6TH SEM\FINAL\SD2\HealthCare\src\modules\patients\patient.route.ts">
        <metrics statements="12" coveredstatements="12" conditionals="0" coveredconditionals="0" methods="0" coveredmethods="0"/>
        <line num="6" count="11" type="stmt"/>
        <line num="8" count="11" type="stmt"/>
        <line num="15" count="11" type="stmt"/>
        <line num="22" count="11" type="stmt"/>
        <line num="29" count="11" type="stmt"/>
        <line num="36" count="11" type="stmt"/>
        <line num="43" count="11" type="stmt"/>
        <line num="50" count="11" type="stmt"/>
        <line num="57" count="11" type="stmt"/>
        <line num="64" count="11" type="stmt"/>
        <line num="71" count="11" type="stmt"/>
        <line num="78" count="11" type="stmt"/>
      </file>
      <file name="patient.service.ts" path="C:\Users\USER\OneDrive\Desktop\IIUC DOC\6TH SEM\FINAL\SD2\HealthCare\src\modules\patients\patient.service.ts">
        <metrics statements="88" coveredstatements="83" conditionals="68" coveredconditionals="44" methods="11" coveredmethods="11"/>
        <line num="10" count="11" type="stmt"/>
        <line num="11" count="1" type="cond" truecount="0" falsecount="2"/>
        <line num="13" count="1" type="stmt"/>
        <line num="15" count="1" type="cond" truecount="1" falsecount="1"/>
        <line num="16" count="0" type="stmt"/>
        <line num="21" count="1" type="stmt"/>
        <line num="23" count="1" type="stmt"/>
        <line num="41" count="1" type="stmt"/>
        <line num="44" count="11" type="stmt"/>
        <line num="49" count="3" type="stmt"/>
        <line num="65" count="3" type="cond" truecount="1" falsecount="1"/>
        <line num="67" count="3" type="cond" truecount="3" falsecount="1"/>
        <line num="68" count="0" type="stmt"/>
        <line num="71" count="3" type="cond" truecount="2" falsecount="0"/>
        <line num="72" count="2" type="stmt"/>
        <line num="79" count="2" type="cond" truecount="2" falsecount="0"/>
        <line num="82" count="2" type="stmt"/>
        <line num="85" count="11" type="stmt"/>
        <line num="91" count="2" type="stmt"/>
        <line num="94" count="2" type="cond" truecount="1" falsecount="1"/>
        <line num="96" count="2" type="cond" truecount="3" falsecount="1"/>
        <line num="97" count="0" type="stmt"/>
        <line num="100" count="2" type="stmt"/>
        <line num="102" count="2" type="cond" truecount="1" falsecount="1"/>
        <line num="104" count="2" type="cond" truecount="2" falsecount="0"/>
        <line num="105" count="1" type="cond" truecount="1" falsecount="1"/>
        <line num="106" count="1" type="cond" truecount="1" falsecount="1"/>
        <line num="107" count="1" type="cond" truecount="1" falsecount="1"/>
        <line num="110" count="2" type="stmt"/>
        <line num="123" count="2" type="stmt"/>
        <line num="126" count="11" type="stmt"/>
        <line num="131" count="1" type="stmt"/>
        <line num="133" count="1" type="cond" truecount="1" falsecount="1"/>
        <line num="134" count="1" type="stmt"/>
        <line num="139" count="1" type="stmt"/>
        <line num="142" count="1" type="stmt"/>
        <line num="144" count="1" type="cond" truecount="1" falsecount="1"/>
        <line num="145" count="1" type="stmt"/>
        <line num="148" count="1" type="cond" truecount="1" falsecount="1"/>
        <line num="149" count="0" type="stmt"/>
        <line num="162" count="1" type="cond" truecount="1" falsecount="1"/>
        <line num="163" count="0" type="stmt"/>
        <line num="172" count="1" type="cond" truecount="1" falsecount="1"/>
        <line num="173" count="1" type="stmt"/>
        <line num="176" count="1" type="stmt"/>
        <line num="189" count="1" type="stmt"/>
        <line num="192" count="11" type="stmt"/>
        <line num="193" count="2" type="stmt"/>
        <line num="205" count="2" type="cond" truecount="2" falsecount="0"/>
        <line num="206" count="1" type="stmt"/>
        <line num="209" count="11" type="stmt"/>
        <line num="210" count="1" type="stmt"/>
        <line num="211" count="1" type="cond" truecount="1" falsecount="1"/>
        <line num="213" count="1" type="stmt"/>
        <line num="214" count="1" type="cond" truecount="1" falsecount="1"/>
        <line num="215" count="1" type="cond" truecount="1" falsecount="1"/>
        <line num="216" count="1" type="cond" truecount="1" falsecount="1"/>
        <line num="217" count="1" type="cond" truecount="1" falsecount="1"/>
        <line num="219" count="1" type="stmt"/>
        <line num="232" count="1" type="stmt"/>
        <line num="235" count="11" type="stmt"/>
        <line num="236" count="1" type="stmt"/>
        <line num="238" count="1" type="stmt"/>
        <line num="246" count="1" type="stmt"/>
        <line num="249" count="11" type="stmt"/>
        <line num="250" count="2" type="stmt"/>
        <line num="252" count="2" type="stmt"/>
        <line num="260" count="2" type="cond" truecount="2" falsecount="0"/>
        <line num="262" count="1" type="stmt"/>
        <line num="274" count="1" type="stmt"/>
        <line num="277" count="11" type="stmt"/>
        <line num="282" count="3" type="stmt"/>
        <line num="285" count="3" type="cond" truecount="2" falsecount="0"/>
        <line num="286" count="2" type="cond" truecount="1" falsecount="1"/>
        <line num="288" count="2" type="stmt"/>
        <line num="290" count="2" type="stmt"/>
        <line num="299" count="2" type="cond" truecount="2" falsecount="0"/>
        <line num="301" count="1" type="stmt"/>
        <line num="309" count="1" type="stmt"/>
        <line num="312" count="11" type="stmt"/>
        <line num="313" count="2" type="stmt"/>
        <line num="316" count="2" type="cond" truecount="1" falsecount="1"/>
        <line num="317" count="2" type="cond" truecount="1" falsecount="1"/>
        <line num="319" count="2" type="cond" truecount="4" falsecount="0"/>
        <line num="320" count="1" type="stmt"/>
        <line num="323" count="1" type="stmt"/>
        <line num="331" count="1" type="stmt"/>
        <line num="334" count="11" type="stmt"/>
      </file>
    </package>
    <package name="src.modules.prescriptions">
      <metrics statements="36" coveredstatements="36" conditionals="14" coveredconditionals="12" methods="6" coveredmethods="6"/>
      <file name="prescription.controller.ts" path="C:\Users\USER\OneDrive\Desktop\IIUC DOC\6TH SEM\FINAL\SD2\HealthCare\src\modules\prescriptions\prescription.controller.ts">
        <metrics statements="11" coveredstatements="11" conditionals="0" coveredconditionals="0" methods="3" coveredmethods="3"/>
        <line num="7" count="11" type="stmt"/>
        <line num="9" count="1" type="stmt"/>
        <line num="11" count="1" type="stmt"/>
        <line num="20" count="11" type="stmt"/>
        <line num="22" count="4" type="stmt"/>
        <line num="24" count="1" type="stmt"/>
        <line num="33" count="11" type="stmt"/>
        <line num="35" count="3" type="stmt"/>
        <line num="36" count="3" type="stmt"/>
        <line num="38" count="1" type="stmt"/>
        <line num="47" count="11" type="stmt"/>
      </file>
      <file name="prescription.routes.ts" path="C:\Users\USER\OneDrive\Desktop\IIUC DOC\6TH SEM\FINAL\SD2\HealthCare\src\modules\prescriptions\prescription.routes.ts">
        <metrics statements="5" coveredstatements="5" conditionals="0" coveredconditionals="0" methods="0" coveredmethods="0"/>
        <line num="6" count="11" type="stmt"/>
        <line num="8" count="11" type="stmt"/>
        <line num="9" count="11" type="stmt"/>
        <line num="10" count="11" type="stmt"/>
        <line num="12" count="11" type="stmt"/>
      </file>
      <file name="prescription.service.ts" path="C:\Users\USER\OneDrive\Desktop\IIUC DOC\6TH SEM\FINAL\SD2\HealthCare\src\modules\prescriptions\prescription.service.ts">
        <metrics statements="20" coveredstatements="20" conditionals="14" coveredconditionals="12" methods="3" coveredmethods="3"/>
        <line num="4" count="11" type="stmt"/>
        <line num="5" count="1" type="stmt"/>
        <line num="14" count="1" type="stmt"/>
        <line num="17" count="11" type="stmt"/>
        <line num="18" count="4" type="stmt"/>
        <line num="19" count="4" type="cond" truecount="2" falsecount="0"/>
        <line num="21" count="3" type="stmt"/>
        <line num="22" count="3" type="cond" truecount="2" falsecount="0"/>
        <line num="24" count="2" type="cond" truecount="1" falsecount="1"/>
        <line num="25" count="2" type="stmt"/>
        <line num="28" count="2" type="cond" truecount="2" falsecount="0"/>
        <line num="31" count="1" type="stmt"/>
        <line num="48" count="1" type="stmt"/>
        <line num="51" count="11" type="stmt"/>
        <line num="52" count="3" type="stmt"/>
        <line num="56" count="3" type="cond" truecount="2" falsecount="0"/>
        <line num="57" count="2" type="cond" truecount="2" falsecount="0"/>
        <line num="58" count="1" type="stmt"/>
        <line num="61" count="1" type="stmt"/>
        <line num="69" count="11" type="stmt"/>
      </file>
    </package>
    <package name="src.modules.receptionist">
      <metrics statements="58" coveredstatements="58" conditionals="26" coveredconditionals="22" methods="8" coveredmethods="8"/>
      <file name="receptionist.controller.ts" path="C:\Users\USER\OneDrive\Desktop\IIUC DOC\6TH SEM\FINAL\SD2\HealthCare\src\modules\receptionist\receptionist.controller.ts">
        <metrics statements="17" coveredstatements="17" conditionals="4" coveredconditionals="4" methods="4" coveredmethods="4"/>
        <line num="7" count="11" type="stmt"/>
        <line num="9" count="2" type="stmt"/>
        <line num="11" count="2" type="stmt"/>
        <line num="19" count="2" type="stmt"/>
        <line num="33" count="11" type="stmt"/>
        <line num="35" count="2" type="stmt"/>
        <line num="36" count="2" type="stmt"/>
        <line num="38" count="1" type="stmt"/>
        <line num="47" count="11" type="stmt"/>
        <line num="49" count="2" type="stmt"/>
        <line num="50" count="2" type="stmt"/>
        <line num="52" count="1" type="stmt"/>
        <line num="61" count="11" type="stmt"/>
        <line num="63" count="2" type="stmt"/>
        <line num="64" count="2" type="stmt"/>
        <line num="66" count="1" type="stmt"/>
        <line num="75" count="11" type="stmt"/>
      </file>
      <file name="receptionist.routes.ts" path="C:\Users\USER\OneDrive\Desktop\IIUC DOC\6TH SEM\FINAL\SD2\HealthCare\src\modules\receptionist\receptionist.routes.ts">
        <metrics statements="6" coveredstatements="6" conditionals="0" coveredconditionals="0" methods="0" coveredmethods="0"/>
        <line num="6" count="11" type="stmt"/>
        <line num="8" count="11" type="stmt"/>
        <line num="9" count="11" type="stmt"/>
        <line num="10" count="11" type="stmt"/>
        <line num="11" count="11" type="stmt"/>
        <line num="13" count="11" type="stmt"/>
      </file>
      <file name="receptionist.service.ts" path="C:\Users\USER\OneDrive\Desktop\IIUC DOC\6TH SEM\FINAL\SD2\HealthCare\src\modules\receptionist\receptionist.service.ts">
        <metrics statements="35" coveredstatements="35" conditionals="22" coveredconditionals="18" methods="4" coveredmethods="4"/>
        <line num="5" count="11" type="stmt"/>
        <line num="6" count="2" type="cond" truecount="2" falsecount="0"/>
        <line num="7" count="2" type="stmt"/>
        <line num="9" count="2" type="cond" truecount="2" falsecount="0"/>
        <line num="10" count="2" type="cond" truecount="2" falsecount="0"/>
        <line num="11" count="2" type="cond" truecount="2" falsecount="0"/>
        <line num="12" count="1" type="stmt"/>
        <line num="13" count="1" type="stmt"/>
        <line num="14" count="1" type="stmt"/>
        <line num="15" count="1" type="stmt"/>
        <line num="16" count="1" type="stmt"/>
        <line num="19" count="2" type="stmt"/>
        <line num="21" count="2" type="stmt"/>
        <line num="35" count="2" type="stmt"/>
        <line num="38" count="11" type="stmt"/>
        <line num="39" count="2" type="stmt"/>
        <line num="42" count="2" type="cond" truecount="2" falsecount="0"/>
        <line num="44" count="1" type="stmt"/>
        <line num="45" count="1" type="cond" truecount="1" falsecount="1"/>
        <line num="46" count="1" type="cond" truecount="1" falsecount="1"/>
        <line num="48" count="1" type="stmt"/>
        <line num="57" count="1" type="stmt"/>
        <line num="60" count="11" type="stmt"/>
        <line num="61" count="2" type="stmt"/>
        <line num="64" count="2" type="cond" truecount="1" falsecount="1"/>
        <line num="65" count="2" type="cond" truecount="2" falsecount="0"/>
        <line num="67" count="1" type="stmt"/>
        <line num="76" count="1" type="stmt"/>
        <line num="79" count="11" type="stmt"/>
        <line num="80" count="2" type="stmt"/>
        <line num="83" count="2" type="cond" truecount="1" falsecount="1"/>
        <line num="84" count="2" type="cond" truecount="2" falsecount="0"/>
        <line num="86" count="1" type="stmt"/>
        <line num="95" count="1" type="stmt"/>
        <line num="98" count="11" type="stmt"/>
      </file>
    </package>
    <package name="src.modules.search">
      <metrics statements="37" coveredstatements="37" conditionals="12" coveredconditionals="8" methods="5" coveredmethods="5"/>
      <file name="search.controller.ts" path="C:\Users\USER\OneDrive\Desktop\IIUC DOC\6TH SEM\FINAL\SD2\HealthCare\src\modules\search\search.controller.ts">
        <metrics statements="9" coveredstatements="9" conditionals="0" coveredconditionals="0" methods="2" coveredmethods="2"/>
        <line num="7" count="11" type="stmt"/>
        <line num="9" count="2" type="stmt"/>
        <line num="10" count="2" type="stmt"/>
        <line num="12" count="2" type="stmt"/>
        <line num="21" count="11" type="stmt"/>
        <line num="23" count="2" type="stmt"/>
        <line num="25" count="2" type="stmt"/>
        <line num="31" count="2" type="stmt"/>
        <line num="40" count="11" type="stmt"/>
      </file>
      <file name="search.routes.ts" path="C:\Users\USER\OneDrive\Desktop\IIUC DOC\6TH SEM\FINAL\SD2\HealthCare\src\modules\search\search.routes.ts">
        <metrics statements="4" coveredstatements="4" conditionals="0" coveredconditionals="0" methods="0" coveredmethods="0"/>
        <line num="6" count="11" type="stmt"/>
        <line num="8" count="11" type="stmt"/>
        <line num="15" count="11" type="stmt"/>
        <line num="22" count="11" type="stmt"/>
      </file>
      <file name="search.service.ts" path="C:\Users\USER\OneDrive\Desktop\IIUC DOC\6TH SEM\FINAL\SD2\HealthCare\src\modules\search\search.service.ts">
        <metrics statements="24" coveredstatements="24" conditionals="12" coveredconditionals="8" methods="3" coveredmethods="3"/>
        <line num="3" count="11" type="stmt"/>
        <line num="4" count="2" type="cond" truecount="4" falsecount="0"/>
        <line num="5" count="1" type="stmt"/>
        <line num="8" count="1" type="stmt"/>
        <line num="10" count="1" type="stmt"/>
        <line num="62" count="1" type="stmt"/>
        <line num="63" count="1" type="stmt"/>
        <line num="64" count="2" type="cond" truecount="1" falsecount="1"/>
        <line num="65" count="2" type="stmt"/>
        <line num="66" count="2" type="stmt"/>
        <line num="69" count="1" type="stmt"/>
        <line num="72" count="11" type="stmt"/>
        <line num="77" count="2" type="stmt"/>
        <line num="79" count="2" type="cond" truecount="1" falsecount="1"/>
        <line num="80" count="2" type="cond" truecount="1" falsecount="1"/>
        <line num="81" count="2" type="cond" truecount="1" falsecount="1"/>
        <line num="82" count="2" type="stmt"/>
        <line num="83" count="2" type="stmt"/>
        <line num="84" count="2" type="stmt"/>
        <line num="85" count="2" type="stmt"/>
        <line num="86" count="2" type="stmt"/>
        <line num="89" count="2" type="stmt"/>
        <line num="98" count="2" type="stmt"/>
        <line num="101" count="11" type="stmt"/>
      </file>
    </package>
    <package name="src.routes">
      <metrics statements="12" coveredstatements="12" conditionals="0" coveredconditionals="0" methods="0" coveredmethods="0"/>
      <file name="index.ts" path="C:\Users\USER\OneDrive\Desktop\IIUC DOC\6TH SEM\FINAL\SD2\HealthCare\src\routes\index.ts">
        <metrics statements="12" coveredstatements="12" conditionals="0" coveredconditionals="0" methods="0" coveredmethods="0"/>
        <line num="14" count="11" type="stmt"/>
        <line num="16" count="11" type="stmt"/>
        <line num="17" count="11" type="stmt"/>
        <line num="18" count="11" type="stmt"/>
        <line num="19" count="11" type="stmt"/>
        <line num="20" count="11" type="stmt"/>
        <line num="21" count="11" type="stmt"/>
        <line num="22" count="11" type="stmt"/>
        <line num="23" count="11" type="stmt"/>
        <line num="24" count="11" type="stmt"/>
        <line num="25" count="11" type="stmt"/>
        <line num="26" count="11" type="stmt"/>
      </file>
    </package>
    <package name="src.shared.constants">
      <metrics statements="3" coveredstatements="3" conditionals="0" coveredconditionals="0" methods="0" coveredmethods="0"/>
      <file name="index.ts" path="C:\Users\USER\OneDrive\Desktop\IIUC DOC\6TH SEM\FINAL\SD2\HealthCare\src\shared\constants\index.ts">
        <metrics statements="3" coveredstatements="3" conditionals="0" coveredconditionals="0" methods="0" coveredmethods="0"/>
        <line num="1" count="1" type="stmt"/>
        <line num="10" count="1" type="stmt"/>
        <line num="19" count="1" type="stmt"/>
      </file>
    </package>
    <package name="src.shared.errors">
      <metrics statements="13" coveredstatements="13" conditionals="5" coveredconditionals="5" methods="6" coveredmethods="6"/>
      <file name="index.ts" path="C:\Users\USER\OneDrive\Desktop\IIUC DOC\6TH SEM\FINAL\SD2\HealthCare\src\shared\errors\index.ts">
        <metrics statements="13" coveredstatements="13" conditionals="5" coveredconditionals="5" methods="6" coveredmethods="6"/>
        <line num="7" count="22" type="stmt"/>
        <line num="8" count="22" type="stmt"/>
        <line num="9" count="22" type="stmt"/>
        <line num="15" count="5" type="stmt"/>
        <line num="16" count="5" type="stmt"/>
        <line num="22" count="5" type="stmt"/>
        <line num="23" count="5" type="stmt"/>
        <line num="29" count="3" type="stmt"/>
        <line num="30" count="3" type="stmt"/>
        <line num="36" count="3" type="stmt"/>
        <line num="37" count="3" type="stmt"/>
        <line num="43" count="3" type="stmt"/>
        <line num="44" count="3" type="stmt"/>
      </file>
    </package>
    <package name="src.shared.utils">
      <metrics statements="15" coveredstatements="15" conditionals="0" coveredconditionals="0" methods="5" coveredmethods="5"/>
      <file name="apiResponse.ts" path="C:\Users\USER\OneDrive\Desktop\IIUC DOC\6TH SEM\FINAL\SD2\HealthCare\src\shared\utils\apiResponse.ts">
        <metrics statements="2" coveredstatements="2" conditionals="0" coveredconditionals="0" methods="1" coveredmethods="1"/>
        <line num="17" count="13" type="stmt"/>
        <line num="18" count="77" type="stmt"/>
      </file>
      <file name="asyncHandler.ts" path="C:\Users\USER\OneDrive\Desktop\IIUC DOC\6TH SEM\FINAL\SD2\HealthCare\src\shared\utils\asyncHandler.ts">
        <metrics statements="5" coveredstatements="5" conditionals="0" coveredconditionals="0" methods="2" coveredmethods="2"/>
        <line num="3" count="14" type="stmt"/>
        <line num="4" count="604" type="stmt"/>
        <line num="5" count="246" type="stmt"/>
        <line num="6" count="246" type="stmt"/>
        <line num="8" count="57" type="stmt"/>
      </file>
      <file name="jwt.utils.ts" path="C:\Users\USER\OneDrive\Desktop\IIUC DOC\6TH SEM\FINAL\SD2\HealthCare\src\shared\utils\jwt.utils.ts">
        <metrics statements="8" coveredstatements="8" conditionals="0" coveredconditionals="0" methods="2" coveredmethods="2"/>
        <line num="3" count="13" type="stmt"/>
        <line num="4" count="116" type="stmt"/>
        <line num="5" count="116" type="stmt"/>
        <line num="6" count="111" type="stmt"/>
        <line num="8" count="5" type="stmt"/>
        <line num="12" count="13" type="stmt"/>
        <line num="13" count="5" type="stmt"/>
        <line num="16" count="13" type="stmt"/>
      </file>
    </package>
  </project>
</coverage>
