{"C:\\Users\\USER\\OneDrive\\Desktop\\IIUC DOC\\6TH SEM\\FINAL\\SD2\\HealthCare\\src\\app.ts": {"path":"C:\\Users\\USER\\OneDrive\\Desktop\\IIUC DOC\\6TH SEM\\FINAL\\SD2\\HealthCare\\src\\app.ts","statementMap":{"0":{"start":{"line":8,"column":25},"end":{"line":8,"column":34}},"1":{"start":{"line":10,"column":0},"end":{"line":10,"column":24}},"2":{"start":{"line":11,"column":0},"end":{"line":11,"column":48}},"3":{"start":{"line":12,"column":0},"end":{"line":12,"column":24}},"4":{"start":{"line":14,"column":0},"end":{"line":19,"column":2}},"5":{"start":{"line":21,"column":0},"end":{"line":23,"column":3}},"6":{"start":{"line":22,"column":2},"end":{"line":22,"column":28}},"7":{"start":{"line":24,"column":0},"end":{"line":24,"column":24}},"8":{"start":{"line":26,"column":0},"end":{"line":26,"column":22}}},"fnMap":{"0":{"name":"(anonymous_0)","decl":{"start":{"line":21,"column":13},"end":{"line":21,"column":14}},"loc":{"start":{"line":21,"column":45},"end":{"line":23,"column":1}}}},"branchMap":{},"s":{"0":11,"1":11,"2":11,"3":11,"4":11,"5":11,"6":0,"7":11,"8":11},"f":{"0":0},"b":{}}
,"C:\\Users\\USER\\OneDrive\\Desktop\\IIUC DOC\\6TH SEM\\FINAL\\SD2\\HealthCare\\src\\config\\env.ts": {"path":"C:\\Users\\USER\\OneDrive\\Desktop\\IIUC DOC\\6TH SEM\\FINAL\\SD2\\HealthCare\\src\\config\\env.ts","statementMap":{"0":{"start":{"line":4,"column":0},"end":{"line":4,"column":58}},"1":{"start":{"line":6,"column":15},"end":{"line":12,"column":1}},"2":{"start":{"line":7,"column":16},"end":{"line":7,"column":44}},"3":{"start":{"line":8,"column":2},"end":{"line":10,"column":3}},"4":{"start":{"line":9,"column":4},"end":{"line":9,"column":69}},"5":{"start":{"line":11,"column":2},"end":{"line":11,"column":15}}},"fnMap":{"0":{"name":"(anonymous_0)","decl":{"start":{"line":6,"column":15},"end":{"line":6,"column":16}},"loc":{"start":{"line":6,"column":58},"end":{"line":12,"column":1}}}},"branchMap":{"0":{"loc":{"start":{"line":7,"column":16},"end":{"line":7,"column":44}},"type":"binary-expr","locations":[{"start":{"line":7,"column":16},"end":{"line":7,"column":32}},{"start":{"line":7,"column":36},"end":{"line":7,"column":44}}]},"1":{"loc":{"start":{"line":8,"column":2},"end":{"line":10,"column":3}},"type":"if","locations":[{"start":{"line":8,"column":2},"end":{"line":10,"column":3}},{"start":{},"end":{}}]}},"s":{"0":12,"1":12,"2":96,"3":96,"4":0,"5":96},"f":{"0":96},"b":{"0":[96,0],"1":[0,96]}}
,"C:\\Users\\USER\\OneDrive\\Desktop\\IIUC DOC\\6TH SEM\\FINAL\\SD2\\HealthCare\\src\\config\\prisma.ts": {"path":"C:\\Users\\USER\\OneDrive\\Desktop\\IIUC DOC\\6TH SEM\\FINAL\\SD2\\HealthCare\\src\\config\\prisma.ts","statementMap":{"0":{"start":{"line":5,"column":25},"end":{"line":5,"column":44}},"1":{"start":{"line":7,"column":16},"end":{"line":7,"column":50}},"2":{"start":{"line":8,"column":15},"end":{"line":8,"column":44}}},"fnMap":{},"branchMap":{},"s":{"0":0,"1":0,"2":0},"f":{},"b":{}}
,"C:\\Users\\USER\\OneDrive\\Desktop\\IIUC DOC\\6TH SEM\\FINAL\\SD2\\HealthCare\\src\\middleware\\auth.middleware.ts": {"path":"C:\\Users\\USER\\OneDrive\\Desktop\\IIUC DOC\\6TH SEM\\FINAL\\SD2\\HealthCare\\src\\middleware\\auth.middleware.ts","statementMap":{"0":{"start":{"line":7,"column":13},"end":{"line":26,"column":2}},"1":{"start":{"line":8,"column":16},"end":{"line":12,"column":33}},"2":{"start":{"line":13,"column":2},"end":{"line":15,"column":3}},"3":{"start":{"line":14,"column":4},"end":{"line":14,"column":41}},"4":{"start":{"line":17,"column":24},"end":{"line":17,"column":77}},"5":{"start":{"line":19,"column":2},"end":{"line":21,"column":3}},"6":{"start":{"line":20,"column":4},"end":{"line":20,"column":43}},"7":{"start":{"line":22,"column":30},"end":{"line":22,"column":62}},"8":{"start":{"line":24,"column":2},"end":{"line":24,"column":33}},"9":{"start":{"line":25,"column":2},"end":{"line":25,"column":9}}},"fnMap":{"0":{"name":"(anonymous_0)","decl":{"start":{"line":7,"column":24},"end":{"line":7,"column":29}},"loc":{"start":{"line":7,"column":82},"end":{"line":26,"column":1}}}},"branchMap":{"0":{"loc":{"start":{"line":8,"column":16},"end":{"line":12,"column":33}},"type":"cond-expr","locations":[{"start":{"line":9,"column":6},"end":{"line":9,"column":29}},{"start":{"line":10,"column":6},"end":{"line":12,"column":33}}]},"1":{"loc":{"start":{"line":10,"column":6},"end":{"line":12,"column":33}},"type":"cond-expr","locations":[{"start":{"line":11,"column":8},"end":{"line":11,"column":47}},{"start":{"line":12,"column":8},"end":{"line":12,"column":33}}]},"2":{"loc":{"start":{"line":13,"column":2},"end":{"line":15,"column":3}},"type":"if","locations":[{"start":{"line":13,"column":2},"end":{"line":15,"column":3}},{"start":{},"end":{}}]},"3":{"loc":{"start":{"line":19,"column":2},"end":{"line":21,"column":3}},"type":"if","locations":[{"start":{"line":19,"column":2},"end":{"line":21,"column":3}},{"start":{},"end":{}}]}},"s":{"0":13,"1":117,"2":117,"3":2,"4":115,"5":115,"6":2,"7":113,"8":113,"9":113},"f":{"0":117},"b":{"0":[3,114],"1":[111,3],"2":[2,115],"3":[2,113]}}
,"C:\\Users\\USER\\OneDrive\\Desktop\\IIUC DOC\\6TH SEM\\FINAL\\SD2\\HealthCare\\src\\middleware\\error.middleware.ts": {"path":"C:\\Users\\USER\\OneDrive\\Desktop\\IIUC DOC\\6TH SEM\\FINAL\\SD2\\HealthCare\\src\\middleware\\error.middleware.ts","statementMap":{"0":{"start":{"line":5,"column":26},"end":{"line":28,"column":1}},"1":{"start":{"line":6,"column":2},"end":{"line":27,"column":3}},"2":{"start":{"line":8,"column":6},"end":{"line":11,"column":8}},"3":{"start":{"line":13,"column":6},"end":{"line":16,"column":8}},"4":{"start":{"line":18,"column":6},"end":{"line":21,"column":8}},"5":{"start":{"line":23,"column":6},"end":{"line":26,"column":8}},"6":{"start":{"line":30,"column":21},"end":{"line":59,"column":1}},"7":{"start":{"line":36,"column":19},"end":{"line":36,"column":51}},"8":{"start":{"line":37,"column":16},"end":{"line":37,"column":39}},"9":{"start":{"line":39,"column":2},"end":{"line":52,"column":3}},"10":{"start":{"line":40,"column":24},"end":{"line":40,"column":46}},"11":{"start":{"line":41,"column":4},"end":{"line":41,"column":40}},"12":{"start":{"line":42,"column":4},"end":{"line":42,"column":34}},"13":{"start":{"line":43,"column":9},"end":{"line":52,"column":3}},"14":{"start":{"line":44,"column":4},"end":{"line":44,"column":40}},"15":{"start":{"line":45,"column":4},"end":{"line":45,"column":38}},"16":{"start":{"line":46,"column":9},"end":{"line":52,"column":3}},"17":{"start":{"line":47,"column":4},"end":{"line":47,"column":26}},"18":{"start":{"line":48,"column":4},"end":{"line":48,"column":77}},"19":{"start":{"line":48,"column":44},"end":{"line":48,"column":77}},"20":{"start":{"line":49,"column":4},"end":{"line":49,"column":73}},"21":{"start":{"line":49,"column":39},"end":{"line":49,"column":73}},"22":{"start":{"line":50,"column":4},"end":{"line":51,"column":42}},"23":{"start":{"line":51,"column":6},"end":{"line":51,"column":42}},"24":{"start":{"line":54,"column":2},"end":{"line":58,"column":5}}},"fnMap":{"0":{"name":"(anonymous_0)","decl":{"start":{"line":5,"column":26},"end":{"line":5,"column":27}},"loc":{"start":{"line":5,"column":72},"end":{"line":28,"column":1}}},"1":{"name":"(anonymous_1)","decl":{"start":{"line":30,"column":21},"end":{"line":30,"column":null}},"loc":{"start":{"line":35,"column":4},"end":{"line":59,"column":1}}}},"branchMap":{"0":{"loc":{"start":{"line":6,"column":2},"end":{"line":27,"column":3}},"type":"switch","locations":[{"start":{"line":7,"column":4},"end":{"line":11,"column":8}},{"start":{"line":12,"column":4},"end":{"line":16,"column":8}},{"start":{"line":17,"column":4},"end":{"line":21,"column":8}},{"start":{"line":22,"column":4},"end":{"line":26,"column":8}}]},"1":{"loc":{"start":{"line":39,"column":2},"end":{"line":52,"column":3}},"type":"if","locations":[{"start":{"line":39,"column":2},"end":{"line":52,"column":3}},{"start":{"line":43,"column":9},"end":{"line":52,"column":3}}]},"2":{"loc":{"start":{"line":43,"column":9},"end":{"line":52,"column":3}},"type":"if","locations":[{"start":{"line":43,"column":9},"end":{"line":52,"column":3}},{"start":{"line":46,"column":9},"end":{"line":52,"column":3}}]},"3":{"loc":{"start":{"line":46,"column":9},"end":{"line":52,"column":3}},"type":"if","locations":[{"start":{"line":46,"column":9},"end":{"line":52,"column":3}},{"start":{},"end":{}}]},"4":{"loc":{"start":{"line":48,"column":4},"end":{"line":48,"column":77}},"type":"if","locations":[{"start":{"line":48,"column":4},"end":{"line":48,"column":77}},{"start":{},"end":{}}]},"5":{"loc":{"start":{"line":49,"column":4},"end":{"line":49,"column":73}},"type":"if","locations":[{"start":{"line":49,"column":4},"end":{"line":49,"column":73}},{"start":{},"end":{}}]},"6":{"loc":{"start":{"line":50,"column":4},"end":{"line":51,"column":42}},"type":"if","locations":[{"start":{"line":50,"column":4},"end":{"line":51,"column":42}},{"start":{},"end":{}}]},"7":{"loc":{"start":{"line":50,"column":8},"end":{"line":50,"column":67}},"type":"binary-expr","locations":[{"start":{"line":50,"column":8},"end":{"line":50,"column":35}},{"start":{"line":50,"column":39},"end":{"line":50,"column":67}}]}},"s":{"0":13,"1":4,"2":1,"3":1,"4":1,"5":1,"6":13,"7":60,"8":60,"9":60,"10":4,"11":4,"12":4,"13":56,"14":1,"15":1,"16":55,"17":53,"18":53,"19":7,"20":53,"21":21,"22":53,"23":7,"24":60},"f":{"0":4,"1":60},"b":{"0":[1,1,1,1],"1":[4,56],"2":[1,55],"3":[53,2],"4":[7,46],"5":[21,32],"6":[7,46],"7":[53,48]}}
,"C:\\Users\\USER\\OneDrive\\Desktop\\IIUC DOC\\6TH SEM\\FINAL\\SD2\\HealthCare\\src\\middleware\\role.middleware.ts": {"path":"C:\\Users\\USER\\OneDrive\\Desktop\\IIUC DOC\\6TH SEM\\FINAL\\SD2\\HealthCare\\src\\middleware\\role.middleware.ts","statementMap":{"0":{"start":{"line":4,"column":20},"end":{"line":24,"column":1}},"1":{"start":{"line":5,"column":2},"end":{"line":23,"column":4}},"2":{"start":{"line":6,"column":4},"end":{"line":12,"column":5}},"3":{"start":{"line":7,"column":6},"end":{"line":11,"column":9}},"4":{"start":{"line":14,"column":4},"end":{"line":20,"column":5}},"5":{"start":{"line":15,"column":6},"end":{"line":19,"column":9}},"6":{"start":{"line":22,"column":4},"end":{"line":22,"column":11}}},"fnMap":{"0":{"name":"(anonymous_0)","decl":{"start":{"line":4,"column":20},"end":{"line":4,"column":21}},"loc":{"start":{"line":4,"column":50},"end":{"line":24,"column":1}}},"1":{"name":"(anonymous_1)","decl":{"start":{"line":5,"column":9},"end":{"line":5,"column":10}},"loc":{"start":{"line":5,"column":61},"end":{"line":23,"column":3}}}},"branchMap":{"0":{"loc":{"start":{"line":6,"column":4},"end":{"line":12,"column":5}},"type":"if","locations":[{"start":{"line":6,"column":4},"end":{"line":12,"column":5}},{"start":{},"end":{}}]},"1":{"loc":{"start":{"line":14,"column":4},"end":{"line":20,"column":5}},"type":"if","locations":[{"start":{"line":14,"column":4},"end":{"line":20,"column":5}},{"start":{},"end":{}}]}},"s":{"0":13,"1":536,"2":114,"3":2,"4":112,"5":4,"6":108},"f":{"0":536,"1":114},"b":{"0":[2,112],"1":[4,108]}}
,"C:\\Users\\USER\\OneDrive\\Desktop\\IIUC DOC\\6TH SEM\\FINAL\\SD2\\HealthCare\\src\\modules\\admin\\admin.controller.ts": {"path":"C:\\Users\\USER\\OneDrive\\Desktop\\IIUC DOC\\6TH SEM\\FINAL\\SD2\\HealthCare\\src\\modules\\admin\\admin.controller.ts","statementMap":{"0":{"start":{"line":7,"column":18},"end":{"line":24,"column":null}},"1":{"start":{"line":9,"column":42},"end":{"line":9,"column":51}},"2":{"start":{"line":10,"column":19},"end":{"line":15,"column":6}},"3":{"start":{"line":17,"column":4},"end":{"line":23,"column":7}},"4":{"start":{"line":27,"column":19},"end":{"line":38,"column":null}},"5":{"start":{"line":29,"column":17},"end":{"line":29,"column":45}},"6":{"start":{"line":30,"column":17},"end":{"line":30,"column":69}},"7":{"start":{"line":32,"column":4},"end":{"line":37,"column":7}},"8":{"start":{"line":41,"column":19},"end":{"line":53,"column":null}},"9":{"start":{"line":43,"column":17},"end":{"line":43,"column":45}},"10":{"start":{"line":44,"column":15},"end":{"line":44,"column":41}},"11":{"start":{"line":45,"column":17},"end":{"line":45,"column":73}},"12":{"start":{"line":47,"column":4},"end":{"line":52,"column":7}},"13":{"start":{"line":56,"column":19},"end":{"line":68,"column":null}},"14":{"start":{"line":58,"column":17},"end":{"line":58,"column":45}},"15":{"start":{"line":59,"column":15},"end":{"line":59,"column":41}},"16":{"start":{"line":60,"column":4},"end":{"line":60,"column":51}},"17":{"start":{"line":62,"column":4},"end":{"line":67,"column":7}},"18":{"start":{"line":71,"column":30},"end":{"line":81,"column":null}},"19":{"start":{"line":73,"column":17},"end":{"line":73,"column":59}},"20":{"start":{"line":75,"column":4},"end":{"line":80,"column":7}},"21":{"start":{"line":84,"column":27},"end":{"line":94,"column":null}},"22":{"start":{"line":86,"column":17},"end":{"line":86,"column":56}},"23":{"start":{"line":88,"column":4},"end":{"line":93,"column":7}},"24":{"start":{"line":97,"column":30},"end":{"line":107,"column":null}},"25":{"start":{"line":99,"column":17},"end":{"line":99,"column":59}},"26":{"start":{"line":101,"column":4},"end":{"line":106,"column":7}},"27":{"start":{"line":110,"column":31},"end":{"line":118,"column":2}}},"fnMap":{"0":{"name":"(anonymous_0)","decl":{"start":{"line":8,"column":2},"end":{"line":8,"column":7}},"loc":{"start":{"line":8,"column":60},"end":{"line":24,"column":3}}},"1":{"name":"(anonymous_1)","decl":{"start":{"line":28,"column":2},"end":{"line":28,"column":7}},"loc":{"start":{"line":28,"column":60},"end":{"line":38,"column":3}}},"2":{"name":"(anonymous_2)","decl":{"start":{"line":42,"column":2},"end":{"line":42,"column":7}},"loc":{"start":{"line":42,"column":60},"end":{"line":53,"column":3}}},"3":{"name":"(anonymous_3)","decl":{"start":{"line":57,"column":2},"end":{"line":57,"column":7}},"loc":{"start":{"line":57,"column":60},"end":{"line":68,"column":3}}},"4":{"name":"(anonymous_4)","decl":{"start":{"line":72,"column":2},"end":{"line":72,"column":7}},"loc":{"start":{"line":72,"column":60},"end":{"line":81,"column":3}}},"5":{"name":"(anonymous_5)","decl":{"start":{"line":85,"column":2},"end":{"line":85,"column":7}},"loc":{"start":{"line":85,"column":60},"end":{"line":94,"column":3}}},"6":{"name":"(anonymous_6)","decl":{"start":{"line":98,"column":2},"end":{"line":98,"column":7}},"loc":{"start":{"line":98,"column":60},"end":{"line":107,"column":3}}}},"branchMap":{"0":{"loc":{"start":{"line":13,"column":12},"end":{"line":13,"column":43}},"type":"cond-expr","locations":[{"start":{"line":13,"column":19},"end":{"line":13,"column":31}},{"start":{"line":13,"column":34},"end":{"line":13,"column":43}}]},"1":{"loc":{"start":{"line":14,"column":13},"end":{"line":14,"column":46}},"type":"cond-expr","locations":[{"start":{"line":14,"column":21},"end":{"line":14,"column":34}},{"start":{"line":14,"column":37},"end":{"line":14,"column":46}}]}},"s":{"0":11,"1":1,"2":1,"3":1,"4":11,"5":4,"6":4,"7":3,"8":11,"9":6,"10":6,"11":6,"12":3,"13":11,"14":6,"15":6,"16":6,"17":3,"18":11,"19":1,"20":1,"21":11,"22":1,"23":1,"24":11,"25":1,"26":1,"27":11},"f":{"0":1,"1":4,"2":6,"3":6,"4":1,"5":1,"6":1},"b":{"0":[0,1],"1":[0,1]}}
,"C:\\Users\\USER\\OneDrive\\Desktop\\IIUC DOC\\6TH SEM\\FINAL\\SD2\\HealthCare\\src\\modules\\admin\\admin.routes.ts": {"path":"C:\\Users\\USER\\OneDrive\\Desktop\\IIUC DOC\\6TH SEM\\FINAL\\SD2\\HealthCare\\src\\modules\\admin\\admin.routes.ts","statementMap":{"0":{"start":{"line":6,"column":15},"end":{"line":6,"column":23}},"1":{"start":{"line":8,"column":0},"end":{"line":8,"column":76}},"2":{"start":{"line":9,"column":0},"end":{"line":9,"column":84}},"3":{"start":{"line":10,"column":0},"end":{"line":10,"column":87}},"4":{"start":{"line":11,"column":0},"end":{"line":11,"column":90}},"5":{"start":{"line":13,"column":0},"end":{"line":18,"column":2}},"6":{"start":{"line":19,"column":0},"end":{"line":24,"column":2}},"7":{"start":{"line":25,"column":0},"end":{"line":30,"column":2}},"8":{"start":{"line":32,"column":27},"end":{"line":32,"column":33}}},"fnMap":{},"branchMap":{},"s":{"0":11,"1":11,"2":11,"3":11,"4":11,"5":11,"6":11,"7":11,"8":11},"f":{},"b":{}}
,"C:\\Users\\USER\\OneDrive\\Desktop\\IIUC DOC\\6TH SEM\\FINAL\\SD2\\HealthCare\\src\\modules\\admin\\admin.service.ts": {"path":"C:\\Users\\USER\\OneDrive\\Desktop\\IIUC DOC\\6TH SEM\\FINAL\\SD2\\HealthCare\\src\\modules\\admin\\admin.service.ts","statementMap":{"0":{"start":{"line":11,"column":21},"end":{"line":12,"column":56}},"1":{"start":{"line":12,"column":2},"end":{"line":12,"column":56}},"2":{"start":{"line":14,"column":24},"end":{"line":22,"column":1}},"3":{"start":{"line":15,"column":18},"end":{"line":15,"column":71}},"4":{"start":{"line":16,"column":2},"end":{"line":16,"column":32}},"5":{"start":{"line":16,"column":15},"end":{"line":16,"column":32}},"6":{"start":{"line":17,"column":17},"end":{"line":17,"column":69}},"7":{"start":{"line":18,"column":2},"end":{"line":18,"column":30}},"8":{"start":{"line":18,"column":14},"end":{"line":18,"column":30}},"9":{"start":{"line":19,"column":23},"end":{"line":19,"column":81}},"10":{"start":{"line":20,"column":2},"end":{"line":20,"column":42}},"11":{"start":{"line":20,"column":20},"end":{"line":20,"column":42}},"12":{"start":{"line":21,"column":2},"end":{"line":21,"column":14}},"13":{"start":{"line":24,"column":18},"end":{"line":67,"column":1}},"14":{"start":{"line":25,"column":49},"end":{"line":25,"column":56}},"15":{"start":{"line":26,"column":15},"end":{"line":26,"column":33}},"16":{"start":{"line":28,"column":21},"end":{"line":30,"column":15}},"17":{"start":{"line":32,"column":19},"end":{"line":32,"column":40}},"18":{"start":{"line":34,"column":99},"end":{"line":34,"column":101}},"19":{"start":{"line":36,"column":2},"end":{"line":44,"column":3}},"20":{"start":{"line":37,"column":17},"end":{"line":42,"column":6}},"21":{"start":{"line":43,"column":4},"end":{"line":43,"column":64}},"22":{"start":{"line":43,"column":35},"end":{"line":43,"column":60}},"23":{"start":{"line":46,"column":2},"end":{"line":54,"column":3}},"24":{"start":{"line":47,"column":17},"end":{"line":52,"column":6}},"25":{"start":{"line":53,"column":4},"end":{"line":53,"column":63}},"26":{"start":{"line":53,"column":35},"end":{"line":53,"column":59}},"27":{"start":{"line":56,"column":2},"end":{"line":64,"column":3}},"28":{"start":{"line":57,"column":17},"end":{"line":62,"column":6}},"29":{"start":{"line":63,"column":4},"end":{"line":63,"column":69}},"30":{"start":{"line":63,"column":35},"end":{"line":63,"column":65}},"31":{"start":{"line":66,"column":2},"end":{"line":66,"column":53}},"32":{"start":{"line":69,"column":19},"end":{"line":106,"column":1}},"33":{"start":{"line":70,"column":19},"end":{"line":70,"column":55}},"34":{"start":{"line":71,"column":2},"end":{"line":71,"column":73}},"35":{"start":{"line":71,"column":16},"end":{"line":71,"column":73}},"36":{"start":{"line":73,"column":17},"end":{"line":73,"column":53}},"37":{"start":{"line":75,"column":2},"end":{"line":105,"column":3}},"38":{"start":{"line":77,"column":6},"end":{"line":86,"column":9}},"39":{"start":{"line":88,"column":6},"end":{"line":96,"column":9}},"40":{"start":{"line":98,"column":6},"end":{"line":104,"column":9}},"41":{"start":{"line":108,"column":19},"end":{"line":136,"column":1}},"42":{"start":{"line":109,"column":36},"end":{"line":109,"column":38}},"43":{"start":{"line":110,"column":2},"end":{"line":110,"column":45}},"44":{"start":{"line":110,"column":20},"end":{"line":110,"column":45}},"45":{"start":{"line":111,"column":2},"end":{"line":111,"column":48}},"46":{"start":{"line":111,"column":21},"end":{"line":111,"column":48}},"47":{"start":{"line":112,"column":2},"end":{"line":112,"column":77}},"48":{"start":{"line":112,"column":24},"end":{"line":112,"column":77}},"49":{"start":{"line":114,"column":2},"end":{"line":135,"column":3}},"50":{"start":{"line":116,"column":23},"end":{"line":116,"column":73}},"51":{"start":{"line":117,"column":6},"end":{"line":117,"column":58}},"52":{"start":{"line":117,"column":21},"end":{"line":117,"column":58}},"53":{"start":{"line":118,"column":6},"end":{"line":118,"column":55}},"54":{"start":{"line":118,"column":26},"end":{"line":118,"column":55}},"55":{"start":{"line":119,"column":6},"end":{"line":119,"column":80}},"56":{"start":{"line":119,"column":31},"end":{"line":119,"column":80}},"57":{"start":{"line":120,"column":6},"end":{"line":120,"column":52}},"58":{"start":{"line":120,"column":25},"end":{"line":120,"column":52}},"59":{"start":{"line":121,"column":6},"end":{"line":121,"column":60}},"60":{"start":{"line":124,"column":23},"end":{"line":124,"column":72}},"61":{"start":{"line":125,"column":6},"end":{"line":125,"column":57}},"62":{"start":{"line":125,"column":21},"end":{"line":125,"column":57}},"63":{"start":{"line":126,"column":6},"end":{"line":126,"column":55}},"64":{"start":{"line":126,"column":26},"end":{"line":126,"column":55}},"65":{"start":{"line":127,"column":6},"end":{"line":127,"column":64}},"66":{"start":{"line":127,"column":29},"end":{"line":127,"column":64}},"67":{"start":{"line":128,"column":6},"end":{"line":128,"column":59}},"68":{"start":{"line":131,"column":23},"end":{"line":131,"column":78}},"69":{"start":{"line":132,"column":6},"end":{"line":132,"column":63}},"70":{"start":{"line":132,"column":21},"end":{"line":132,"column":63}},"71":{"start":{"line":133,"column":6},"end":{"line":133,"column":65}},"72":{"start":{"line":138,"column":19},"end":{"line":156,"column":1}},"73":{"start":{"line":139,"column":2},"end":{"line":155,"column":3}},"74":{"start":{"line":141,"column":23},"end":{"line":141,"column":73}},"75":{"start":{"line":142,"column":6},"end":{"line":142,"column":58}},"76":{"start":{"line":142,"column":21},"end":{"line":142,"column":58}},"77":{"start":{"line":143,"column":6},"end":{"line":143,"column":54}},"78":{"start":{"line":146,"column":23},"end":{"line":146,"column":72}},"79":{"start":{"line":147,"column":6},"end":{"line":147,"column":57}},"80":{"start":{"line":147,"column":21},"end":{"line":147,"column":57}},"81":{"start":{"line":148,"column":6},"end":{"line":148,"column":53}},"82":{"start":{"line":151,"column":23},"end":{"line":151,"column":78}},"83":{"start":{"line":152,"column":6},"end":{"line":152,"column":63}},"84":{"start":{"line":152,"column":21},"end":{"line":152,"column":63}},"85":{"start":{"line":153,"column":6},"end":{"line":153,"column":59}},"86":{"start":{"line":158,"column":30},"end":{"line":170,"column":1}},"87":{"start":{"line":159,"column":19},"end":{"line":161,"column":4}},"88":{"start":{"line":163,"column":44},"end":{"line":163,"column":46}},"89":{"start":{"line":164,"column":2},"end":{"line":166,"column":3}},"90":{"start":{"line":165,"column":4},"end":{"line":165,"column":57}},"91":{"start":{"line":168,"column":16},"end":{"line":168,"column":31}},"92":{"start":{"line":169,"column":2},"end":{"line":169,"column":30}},"93":{"start":{"line":172,"column":27},"end":{"line":184,"column":1}},"94":{"start":{"line":173,"column":20},"end":{"line":178,"column":4}},"95":{"start":{"line":180,"column":2},"end":{"line":183,"column":6}},"96":{"start":{"line":180,"column":31},"end":{"line":183,"column":4}},"97":{"start":{"line":186,"column":30},"end":{"line":208,"column":1}},"98":{"start":{"line":187,"column":23},"end":{"line":190,"column":4}},"99":{"start":{"line":192,"column":90},"end":{"line":192,"column":92}},"100":{"start":{"line":194,"column":2},"end":{"line":200,"column":3}},"101":{"start":{"line":195,"column":16},"end":{"line":195,"column":53}},"102":{"start":{"line":196,"column":4},"end":{"line":196,"column":77}},"103":{"start":{"line":196,"column":22},"end":{"line":196,"column":77}},"104":{"start":{"line":197,"column":4},"end":{"line":197,"column":24}},"105":{"start":{"line":198,"column":4},"end":{"line":198,"column":58}},"106":{"start":{"line":198,"column":34},"end":{"line":198,"column":58}},"107":{"start":{"line":199,"column":4},"end":{"line":199,"column":58}},"108":{"start":{"line":199,"column":34},"end":{"line":199,"column":58}},"109":{"start":{"line":202,"column":17},"end":{"line":205,"column":5}},"110":{"start":{"line":202,"column":66},"end":{"line":205,"column":4}},"111":{"start":{"line":207,"column":2},"end":{"line":207,"column":20}},"112":{"start":{"line":210,"column":28},"end":{"line":218,"column":2}}},"fnMap":{"0":{"name":"(anonymous_0)","decl":{"start":{"line":11,"column":21},"end":{"line":11,"column":22}},"loc":{"start":{"line":12,"column":2},"end":{"line":12,"column":56}}},"1":{"name":"(anonymous_1)","decl":{"start":{"line":14,"column":24},"end":{"line":14,"column":29}},"loc":{"start":{"line":14,"column":48},"end":{"line":22,"column":1}}},"2":{"name":"(anonymous_2)","decl":{"start":{"line":24,"column":18},"end":{"line":24,"column":23}},"loc":{"start":{"line":24,"column":49},"end":{"line":67,"column":1}}},"3":{"name":"(anonymous_3)","decl":{"start":{"line":43,"column":27},"end":{"line":43,"column":28}},"loc":{"start":{"line":43,"column":35},"end":{"line":43,"column":60}}},"4":{"name":"(anonymous_4)","decl":{"start":{"line":53,"column":27},"end":{"line":53,"column":28}},"loc":{"start":{"line":53,"column":35},"end":{"line":53,"column":59}}},"5":{"name":"(anonymous_5)","decl":{"start":{"line":63,"column":27},"end":{"line":63,"column":28}},"loc":{"start":{"line":63,"column":35},"end":{"line":63,"column":65}}},"6":{"name":"(anonymous_6)","decl":{"start":{"line":69,"column":19},"end":{"line":69,"column":24}},"loc":{"start":{"line":69,"column":72},"end":{"line":106,"column":1}}},"7":{"name":"(anonymous_7)","decl":{"start":{"line":108,"column":19},"end":{"line":108,"column":24}},"loc":{"start":{"line":108,"column":84},"end":{"line":136,"column":1}}},"8":{"name":"(anonymous_8)","decl":{"start":{"line":138,"column":19},"end":{"line":138,"column":24}},"loc":{"start":{"line":138,"column":56},"end":{"line":156,"column":1}}},"9":{"name":"(anonymous_9)","decl":{"start":{"line":158,"column":30},"end":{"line":158,"column":35}},"loc":{"start":{"line":158,"column":41},"end":{"line":170,"column":1}}},"10":{"name":"(anonymous_10)","decl":{"start":{"line":172,"column":27},"end":{"line":172,"column":32}},"loc":{"start":{"line":172,"column":38},"end":{"line":184,"column":1}}},"11":{"name":"(anonymous_11)","decl":{"start":{"line":180,"column":23},"end":{"line":180,"column":24}},"loc":{"start":{"line":180,"column":31},"end":{"line":183,"column":4}}},"12":{"name":"(anonymous_12)","decl":{"start":{"line":186,"column":30},"end":{"line":186,"column":35}},"loc":{"start":{"line":186,"column":41},"end":{"line":208,"column":1}}},"13":{"name":"(anonymous_13)","decl":{"start":{"line":202,"column":44},"end":{"line":202,"column":45}},"loc":{"start":{"line":202,"column":66},"end":{"line":205,"column":4}}}},"branchMap":{"0":{"loc":{"start":{"line":16,"column":2},"end":{"line":16,"column":32}},"type":"if","locations":[{"start":{"line":16,"column":2},"end":{"line":16,"column":32}},{"start":{},"end":{}}]},"1":{"loc":{"start":{"line":18,"column":2},"end":{"line":18,"column":30}},"type":"if","locations":[{"start":{"line":18,"column":2},"end":{"line":18,"column":30}},{"start":{},"end":{}}]},"2":{"loc":{"start":{"line":20,"column":2},"end":{"line":20,"column":42}},"type":"if","locations":[{"start":{"line":20,"column":2},"end":{"line":20,"column":42}},{"start":{},"end":{}}]},"3":{"loc":{"start":{"line":25,"column":24},"end":{"line":25,"column":32}},"type":"default-arg","locations":[{"start":{"line":25,"column":31},"end":{"line":25,"column":32}}]},"4":{"loc":{"start":{"line":25,"column":34},"end":{"line":25,"column":44}},"type":"default-arg","locations":[{"start":{"line":25,"column":42},"end":{"line":25,"column":44}}]},"5":{"loc":{"start":{"line":28,"column":21},"end":{"line":30,"column":15}},"type":"cond-expr","locations":[{"start":{"line":29,"column":6},"end":{"line":29,"column":66}},{"start":{"line":30,"column":6},"end":{"line":30,"column":15}}]},"6":{"loc":{"start":{"line":36,"column":2},"end":{"line":44,"column":3}},"type":"if","locations":[{"start":{"line":36,"column":2},"end":{"line":44,"column":3}},{"start":{},"end":{}}]},"7":{"loc":{"start":{"line":36,"column":6},"end":{"line":36,"column":33}},"type":"binary-expr","locations":[{"start":{"line":36,"column":6},"end":{"line":36,"column":11}},{"start":{"line":36,"column":15},"end":{"line":36,"column":33}}]},"8":{"loc":{"start":{"line":38,"column":19},"end":{"line":38,"column":35}},"type":"binary-expr","locations":[{"start":{"line":38,"column":19},"end":{"line":38,"column":29}},{"start":{"line":38,"column":33},"end":{"line":38,"column":35}}]},"9":{"loc":{"start":{"line":46,"column":2},"end":{"line":54,"column":3}},"type":"if","locations":[{"start":{"line":46,"column":2},"end":{"line":54,"column":3}},{"start":{},"end":{}}]},"10":{"loc":{"start":{"line":46,"column":6},"end":{"line":46,"column":32}},"type":"binary-expr","locations":[{"start":{"line":46,"column":6},"end":{"line":46,"column":11}},{"start":{"line":46,"column":15},"end":{"line":46,"column":32}}]},"11":{"loc":{"start":{"line":48,"column":19},"end":{"line":48,"column":35}},"type":"binary-expr","locations":[{"start":{"line":48,"column":19},"end":{"line":48,"column":29}},{"start":{"line":48,"column":33},"end":{"line":48,"column":35}}]},"12":{"loc":{"start":{"line":56,"column":2},"end":{"line":64,"column":3}},"type":"if","locations":[{"start":{"line":56,"column":2},"end":{"line":64,"column":3}},{"start":{},"end":{}}]},"13":{"loc":{"start":{"line":56,"column":6},"end":{"line":56,"column":38}},"type":"binary-expr","locations":[{"start":{"line":56,"column":6},"end":{"line":56,"column":11}},{"start":{"line":56,"column":15},"end":{"line":56,"column":38}}]},"14":{"loc":{"start":{"line":58,"column":19},"end":{"line":58,"column":35}},"type":"binary-expr","locations":[{"start":{"line":58,"column":19},"end":{"line":58,"column":29}},{"start":{"line":58,"column":33},"end":{"line":58,"column":35}}]},"15":{"loc":{"start":{"line":71,"column":2},"end":{"line":71,"column":73}},"type":"if","locations":[{"start":{"line":71,"column":2},"end":{"line":71,"column":73}},{"start":{},"end":{}}]},"16":{"loc":{"start":{"line":75,"column":2},"end":{"line":105,"column":3}},"type":"switch","locations":[{"start":{"line":76,"column":4},"end":{"line":86,"column":9}},{"start":{"line":87,"column":4},"end":{"line":96,"column":9}},{"start":{"line":97,"column":4},"end":{"line":104,"column":9}}]},"17":{"loc":{"start":{"line":82,"column":18},"end":{"line":82,"column":43}},"type":"binary-expr","locations":[{"start":{"line":82,"column":18},"end":{"line":82,"column":32}},{"start":{"line":82,"column":36},"end":{"line":82,"column":43}}]},"18":{"loc":{"start":{"line":83,"column":23},"end":{"line":83,"column":87}},"type":"cond-expr","locations":[{"start":{"line":83,"column":45},"end":{"line":83,"column":74}},{"start":{"line":83,"column":77},"end":{"line":83,"column":87}}]},"19":{"loc":{"start":{"line":93,"column":18},"end":{"line":93,"column":43}},"type":"binary-expr","locations":[{"start":{"line":93,"column":18},"end":{"line":93,"column":32}},{"start":{"line":93,"column":36},"end":{"line":93,"column":43}}]},"20":{"loc":{"start":{"line":94,"column":21},"end":{"line":94,"column":51}},"type":"binary-expr","locations":[{"start":{"line":94,"column":21},"end":{"line":94,"column":38}},{"start":{"line":94,"column":42},"end":{"line":94,"column":51}}]},"21":{"loc":{"start":{"line":110,"column":2},"end":{"line":110,"column":45}},"type":"if","locations":[{"start":{"line":110,"column":2},"end":{"line":110,"column":45}},{"start":{},"end":{}}]},"22":{"loc":{"start":{"line":111,"column":2},"end":{"line":111,"column":48}},"type":"if","locations":[{"start":{"line":111,"column":2},"end":{"line":111,"column":48}},{"start":{},"end":{}}]},"23":{"loc":{"start":{"line":112,"column":2},"end":{"line":112,"column":77}},"type":"if","locations":[{"start":{"line":112,"column":2},"end":{"line":112,"column":77}},{"start":{},"end":{}}]},"24":{"loc":{"start":{"line":114,"column":2},"end":{"line":135,"column":3}},"type":"switch","locations":[{"start":{"line":115,"column":4},"end":{"line":122,"column":5}},{"start":{"line":123,"column":4},"end":{"line":129,"column":5}},{"start":{"line":130,"column":4},"end":{"line":134,"column":5}}]},"25":{"loc":{"start":{"line":117,"column":6},"end":{"line":117,"column":58}},"type":"if","locations":[{"start":{"line":117,"column":6},"end":{"line":117,"column":58}},{"start":{},"end":{}}]},"26":{"loc":{"start":{"line":118,"column":6},"end":{"line":118,"column":55}},"type":"if","locations":[{"start":{"line":118,"column":6},"end":{"line":118,"column":55}},{"start":{},"end":{}}]},"27":{"loc":{"start":{"line":119,"column":6},"end":{"line":119,"column":80}},"type":"if","locations":[{"start":{"line":119,"column":6},"end":{"line":119,"column":80}},{"start":{},"end":{}}]},"28":{"loc":{"start":{"line":120,"column":6},"end":{"line":120,"column":52}},"type":"if","locations":[{"start":{"line":120,"column":6},"end":{"line":120,"column":52}},{"start":{},"end":{}}]},"29":{"loc":{"start":{"line":125,"column":6},"end":{"line":125,"column":57}},"type":"if","locations":[{"start":{"line":125,"column":6},"end":{"line":125,"column":57}},{"start":{},"end":{}}]},"30":{"loc":{"start":{"line":126,"column":6},"end":{"line":126,"column":55}},"type":"if","locations":[{"start":{"line":126,"column":6},"end":{"line":126,"column":55}},{"start":{},"end":{}}]},"31":{"loc":{"start":{"line":127,"column":6},"end":{"line":127,"column":64}},"type":"if","locations":[{"start":{"line":127,"column":6},"end":{"line":127,"column":64}},{"start":{},"end":{}}]},"32":{"loc":{"start":{"line":132,"column":6},"end":{"line":132,"column":63}},"type":"if","locations":[{"start":{"line":132,"column":6},"end":{"line":132,"column":63}},{"start":{},"end":{}}]},"33":{"loc":{"start":{"line":139,"column":2},"end":{"line":155,"column":3}},"type":"switch","locations":[{"start":{"line":140,"column":4},"end":{"line":144,"column":5}},{"start":{"line":145,"column":4},"end":{"line":149,"column":5}},{"start":{"line":150,"column":4},"end":{"line":154,"column":5}}]},"34":{"loc":{"start":{"line":142,"column":6},"end":{"line":142,"column":58}},"type":"if","locations":[{"start":{"line":142,"column":6},"end":{"line":142,"column":58}},{"start":{},"end":{}}]},"35":{"loc":{"start":{"line":147,"column":6},"end":{"line":147,"column":57}},"type":"if","locations":[{"start":{"line":147,"column":6},"end":{"line":147,"column":57}},{"start":{},"end":{}}]},"36":{"loc":{"start":{"line":152,"column":6},"end":{"line":152,"column":63}},"type":"if","locations":[{"start":{"line":152,"column":6},"end":{"line":152,"column":63}},{"start":{},"end":{}}]},"37":{"loc":{"start":{"line":165,"column":27},"end":{"line":165,"column":51}},"type":"binary-expr","locations":[{"start":{"line":165,"column":27},"end":{"line":165,"column":46}},{"start":{"line":165,"column":50},"end":{"line":165,"column":51}}]},"38":{"loc":{"start":{"line":196,"column":4},"end":{"line":196,"column":77}},"type":"if","locations":[{"start":{"line":196,"column":4},"end":{"line":196,"column":77}},{"start":{},"end":{}}]},"39":{"loc":{"start":{"line":198,"column":4},"end":{"line":198,"column":58}},"type":"if","locations":[{"start":{"line":198,"column":4},"end":{"line":198,"column":58}},{"start":{},"end":{}}]},"40":{"loc":{"start":{"line":199,"column":4},"end":{"line":199,"column":58}},"type":"if","locations":[{"start":{"line":199,"column":4},"end":{"line":199,"column":58}},{"start":{},"end":{}}]}},"s":{"0":11,"1":3,"2":11,"3":4,"4":4,"5":1,"6":3,"7":3,"8":0,"9":3,"10":3,"11":0,"12":3,"13":11,"14":1,"15":1,"16":1,"17":1,"18":1,"19":1,"20":1,"21":1,"22":1,"23":1,"24":0,"25":0,"26":0,"27":1,"28":0,"29":0,"30":0,"31":1,"32":11,"33":4,"34":4,"35":1,"36":3,"37":3,"38":1,"39":1,"40":1,"41":11,"42":6,"43":6,"44":6,"45":6,"46":0,"47":6,"48":0,"49":6,"50":2,"51":2,"52":1,"53":1,"54":0,"55":1,"56":0,"57":1,"58":0,"59":1,"60":2,"61":2,"62":1,"63":1,"64":0,"65":1,"66":0,"67":1,"68":2,"69":2,"70":1,"71":1,"72":11,"73":6,"74":2,"75":2,"76":1,"77":1,"78":2,"79":2,"80":1,"81":1,"82":2,"83":2,"84":1,"85":1,"86":11,"87":1,"88":1,"89":1,"90":3,"91":1,"92":1,"93":11,"94":1,"95":1,"96":2,"97":11,"98":1,"99":1,"100":1,"101":3,"102":3,"103":2,"104":3,"105":3,"106":1,"107":3,"108":1,"109":1,"110":2,"111":1,"112":11},"f":{"0":3,"1":4,"2":1,"3":1,"4":0,"5":0,"6":4,"7":6,"8":6,"9":1,"10":1,"11":2,"12":1,"13":2},"b":{"0":[1,3],"1":[0,3],"2":[0,3],"3":[1],"4":[1],"5":[1,0],"6":[1,0],"7":[1,1],"8":[1,0],"9":[0,1],"10":[1,1],"11":[0,0],"12":[0,1],"13":[1,1],"14":[0,0],"15":[1,3],"16":[1,1,1],"17":[1,1],"18":[0,1],"19":[1,1],"20":[1,1],"21":[6,0],"22":[0,6],"23":[0,6],"24":[2,2,2],"25":[1,1],"26":[0,1],"27":[0,1],"28":[0,1],"29":[1,1],"30":[0,1],"31":[0,1],"32":[1,1],"33":[2,2,2],"34":[1,1],"35":[1,1],"36":[1,1],"37":[3,2],"38":[2,1],"39":[1,2],"40":[1,2]}}
,"C:\\Users\\USER\\OneDrive\\Desktop\\IIUC DOC\\6TH SEM\\FINAL\\SD2\\HealthCare\\src\\modules\\ai\\ai.controller.ts": {"path":"C:\\Users\\USER\\OneDrive\\Desktop\\IIUC DOC\\6TH SEM\\FINAL\\SD2\\HealthCare\\src\\modules\\ai\\ai.controller.ts","statementMap":{"0":{"start":{"line":7,"column":21},"end":{"line":28,"column":null}},"1":{"start":{"line":9,"column":25},"end":{"line":9,"column":33}},"2":{"start":{"line":11,"column":4},"end":{"line":18,"column":5}},"3":{"start":{"line":12,"column":6},"end":{"line":16,"column":9}},"4":{"start":{"line":17,"column":6},"end":{"line":17,"column":13}},"5":{"start":{"line":20,"column":19},"end":{"line":20,"column":57}},"6":{"start":{"line":22,"column":4},"end":{"line":27,"column":7}},"7":{"start":{"line":31,"column":28},"end":{"line":33,"column":2}}},"fnMap":{"0":{"name":"(anonymous_0)","decl":{"start":{"line":8,"column":2},"end":{"line":8,"column":7}},"loc":{"start":{"line":8,"column":60},"end":{"line":28,"column":3}}}},"branchMap":{"0":{"loc":{"start":{"line":11,"column":4},"end":{"line":18,"column":5}},"type":"if","locations":[{"start":{"line":11,"column":4},"end":{"line":18,"column":5}},{"start":{},"end":{}}]},"1":{"loc":{"start":{"line":11,"column":8},"end":{"line":11,"column":81}},"type":"binary-expr","locations":[{"start":{"line":11,"column":8},"end":{"line":11,"column":17}},{"start":{"line":11,"column":21},"end":{"line":11,"column":49}},{"start":{"line":11,"column":53},"end":{"line":11,"column":81}}]}},"s":{"0":1,"1":3,"2":3,"3":2,"4":2,"5":1,"6":1,"7":1},"f":{"0":3},"b":{"0":[2,1],"1":[3,1,1]}}
,"C:\\Users\\USER\\OneDrive\\Desktop\\IIUC DOC\\6TH SEM\\FINAL\\SD2\\HealthCare\\src\\modules\\ai\\ai.routes.ts": {"path":"C:\\Users\\USER\\OneDrive\\Desktop\\IIUC DOC\\6TH SEM\\FINAL\\SD2\\HealthCare\\src\\modules\\ai\\ai.routes.ts","statementMap":{"0":{"start":{"line":6,"column":15},"end":{"line":6,"column":23}},"1":{"start":{"line":8,"column":0},"end":{"line":13,"column":2}},"2":{"start":{"line":15,"column":24},"end":{"line":15,"column":30}}},"fnMap":{},"branchMap":{},"s":{"0":1,"1":1,"2":1},"f":{},"b":{}}
,"C:\\Users\\USER\\OneDrive\\Desktop\\IIUC DOC\\6TH SEM\\FINAL\\SD2\\HealthCare\\src\\modules\\ai\\ai.service.ts": {"path":"C:\\Users\\USER\\OneDrive\\Desktop\\IIUC DOC\\6TH SEM\\FINAL\\SD2\\HealthCare\\src\\modules\\ai\\ai.service.ts","statementMap":{"0":{"start":{"line":1,"column":20},"end":{"line":11,"column":11}},"1":{"start":{"line":15,"column":76},"end":{"line":41,"column":2}},"2":{"start":{"line":43,"column":21},"end":{"line":53,"column":1}},"3":{"start":{"line":44,"column":16},"end":{"line":44,"column":38}},"4":{"start":{"line":46,"column":2},"end":{"line":50,"column":3}},"5":{"start":{"line":47,"column":4},"end":{"line":49,"column":5}},"6":{"start":{"line":48,"column":6},"end":{"line":48,"column":81}},"7":{"start":{"line":52,"column":2},"end":{"line":52,"column":68}},"8":{"start":{"line":55,"column":25},"end":{"line":57,"column":2}}},"fnMap":{"0":{"name":"(anonymous_0)","decl":{"start":{"line":43,"column":21},"end":{"line":43,"column":26}},"loc":{"start":{"line":43,"column":106},"end":{"line":53,"column":1}}}},"branchMap":{"0":{"loc":{"start":{"line":47,"column":4},"end":{"line":49,"column":5}},"type":"if","locations":[{"start":{"line":47,"column":4},"end":{"line":49,"column":5}},{"start":{},"end":{}}]}},"s":{"0":1,"1":1,"2":1,"3":1,"4":1,"5":1,"6":1,"7":0,"8":1},"f":{"0":1},"b":{"0":[1,0]}}
,"C:\\Users\\USER\\OneDrive\\Desktop\\IIUC DOC\\6TH SEM\\FINAL\\SD2\\HealthCare\\src\\modules\\appointments\\appointment.controller.ts": {"path":"C:\\Users\\USER\\OneDrive\\Desktop\\IIUC DOC\\6TH SEM\\FINAL\\SD2\\HealthCare\\src\\modules\\appointments\\appointment.controller.ts","statementMap":{"0":{"start":{"line":7,"column":24},"end":{"line":34,"column":null}},"1":{"start":{"line":9,"column":52},"end":{"line":9,"column":61}},"2":{"start":{"line":11,"column":19},"end":{"line":20,"column":null}},"3":{"start":{"line":23,"column":4},"end":{"line":33,"column":7}},"4":{"start":{"line":37,"column":26},"end":{"line":47,"column":null}},"5":{"start":{"line":39,"column":24},"end":{"line":39,"column":76}},"6":{"start":{"line":41,"column":4},"end":{"line":46,"column":7}},"7":{"start":{"line":50,"column":26},"end":{"line":66,"column":null}},"8":{"start":{"line":52,"column":15},"end":{"line":52,"column":38}},"9":{"start":{"line":53,"column":24},"end":{"line":57,"column":null}},"10":{"start":{"line":60,"column":4},"end":{"line":65,"column":7}},"11":{"start":{"line":69,"column":28},"end":{"line":79,"column":null}},"12":{"start":{"line":71,"column":24},"end":{"line":71,"column":78}},"13":{"start":{"line":73,"column":4},"end":{"line":78,"column":7}},"14":{"start":{"line":82,"column":16},"end":{"line":93,"column":null}},"15":{"start":{"line":84,"column":15},"end":{"line":84,"column":38}},"16":{"start":{"line":85,"column":24},"end":{"line":85,"column":60}},"17":{"start":{"line":87,"column":4},"end":{"line":92,"column":7}},"18":{"start":{"line":96,"column":17},"end":{"line":107,"column":null}},"19":{"start":{"line":98,"column":15},"end":{"line":98,"column":38}},"20":{"start":{"line":99,"column":24},"end":{"line":99,"column":61}},"21":{"start":{"line":101,"column":4},"end":{"line":106,"column":7}},"22":{"start":{"line":110,"column":26},"end":{"line":125,"column":null}},"23":{"start":{"line":112,"column":15},"end":{"line":112,"column":38}},"24":{"start":{"line":113,"column":24},"end":{"line":116,"column":null}},"25":{"start":{"line":119,"column":4},"end":{"line":124,"column":7}},"26":{"start":{"line":128,"column":37},"end":{"line":136,"column":2}}},"fnMap":{"0":{"name":"(anonymous_0)","decl":{"start":{"line":8,"column":2},"end":{"line":8,"column":7}},"loc":{"start":{"line":8,"column":60},"end":{"line":34,"column":3}}},"1":{"name":"(anonymous_1)","decl":{"start":{"line":38,"column":2},"end":{"line":38,"column":7}},"loc":{"start":{"line":38,"column":60},"end":{"line":47,"column":3}}},"2":{"name":"(anonymous_2)","decl":{"start":{"line":51,"column":2},"end":{"line":51,"column":7}},"loc":{"start":{"line":51,"column":60},"end":{"line":66,"column":3}}},"3":{"name":"(anonymous_3)","decl":{"start":{"line":70,"column":2},"end":{"line":70,"column":7}},"loc":{"start":{"line":70,"column":60},"end":{"line":79,"column":3}}},"4":{"name":"(anonymous_4)","decl":{"start":{"line":83,"column":2},"end":{"line":83,"column":7}},"loc":{"start":{"line":83,"column":60},"end":{"line":93,"column":3}}},"5":{"name":"(anonymous_5)","decl":{"start":{"line":97,"column":2},"end":{"line":97,"column":7}},"loc":{"start":{"line":97,"column":60},"end":{"line":107,"column":3}}},"6":{"name":"(anonymous_6)","decl":{"start":{"line":111,"column":2},"end":{"line":111,"column":7}},"loc":{"start":{"line":111,"column":60},"end":{"line":125,"column":3}}}},"branchMap":{"0":{"loc":{"start":{"line":16,"column":14},"end":{"line":16,"column":45}},"type":"cond-expr","locations":[{"start":{"line":16,"column":21},"end":{"line":16,"column":33}},{"start":{"line":16,"column":36},"end":{"line":16,"column":45}}]},"1":{"loc":{"start":{"line":17,"column":15},"end":{"line":17,"column":48}},"type":"cond-expr","locations":[{"start":{"line":17,"column":23},"end":{"line":17,"column":36}},{"start":{"line":17,"column":39},"end":{"line":17,"column":48}}]}},"s":{"0":11,"1":3,"2":3,"3":3,"4":11,"5":2,"6":1,"7":11,"8":5,"9":5,"10":1,"11":11,"12":2,"13":1,"14":11,"15":2,"16":2,"17":1,"18":11,"19":2,"20":2,"21":1,"22":11,"23":4,"24":4,"25":1,"26":11},"f":{"0":3,"1":2,"2":5,"3":2,"4":2,"5":2,"6":4},"b":{"0":[1,2],"1":[1,2]}}
,"C:\\Users\\USER\\OneDrive\\Desktop\\IIUC DOC\\6TH SEM\\FINAL\\SD2\\HealthCare\\src\\modules\\appointments\\appointment.route.ts": {"path":"C:\\Users\\USER\\OneDrive\\Desktop\\IIUC DOC\\6TH SEM\\FINAL\\SD2\\HealthCare\\src\\modules\\appointments\\appointment.route.ts","statementMap":{"0":{"start":{"line":6,"column":15},"end":{"line":6,"column":23}},"1":{"start":{"line":8,"column":0},"end":{"line":13,"column":2}},"2":{"start":{"line":15,"column":0},"end":{"line":20,"column":2}},"3":{"start":{"line":22,"column":0},"end":{"line":27,"column":2}},"4":{"start":{"line":29,"column":0},"end":{"line":34,"column":2}},"5":{"start":{"line":36,"column":0},"end":{"line":41,"column":2}},"6":{"start":{"line":43,"column":0},"end":{"line":48,"column":2}},"7":{"start":{"line":50,"column":0},"end":{"line":55,"column":2}},"8":{"start":{"line":57,"column":33},"end":{"line":57,"column":39}}},"fnMap":{},"branchMap":{},"s":{"0":11,"1":11,"2":11,"3":11,"4":11,"5":11,"6":11,"7":11,"8":11},"f":{},"b":{}}
,"C:\\Users\\USER\\OneDrive\\Desktop\\IIUC DOC\\6TH SEM\\FINAL\\SD2\\HealthCare\\src\\modules\\appointments\\appointment.service.ts": {"path":"C:\\Users\\USER\\OneDrive\\Desktop\\IIUC DOC\\6TH SEM\\FINAL\\SD2\\HealthCare\\src\\modules\\appointments\\appointment.service.ts","statementMap":{"0":{"start":{"line":10,"column":24},"end":{"line":51,"column":1}},"1":{"start":{"line":15,"column":59},"end":{"line":15,"column":66}},"2":{"start":{"line":16,"column":46},"end":{"line":16,"column":48}},"3":{"start":{"line":18,"column":2},"end":{"line":22,"column":3}},"4":{"start":{"line":19,"column":4},"end":{"line":19,"column":28}},"5":{"start":{"line":20,"column":9},"end":{"line":22,"column":3}},"6":{"start":{"line":21,"column":4},"end":{"line":21,"column":29}},"7":{"start":{"line":24,"column":2},"end":{"line":24,"column":42}},"8":{"start":{"line":24,"column":16},"end":{"line":24,"column":42}},"9":{"start":{"line":25,"column":2},"end":{"line":25,"column":36}},"10":{"start":{"line":25,"column":14},"end":{"line":25,"column":36}},"11":{"start":{"line":26,"column":2},"end":{"line":32,"column":3}},"12":{"start":{"line":27,"column":22},"end":{"line":27,"column":36}},"13":{"start":{"line":28,"column":4},"end":{"line":28,"column":35}},"14":{"start":{"line":29,"column":20},"end":{"line":29,"column":34}},"15":{"start":{"line":30,"column":4},"end":{"line":30,"column":38}},"16":{"start":{"line":31,"column":4},"end":{"line":31,"column":57}},"17":{"start":{"line":34,"column":15},"end":{"line":34,"column":33}},"18":{"start":{"line":36,"column":32},"end":{"line":48,"column":4}},"19":{"start":{"line":50,"column":2},"end":{"line":50,"column":46}},"20":{"start":{"line":53,"column":26},"end":{"line":81,"column":1}},"21":{"start":{"line":54,"column":47},"end":{"line":54,"column":54}},"22":{"start":{"line":55,"column":26},"end":{"line":55,"column":47}},"23":{"start":{"line":57,"column":19},"end":{"line":63,"column":4}},"24":{"start":{"line":65,"column":2},"end":{"line":65,"column":60}},"25":{"start":{"line":65,"column":16},"end":{"line":65,"column":60}},"26":{"start":{"line":67,"column":22},"end":{"line":78,"column":4}},"27":{"start":{"line":80,"column":2},"end":{"line":80,"column":21}},"28":{"start":{"line":83,"column":26},"end":{"line":135,"column":1}},"29":{"start":{"line":89,"column":19},"end":{"line":91,"column":4}},"30":{"start":{"line":92,"column":2},"end":{"line":92,"column":58}},"31":{"start":{"line":92,"column":17},"end":{"line":92,"column":58}},"32":{"start":{"line":94,"column":2},"end":{"line":96,"column":3}},"33":{"start":{"line":95,"column":4},"end":{"line":95,"column":65}},"34":{"start":{"line":98,"column":2},"end":{"line":119,"column":3}},"35":{"start":{"line":99,"column":20},"end":{"line":99,"column":49}},"36":{"start":{"line":101,"column":4},"end":{"line":107,"column":5}},"37":{"start":{"line":106,"column":6},"end":{"line":106,"column":67}},"38":{"start":{"line":109,"column":21},"end":{"line":116,"column":6}},"39":{"start":{"line":118,"column":4},"end":{"line":118,"column":66}},"40":{"start":{"line":118,"column":18},"end":{"line":118,"column":66}},"41":{"start":{"line":121,"column":46},"end":{"line":121,"column":48}},"42":{"start":{"line":122,"column":2},"end":{"line":122,"column":76}},"43":{"start":{"line":122,"column":27},"end":{"line":122,"column":76}},"44":{"start":{"line":123,"column":2},"end":{"line":123,"column":51}},"45":{"start":{"line":123,"column":22},"end":{"line":123,"column":51}},"46":{"start":{"line":125,"column":22},"end":{"line":132,"column":4}},"47":{"start":{"line":134,"column":2},"end":{"line":134,"column":21}},"48":{"start":{"line":137,"column":28},"end":{"line":158,"column":1}},"49":{"start":{"line":138,"column":55},"end":{"line":138,"column":62}},"50":{"start":{"line":140,"column":2},"end":{"line":140,"column":62}},"51":{"start":{"line":140,"column":15},"end":{"line":140,"column":62}},"52":{"start":{"line":142,"column":26},"end":{"line":142,"column":47}},"53":{"start":{"line":144,"column":22},"end":{"line":155,"column":4}},"54":{"start":{"line":157,"column":2},"end":{"line":157,"column":21}},"55":{"start":{"line":160,"column":16},"end":{"line":177,"column":1}},"56":{"start":{"line":161,"column":19},"end":{"line":163,"column":4}},"57":{"start":{"line":164,"column":2},"end":{"line":164,"column":58}},"58":{"start":{"line":164,"column":17},"end":{"line":164,"column":58}},"59":{"start":{"line":165,"column":2},"end":{"line":165,"column":98}},"60":{"start":{"line":165,"column":36},"end":{"line":165,"column":98}},"61":{"start":{"line":167,"column":22},"end":{"line":174,"column":4}},"62":{"start":{"line":176,"column":2},"end":{"line":176,"column":21}},"63":{"start":{"line":179,"column":17},"end":{"line":196,"column":1}},"64":{"start":{"line":180,"column":19},"end":{"line":182,"column":4}},"65":{"start":{"line":183,"column":2},"end":{"line":183,"column":58}},"66":{"start":{"line":183,"column":17},"end":{"line":183,"column":58}},"67":{"start":{"line":184,"column":2},"end":{"line":184,"column":107}},"68":{"start":{"line":184,"column":40},"end":{"line":184,"column":107}},"69":{"start":{"line":186,"column":22},"end":{"line":193,"column":4}},"70":{"start":{"line":195,"column":2},"end":{"line":195,"column":21}},"71":{"start":{"line":198,"column":26},"end":{"line":222,"column":1}},"72":{"start":{"line":199,"column":19},"end":{"line":201,"column":4}},"73":{"start":{"line":202,"column":2},"end":{"line":202,"column":58}},"74":{"start":{"line":202,"column":17},"end":{"line":202,"column":58}},"75":{"start":{"line":204,"column":2},"end":{"line":206,"column":3}},"76":{"start":{"line":205,"column":4},"end":{"line":205,"column":65}},"77":{"start":{"line":208,"column":2},"end":{"line":210,"column":3}},"78":{"start":{"line":209,"column":4},"end":{"line":209,"column":82}},"79":{"start":{"line":212,"column":22},"end":{"line":219,"column":4}},"80":{"start":{"line":221,"column":2},"end":{"line":221,"column":21}},"81":{"start":{"line":224,"column":34},"end":{"line":232,"column":2}}},"fnMap":{"0":{"name":"(anonymous_0)","decl":{"start":{"line":10,"column":24},"end":{"line":10,"column":29}},"loc":{"start":{"line":14,"column":4},"end":{"line":51,"column":1}}},"1":{"name":"(anonymous_1)","decl":{"start":{"line":53,"column":26},"end":{"line":53,"column":31}},"loc":{"start":{"line":53,"column":70},"end":{"line":81,"column":1}}},"2":{"name":"(anonymous_2)","decl":{"start":{"line":83,"column":26},"end":{"line":83,"column":31}},"loc":{"start":{"line":88,"column":4},"end":{"line":135,"column":1}}},"3":{"name":"(anonymous_3)","decl":{"start":{"line":137,"column":28},"end":{"line":137,"column":33}},"loc":{"start":{"line":137,"column":63},"end":{"line":158,"column":1}}},"4":{"name":"(anonymous_4)","decl":{"start":{"line":160,"column":16},"end":{"line":160,"column":21}},"loc":{"start":{"line":160,"column":48},"end":{"line":177,"column":1}}},"5":{"name":"(anonymous_5)","decl":{"start":{"line":179,"column":17},"end":{"line":179,"column":22}},"loc":{"start":{"line":179,"column":49},"end":{"line":196,"column":1}}},"6":{"name":"(anonymous_6)","decl":{"start":{"line":198,"column":26},"end":{"line":198,"column":31}},"loc":{"start":{"line":198,"column":92},"end":{"line":222,"column":1}}}},"branchMap":{"0":{"loc":{"start":{"line":15,"column":34},"end":{"line":15,"column":42}},"type":"default-arg","locations":[{"start":{"line":15,"column":41},"end":{"line":15,"column":42}}]},"1":{"loc":{"start":{"line":15,"column":44},"end":{"line":15,"column":54}},"type":"default-arg","locations":[{"start":{"line":15,"column":52},"end":{"line":15,"column":54}}]},"2":{"loc":{"start":{"line":18,"column":2},"end":{"line":22,"column":3}},"type":"if","locations":[{"start":{"line":18,"column":2},"end":{"line":22,"column":3}},{"start":{"line":20,"column":9},"end":{"line":22,"column":3}}]},"3":{"loc":{"start":{"line":20,"column":9},"end":{"line":22,"column":3}},"type":"if","locations":[{"start":{"line":20,"column":9},"end":{"line":22,"column":3}},{"start":{},"end":{}}]},"4":{"loc":{"start":{"line":24,"column":2},"end":{"line":24,"column":42}},"type":"if","locations":[{"start":{"line":24,"column":2},"end":{"line":24,"column":42}},{"start":{},"end":{}}]},"5":{"loc":{"start":{"line":25,"column":2},"end":{"line":25,"column":36}},"type":"if","locations":[{"start":{"line":25,"column":2},"end":{"line":25,"column":36}},{"start":{},"end":{}}]},"6":{"loc":{"start":{"line":26,"column":2},"end":{"line":32,"column":3}},"type":"if","locations":[{"start":{"line":26,"column":2},"end":{"line":32,"column":3}},{"start":{},"end":{}}]},"7":{"loc":{"start":{"line":65,"column":2},"end":{"line":65,"column":60}},"type":"if","locations":[{"start":{"line":65,"column":2},"end":{"line":65,"column":60}},{"start":{},"end":{}}]},"8":{"loc":{"start":{"line":92,"column":2},"end":{"line":92,"column":58}},"type":"if","locations":[{"start":{"line":92,"column":2},"end":{"line":92,"column":58}},{"start":{},"end":{}}]},"9":{"loc":{"start":{"line":94,"column":2},"end":{"line":96,"column":3}},"type":"if","locations":[{"start":{"line":94,"column":2},"end":{"line":96,"column":3}},{"start":{},"end":{}}]},"10":{"loc":{"start":{"line":94,"column":6},"end":{"line":94,"column":61}},"type":"binary-expr","locations":[{"start":{"line":94,"column":6},"end":{"line":94,"column":28}},{"start":{"line":94,"column":32},"end":{"line":94,"column":61}}]},"11":{"loc":{"start":{"line":98,"column":2},"end":{"line":119,"column":3}},"type":"if","locations":[{"start":{"line":98,"column":2},"end":{"line":119,"column":3}},{"start":{},"end":{}}]},"12":{"loc":{"start":{"line":101,"column":4},"end":{"line":107,"column":5}},"type":"if","locations":[{"start":{"line":101,"column":4},"end":{"line":107,"column":5}},{"start":{},"end":{}}]},"13":{"loc":{"start":{"line":102,"column":6},"end":{"line":104,"column":38}},"type":"binary-expr","locations":[{"start":{"line":102,"column":6},"end":{"line":102,"column":37}},{"start":{"line":103,"column":6},"end":{"line":103,"column":34}},{"start":{"line":104,"column":6},"end":{"line":104,"column":38}}]},"14":{"loc":{"start":{"line":118,"column":4},"end":{"line":118,"column":66}},"type":"if","locations":[{"start":{"line":118,"column":4},"end":{"line":118,"column":66}},{"start":{},"end":{}}]},"15":{"loc":{"start":{"line":122,"column":2},"end":{"line":122,"column":76}},"type":"if","locations":[{"start":{"line":122,"column":2},"end":{"line":122,"column":76}},{"start":{},"end":{}}]},"16":{"loc":{"start":{"line":123,"column":2},"end":{"line":123,"column":51}},"type":"if","locations":[{"start":{"line":123,"column":2},"end":{"line":123,"column":51}},{"start":{},"end":{}}]},"17":{"loc":{"start":{"line":140,"column":2},"end":{"line":140,"column":62}},"type":"if","locations":[{"start":{"line":140,"column":2},"end":{"line":140,"column":62}},{"start":{},"end":{}}]},"18":{"loc":{"start":{"line":164,"column":2},"end":{"line":164,"column":58}},"type":"if","locations":[{"start":{"line":164,"column":2},"end":{"line":164,"column":58}},{"start":{},"end":{}}]},"19":{"loc":{"start":{"line":165,"column":2},"end":{"line":165,"column":98}},"type":"if","locations":[{"start":{"line":165,"column":2},"end":{"line":165,"column":98}},{"start":{},"end":{}}]},"20":{"loc":{"start":{"line":183,"column":2},"end":{"line":183,"column":58}},"type":"if","locations":[{"start":{"line":183,"column":2},"end":{"line":183,"column":58}},{"start":{},"end":{}}]},"21":{"loc":{"start":{"line":184,"column":2},"end":{"line":184,"column":107}},"type":"if","locations":[{"start":{"line":184,"column":2},"end":{"line":184,"column":107}},{"start":{},"end":{}}]},"22":{"loc":{"start":{"line":202,"column":2},"end":{"line":202,"column":58}},"type":"if","locations":[{"start":{"line":202,"column":2},"end":{"line":202,"column":58}},{"start":{},"end":{}}]},"23":{"loc":{"start":{"line":204,"column":2},"end":{"line":206,"column":3}},"type":"if","locations":[{"start":{"line":204,"column":2},"end":{"line":206,"column":3}},{"start":{},"end":{}}]},"24":{"loc":{"start":{"line":204,"column":6},"end":{"line":204,"column":61}},"type":"binary-expr","locations":[{"start":{"line":204,"column":6},"end":{"line":204,"column":28}},{"start":{"line":204,"column":32},"end":{"line":204,"column":61}}]},"25":{"loc":{"start":{"line":208,"column":2},"end":{"line":210,"column":3}},"type":"if","locations":[{"start":{"line":208,"column":2},"end":{"line":210,"column":3}},{"start":{},"end":{}}]},"26":{"loc":{"start":{"line":208,"column":6},"end":{"line":208,"column":72}},"type":"binary-expr","locations":[{"start":{"line":208,"column":6},"end":{"line":208,"column":37}},{"start":{"line":208,"column":41},"end":{"line":208,"column":72}}]}},"s":{"0":11,"1":3,"2":3,"3":3,"4":1,"5":2,"6":0,"7":3,"8":0,"9":3,"10":1,"11":3,"12":1,"13":1,"14":1,"15":1,"16":1,"17":3,"18":3,"19":3,"20":11,"21":2,"22":2,"23":2,"24":2,"25":1,"26":1,"27":1,"28":11,"29":5,"30":5,"31":1,"32":4,"33":1,"34":3,"35":3,"36":3,"37":1,"38":2,"39":2,"40":1,"41":1,"42":1,"43":1,"44":1,"45":0,"46":1,"47":1,"48":11,"49":2,"50":2,"51":1,"52":1,"53":1,"54":1,"55":11,"56":2,"57":2,"58":0,"59":2,"60":1,"61":1,"62":1,"63":11,"64":2,"65":2,"66":0,"67":2,"68":1,"69":1,"70":1,"71":11,"72":4,"73":4,"74":1,"75":3,"76":1,"77":2,"78":1,"79":1,"80":1,"81":11},"f":{"0":3,"1":2,"2":5,"3":2,"4":2,"5":2,"6":4},"b":{"0":[2],"1":[2],"2":[1,2],"3":[0,2],"4":[0,3],"5":[1,2],"6":[1,2],"7":[1,1],"8":[1,4],"9":[1,3],"10":[4,4],"11":[3,0],"12":[1,2],"13":[3,3,1],"14":[1,1],"15":[1,0],"16":[0,1],"17":[1,1],"18":[0,2],"19":[1,1],"20":[0,2],"21":[1,1],"22":[1,3],"23":[1,2],"24":[3,3],"25":[1,1],"26":[2,1]}}
,"C:\\Users\\USER\\OneDrive\\Desktop\\IIUC DOC\\6TH SEM\\FINAL\\SD2\\HealthCare\\src\\modules\\auth\\auth.controller.ts": {"path":"C:\\Users\\USER\\OneDrive\\Desktop\\IIUC DOC\\6TH SEM\\FINAL\\SD2\\HealthCare\\src\\modules\\auth\\auth.controller.ts","statementMap":{"0":{"start":{"line":7,"column":17},"end":{"line":17,"column":null}},"1":{"start":{"line":9,"column":19},"end":{"line":9,"column":55}},"2":{"start":{"line":11,"column":4},"end":{"line":16,"column":7}},"3":{"start":{"line":20,"column":14},"end":{"line":37,"column":null}},"4":{"start":{"line":22,"column":34},"end":{"line":22,"column":67}},"5":{"start":{"line":24,"column":4},"end":{"line":29,"column":7}},"6":{"start":{"line":31,"column":4},"end":{"line":36,"column":7}},"7":{"start":{"line":40,"column":20},"end":{"line":50,"column":null}},"8":{"start":{"line":42,"column":19},"end":{"line":42,"column":58}},"9":{"start":{"line":44,"column":4},"end":{"line":49,"column":7}},"10":{"start":{"line":53,"column":19},"end":{"line":70,"column":null}},"11":{"start":{"line":55,"column":31},"end":{"line":55,"column":69}},"12":{"start":{"line":57,"column":4},"end":{"line":62,"column":7}},"13":{"start":{"line":64,"column":4},"end":{"line":69,"column":7}},"14":{"start":{"line":73,"column":30},"end":{"line":78,"column":2}}},"fnMap":{"0":{"name":"(anonymous_0)","decl":{"start":{"line":8,"column":2},"end":{"line":8,"column":7}},"loc":{"start":{"line":8,"column":60},"end":{"line":17,"column":3}}},"1":{"name":"(anonymous_1)","decl":{"start":{"line":21,"column":2},"end":{"line":21,"column":7}},"loc":{"start":{"line":21,"column":60},"end":{"line":37,"column":3}}},"2":{"name":"(anonymous_2)","decl":{"start":{"line":41,"column":2},"end":{"line":41,"column":7}},"loc":{"start":{"line":41,"column":60},"end":{"line":50,"column":3}}},"3":{"name":"(anonymous_3)","decl":{"start":{"line":54,"column":2},"end":{"line":54,"column":7}},"loc":{"start":{"line":54,"column":60},"end":{"line":70,"column":3}}}},"branchMap":{},"s":{"0":11,"1":4,"2":1,"3":11,"4":5,"5":3,"6":3,"7":11,"8":2,"9":1,"10":11,"11":3,"12":1,"13":1,"14":11},"f":{"0":4,"1":5,"2":2,"3":3},"b":{}}
,"C:\\Users\\USER\\OneDrive\\Desktop\\IIUC DOC\\6TH SEM\\FINAL\\SD2\\HealthCare\\src\\modules\\auth\\auth.routes.ts": {"path":"C:\\Users\\USER\\OneDrive\\Desktop\\IIUC DOC\\6TH SEM\\FINAL\\SD2\\HealthCare\\src\\modules\\auth\\auth.routes.ts","statementMap":{"0":{"start":{"line":4,"column":15},"end":{"line":4,"column":23}},"1":{"start":{"line":6,"column":0},"end":{"line":6,"column":50}},"2":{"start":{"line":7,"column":0},"end":{"line":7,"column":44}},"3":{"start":{"line":8,"column":0},"end":{"line":8,"column":57}},"4":{"start":{"line":9,"column":0},"end":{"line":9,"column":55}},"5":{"start":{"line":11,"column":26},"end":{"line":11,"column":32}}},"fnMap":{},"branchMap":{},"s":{"0":11,"1":11,"2":11,"3":11,"4":11,"5":11},"f":{},"b":{}}
,"C:\\Users\\USER\\OneDrive\\Desktop\\IIUC DOC\\6TH SEM\\FINAL\\SD2\\HealthCare\\src\\modules\\auth\\auth.service.ts": {"path":"C:\\Users\\USER\\OneDrive\\Desktop\\IIUC DOC\\6TH SEM\\FINAL\\SD2\\HealthCare\\src\\modules\\auth\\auth.service.ts","statementMap":{"0":{"start":{"line":7,"column":21},"end":{"line":9,"column":1}},"1":{"start":{"line":8,"column":2},"end":{"line":8,"column":64}},"2":{"start":{"line":11,"column":28},"end":{"line":19,"column":1}},"3":{"start":{"line":16,"column":2},"end":{"line":18,"column":24}},"4":{"start":{"line":21,"column":24},"end":{"line":32,"column":1}},"5":{"start":{"line":22,"column":18},"end":{"line":22,"column":71}},"6":{"start":{"line":23,"column":2},"end":{"line":23,"column":63}},"7":{"start":{"line":23,"column":15},"end":{"line":23,"column":63}},"8":{"start":{"line":25,"column":17},"end":{"line":25,"column":69}},"9":{"start":{"line":26,"column":2},"end":{"line":26,"column":60}},"10":{"start":{"line":26,"column":14},"end":{"line":26,"column":60}},"11":{"start":{"line":28,"column":23},"end":{"line":28,"column":81}},"12":{"start":{"line":29,"column":2},"end":{"line":29,"column":78}},"13":{"start":{"line":29,"column":20},"end":{"line":29,"column":78}},"14":{"start":{"line":31,"column":2},"end":{"line":31,"column":14}},"15":{"start":{"line":34,"column":17},"end":{"line":57,"column":1}},"16":{"start":{"line":35,"column":19},"end":{"line":35,"column":55}},"17":{"start":{"line":36,"column":2},"end":{"line":36,"column":73}},"18":{"start":{"line":36,"column":16},"end":{"line":36,"column":73}},"19":{"start":{"line":38,"column":17},"end":{"line":38,"column":53}},"20":{"start":{"line":40,"column":18},"end":{"line":49,"column":4}},"21":{"start":{"line":51,"column":22},"end":{"line":51,"column":79}},"22":{"start":{"line":53,"column":2},"end":{"line":56,"column":4}},"23":{"start":{"line":59,"column":14},"end":{"line":72,"column":1}},"24":{"start":{"line":60,"column":15},"end":{"line":60,"column":51}},"25":{"start":{"line":61,"column":2},"end":{"line":61,"column":58}},"26":{"start":{"line":61,"column":13},"end":{"line":61,"column":58}},"27":{"start":{"line":63,"column":16},"end":{"line":63,"column":69}},"28":{"start":{"line":64,"column":2},"end":{"line":64,"column":59}},"29":{"start":{"line":64,"column":14},"end":{"line":64,"column":59}},"30":{"start":{"line":66,"column":22},"end":{"line":66,"column":73}},"31":{"start":{"line":68,"column":2},"end":{"line":71,"column":4}},"32":{"start":{"line":74,"column":20},"end":{"line":94,"column":1}},"33":{"start":{"line":75,"column":19},"end":{"line":75,"column":85}},"34":{"start":{"line":76,"column":2},"end":{"line":76,"column":75}},"35":{"start":{"line":76,"column":16},"end":{"line":76,"column":75}},"36":{"start":{"line":78,"column":17},"end":{"line":78,"column":53}},"37":{"start":{"line":80,"column":16},"end":{"line":86,"column":4}},"38":{"start":{"line":88,"column":22},"end":{"line":88,"column":73}},"39":{"start":{"line":90,"column":2},"end":{"line":93,"column":4}},"40":{"start":{"line":98,"column":19},"end":{"line":111,"column":1}},"41":{"start":{"line":99,"column":16},"end":{"line":99,"column":82}},"42":{"start":{"line":100,"column":2},"end":{"line":100,"column":59}},"43":{"start":{"line":100,"column":14},"end":{"line":100,"column":59}},"44":{"start":{"line":102,"column":16},"end":{"line":102,"column":70}},"45":{"start":{"line":103,"column":2},"end":{"line":103,"column":59}},"46":{"start":{"line":103,"column":14},"end":{"line":103,"column":59}},"47":{"start":{"line":105,"column":22},"end":{"line":105,"column":73}},"48":{"start":{"line":107,"column":2},"end":{"line":110,"column":4}},"49":{"start":{"line":113,"column":27},"end":{"line":118,"column":2}}},"fnMap":{"0":{"name":"(anonymous_0)","decl":{"start":{"line":7,"column":21},"end":{"line":7,"column":26}},"loc":{"start":{"line":7,"column":65},"end":{"line":9,"column":1}}},"1":{"name":"(anonymous_1)","decl":{"start":{"line":11,"column":28},"end":{"line":11,"column":null}},"loc":{"start":{"line":15,"column":12},"end":{"line":19,"column":1}}},"2":{"name":"(anonymous_2)","decl":{"start":{"line":21,"column":24},"end":{"line":21,"column":29}},"loc":{"start":{"line":21,"column":48},"end":{"line":32,"column":1}}},"3":{"name":"(anonymous_3)","decl":{"start":{"line":34,"column":17},"end":{"line":34,"column":22}},"loc":{"start":{"line":34,"column":75},"end":{"line":57,"column":1}}},"4":{"name":"(anonymous_4)","decl":{"start":{"line":59,"column":14},"end":{"line":59,"column":19}},"loc":{"start":{"line":59,"column":69},"end":{"line":72,"column":1}}},"5":{"name":"(anonymous_5)","decl":{"start":{"line":74,"column":20},"end":{"line":74,"column":25}},"loc":{"start":{"line":74,"column":81},"end":{"line":94,"column":1}}},"6":{"name":"(anonymous_6)","decl":{"start":{"line":98,"column":19},"end":{"line":98,"column":24}},"loc":{"start":{"line":98,"column":74},"end":{"line":111,"column":1}}}},"branchMap":{"0":{"loc":{"start":{"line":23,"column":2},"end":{"line":23,"column":63}},"type":"if","locations":[{"start":{"line":23,"column":2},"end":{"line":23,"column":63}},{"start":{},"end":{}}]},"1":{"loc":{"start":{"line":26,"column":2},"end":{"line":26,"column":60}},"type":"if","locations":[{"start":{"line":26,"column":2},"end":{"line":26,"column":60}},{"start":{},"end":{}}]},"2":{"loc":{"start":{"line":29,"column":2},"end":{"line":29,"column":78}},"type":"if","locations":[{"start":{"line":29,"column":2},"end":{"line":29,"column":78}},{"start":{},"end":{}}]},"3":{"loc":{"start":{"line":36,"column":2},"end":{"line":36,"column":73}},"type":"if","locations":[{"start":{"line":36,"column":2},"end":{"line":36,"column":73}},{"start":{},"end":{}}]},"4":{"loc":{"start":{"line":61,"column":2},"end":{"line":61,"column":58}},"type":"if","locations":[{"start":{"line":61,"column":2},"end":{"line":61,"column":58}},{"start":{},"end":{}}]},"5":{"loc":{"start":{"line":64,"column":2},"end":{"line":64,"column":59}},"type":"if","locations":[{"start":{"line":64,"column":2},"end":{"line":64,"column":59}},{"start":{},"end":{}}]},"6":{"loc":{"start":{"line":76,"column":2},"end":{"line":76,"column":75}},"type":"if","locations":[{"start":{"line":76,"column":2},"end":{"line":76,"column":75}},{"start":{},"end":{}}]},"7":{"loc":{"start":{"line":100,"column":2},"end":{"line":100,"column":59}},"type":"if","locations":[{"start":{"line":100,"column":2},"end":{"line":100,"column":59}},{"start":{},"end":{}}]},"8":{"loc":{"start":{"line":103,"column":2},"end":{"line":103,"column":59}},"type":"if","locations":[{"start":{"line":103,"column":2},"end":{"line":103,"column":59}},{"start":{},"end":{}}]}},"s":{"0":11,"1":2,"2":11,"3":6,"4":11,"5":9,"6":9,"7":3,"8":6,"9":6,"10":2,"11":4,"12":4,"13":2,"14":2,"15":11,"16":4,"17":4,"18":3,"19":1,"20":1,"21":1,"22":1,"23":11,"24":5,"25":5,"26":1,"27":4,"28":4,"29":1,"30":3,"31":3,"32":11,"33":2,"34":2,"35":1,"36":1,"37":1,"38":1,"39":1,"40":11,"41":3,"42":3,"43":1,"44":2,"45":2,"46":1,"47":1,"48":1,"49":11},"f":{"0":2,"1":6,"2":9,"3":4,"4":5,"5":2,"6":3},"b":{"0":[3,6],"1":[2,4],"2":[2,2],"3":[3,1],"4":[1,4],"5":[1,3],"6":[1,1],"7":[1,2],"8":[1,1]}}
,"C:\\Users\\USER\\OneDrive\\Desktop\\IIUC DOC\\6TH SEM\\FINAL\\SD2\\HealthCare\\src\\modules\\doctors\\doctor.controller.ts": {"path":"C:\\Users\\USER\\OneDrive\\Desktop\\IIUC DOC\\6TH SEM\\FINAL\\SD2\\HealthCare\\src\\modules\\doctors\\doctor.controller.ts","statementMap":{"0":{"start":{"line":7,"column":22},"end":{"line":29,"column":null}},"1":{"start":{"line":9,"column":47},"end":{"line":9,"column":56}},"2":{"start":{"line":11,"column":19},"end":{"line":16,"column":6}},"3":{"start":{"line":18,"column":4},"end":{"line":28,"column":7}},"4":{"start":{"line":32,"column":22},"end":{"line":43,"column":null}},"5":{"start":{"line":34,"column":15},"end":{"line":34,"column":38}},"6":{"start":{"line":35,"column":19},"end":{"line":35,"column":56}},"7":{"start":{"line":37,"column":4},"end":{"line":42,"column":7}},"8":{"start":{"line":46,"column":21},"end":{"line":56,"column":null}},"9":{"start":{"line":48,"column":19},"end":{"line":48,"column":65}},"10":{"start":{"line":50,"column":4},"end":{"line":55,"column":7}},"11":{"start":{"line":59,"column":24},"end":{"line":69,"column":null}},"12":{"start":{"line":61,"column":19},"end":{"line":61,"column":78}},"13":{"start":{"line":63,"column":4},"end":{"line":68,"column":7}},"14":{"start":{"line":72,"column":22},"end":{"line":85,"column":null}},"15":{"start":{"line":74,"column":21},"end":{"line":74,"column":30}},"16":{"start":{"line":75,"column":19},"end":{"line":77,"column":6}},"17":{"start":{"line":79,"column":4},"end":{"line":84,"column":7}},"18":{"start":{"line":88,"column":26},"end":{"line":98,"column":null}},"19":{"start":{"line":90,"column":25},"end":{"line":90,"column":76}},"20":{"start":{"line":92,"column":4},"end":{"line":97,"column":7}},"21":{"start":{"line":101,"column":32},"end":{"line":108,"column":2}}},"fnMap":{"0":{"name":"(anonymous_0)","decl":{"start":{"line":8,"column":2},"end":{"line":8,"column":7}},"loc":{"start":{"line":8,"column":60},"end":{"line":29,"column":3}}},"1":{"name":"(anonymous_1)","decl":{"start":{"line":33,"column":2},"end":{"line":33,"column":7}},"loc":{"start":{"line":33,"column":60},"end":{"line":43,"column":3}}},"2":{"name":"(anonymous_2)","decl":{"start":{"line":47,"column":2},"end":{"line":47,"column":7}},"loc":{"start":{"line":47,"column":60},"end":{"line":56,"column":3}}},"3":{"name":"(anonymous_3)","decl":{"start":{"line":60,"column":2},"end":{"line":60,"column":7}},"loc":{"start":{"line":60,"column":60},"end":{"line":69,"column":3}}},"4":{"name":"(anonymous_4)","decl":{"start":{"line":73,"column":2},"end":{"line":73,"column":7}},"loc":{"start":{"line":73,"column":60},"end":{"line":85,"column":3}}},"5":{"name":"(anonymous_5)","decl":{"start":{"line":89,"column":2},"end":{"line":89,"column":7}},"loc":{"start":{"line":89,"column":60},"end":{"line":98,"column":3}}}},"branchMap":{"0":{"loc":{"start":{"line":14,"column":12},"end":{"line":14,"column":43}},"type":"cond-expr","locations":[{"start":{"line":14,"column":19},"end":{"line":14,"column":31}},{"start":{"line":14,"column":34},"end":{"line":14,"column":43}}]},"1":{"loc":{"start":{"line":15,"column":13},"end":{"line":15,"column":46}},"type":"cond-expr","locations":[{"start":{"line":15,"column":21},"end":{"line":15,"column":34}},{"start":{"line":15,"column":37},"end":{"line":15,"column":46}}]}},"s":{"0":11,"1":1,"2":1,"3":1,"4":11,"5":2,"6":2,"7":1,"8":11,"9":1,"10":1,"11":11,"12":1,"13":1,"14":11,"15":2,"16":2,"17":2,"18":11,"19":1,"20":1,"21":11},"f":{"0":1,"1":2,"2":1,"3":1,"4":2,"5":1},"b":{"0":[1,0],"1":[1,0]}}
,"C:\\Users\\USER\\OneDrive\\Desktop\\IIUC DOC\\6TH SEM\\FINAL\\SD2\\HealthCare\\src\\modules\\doctors\\doctor.route.ts": {"path":"C:\\Users\\USER\\OneDrive\\Desktop\\IIUC DOC\\6TH SEM\\FINAL\\SD2\\HealthCare\\src\\modules\\doctors\\doctor.route.ts","statementMap":{"0":{"start":{"line":6,"column":15},"end":{"line":6,"column":23}},"1":{"start":{"line":8,"column":0},"end":{"line":8,"column":113}},"2":{"start":{"line":9,"column":0},"end":{"line":9,"column":78}},"3":{"start":{"line":10,"column":0},"end":{"line":10,"column":81}},"4":{"start":{"line":11,"column":0},"end":{"line":11,"column":88}},"5":{"start":{"line":12,"column":0},"end":{"line":12,"column":96}},"6":{"start":{"line":13,"column":0},"end":{"line":13,"column":116}},"7":{"start":{"line":15,"column":28},"end":{"line":15,"column":34}}},"fnMap":{},"branchMap":{},"s":{"0":11,"1":11,"2":11,"3":11,"4":11,"5":11,"6":11,"7":11},"f":{},"b":{}}
,"C:\\Users\\USER\\OneDrive\\Desktop\\IIUC DOC\\6TH SEM\\FINAL\\SD2\\HealthCare\\src\\modules\\doctors\\doctor.service.ts": {"path":"C:\\Users\\USER\\OneDrive\\Desktop\\IIUC DOC\\6TH SEM\\FINAL\\SD2\\HealthCare\\src\\modules\\doctors\\doctor.service.ts","statementMap":{"0":{"start":{"line":4,"column":21},"end":{"line":11,"column":2}},"1":{"start":{"line":13,"column":22},"end":{"line":46,"column":1}},"2":{"start":{"line":14,"column":54},"end":{"line":14,"column":61}},"3":{"start":{"line":16,"column":37},"end":{"line":16,"column":39}},"4":{"start":{"line":18,"column":2},"end":{"line":18,"column":80}},"5":{"start":{"line":18,"column":17},"end":{"line":18,"column":80}},"6":{"start":{"line":19,"column":2},"end":{"line":24,"column":3}},"7":{"start":{"line":20,"column":4},"end":{"line":23,"column":6}},"8":{"start":{"line":26,"column":15},"end":{"line":26,"column":33}},"9":{"start":{"line":28,"column":27},"end":{"line":43,"column":4}},"10":{"start":{"line":45,"column":2},"end":{"line":45,"column":41}},"11":{"start":{"line":48,"column":22},"end":{"line":57,"column":1}},"12":{"start":{"line":49,"column":17},"end":{"line":52,"column":4}},"13":{"start":{"line":54,"column":2},"end":{"line":54,"column":51}},"14":{"start":{"line":54,"column":15},"end":{"line":54,"column":51}},"15":{"start":{"line":56,"column":2},"end":{"line":56,"column":16}},"16":{"start":{"line":59,"column":21},"end":{"line":68,"column":1}},"17":{"start":{"line":60,"column":17},"end":{"line":63,"column":4}},"18":{"start":{"line":65,"column":2},"end":{"line":65,"column":51}},"19":{"start":{"line":65,"column":15},"end":{"line":65,"column":51}},"20":{"start":{"line":67,"column":2},"end":{"line":67,"column":16}},"21":{"start":{"line":70,"column":24},"end":{"line":86,"column":1}},"22":{"start":{"line":71,"column":19},"end":{"line":71,"column":76}},"23":{"start":{"line":72,"column":2},"end":{"line":72,"column":53}},"24":{"start":{"line":72,"column":17},"end":{"line":72,"column":53}},"25":{"start":{"line":74,"column":36},"end":{"line":74,"column":38}},"26":{"start":{"line":75,"column":2},"end":{"line":75,"column":45}},"27":{"start":{"line":75,"column":20},"end":{"line":75,"column":45}},"28":{"start":{"line":76,"column":2},"end":{"line":76,"column":51}},"29":{"start":{"line":76,"column":22},"end":{"line":76,"column":51}},"30":{"start":{"line":77,"column":2},"end":{"line":77,"column":60}},"31":{"start":{"line":77,"column":25},"end":{"line":77,"column":60}},"32":{"start":{"line":79,"column":17},"end":{"line":83,"column":4}},"33":{"start":{"line":85,"column":2},"end":{"line":85,"column":16}},"34":{"start":{"line":88,"column":22},"end":{"line":107,"column":1}},"35":{"start":{"line":89,"column":20},"end":{"line":89,"column":66}},"36":{"start":{"line":90,"column":2},"end":{"line":90,"column":33}},"37":{"start":{"line":91,"column":18},"end":{"line":91,"column":37}},"38":{"start":{"line":92,"column":2},"end":{"line":92,"column":41}},"39":{"start":{"line":93,"column":2},"end":{"line":93,"column":36}},"40":{"start":{"line":95,"column":23},"end":{"line":104,"column":4}},"41":{"start":{"line":106,"column":2},"end":{"line":106,"column":66}},"42":{"start":{"line":109,"column":26},"end":{"line":125,"column":1}},"43":{"start":{"line":110,"column":14},"end":{"line":110,"column":24}},"44":{"start":{"line":112,"column":23},"end":{"line":122,"column":4}},"45":{"start":{"line":124,"column":2},"end":{"line":124,"column":22}},"46":{"start":{"line":127,"column":29},"end":{"line":134,"column":2}}},"fnMap":{"0":{"name":"(anonymous_0)","decl":{"start":{"line":13,"column":22},"end":{"line":13,"column":27}},"loc":{"start":{"line":13,"column":55},"end":{"line":46,"column":1}}},"1":{"name":"(anonymous_1)","decl":{"start":{"line":48,"column":22},"end":{"line":48,"column":27}},"loc":{"start":{"line":48,"column":49},"end":{"line":57,"column":1}}},"2":{"name":"(anonymous_2)","decl":{"start":{"line":59,"column":21},"end":{"line":59,"column":26}},"loc":{"start":{"line":59,"column":46},"end":{"line":68,"column":1}}},"3":{"name":"(anonymous_3)","decl":{"start":{"line":70,"column":24},"end":{"line":70,"column":29}},"loc":{"start":{"line":70,"column":79},"end":{"line":86,"column":1}}},"4":{"name":"(anonymous_4)","decl":{"start":{"line":88,"column":22},"end":{"line":88,"column":27}},"loc":{"start":{"line":88,"column":69},"end":{"line":107,"column":1}}},"5":{"name":"(anonymous_5)","decl":{"start":{"line":109,"column":26},"end":{"line":109,"column":31}},"loc":{"start":{"line":109,"column":51},"end":{"line":125,"column":1}}}},"branchMap":{"0":{"loc":{"start":{"line":14,"column":29},"end":{"line":14,"column":37}},"type":"default-arg","locations":[{"start":{"line":14,"column":36},"end":{"line":14,"column":37}}]},"1":{"loc":{"start":{"line":14,"column":39},"end":{"line":14,"column":49}},"type":"default-arg","locations":[{"start":{"line":14,"column":47},"end":{"line":14,"column":49}}]},"2":{"loc":{"start":{"line":18,"column":2},"end":{"line":18,"column":80}},"type":"if","locations":[{"start":{"line":18,"column":2},"end":{"line":18,"column":80}},{"start":{},"end":{}}]},"3":{"loc":{"start":{"line":19,"column":2},"end":{"line":24,"column":3}},"type":"if","locations":[{"start":{"line":19,"column":2},"end":{"line":24,"column":3}},{"start":{},"end":{}}]},"4":{"loc":{"start":{"line":54,"column":2},"end":{"line":54,"column":51}},"type":"if","locations":[{"start":{"line":54,"column":2},"end":{"line":54,"column":51}},{"start":{},"end":{}}]},"5":{"loc":{"start":{"line":65,"column":2},"end":{"line":65,"column":51}},"type":"if","locations":[{"start":{"line":65,"column":2},"end":{"line":65,"column":51}},{"start":{},"end":{}}]},"6":{"loc":{"start":{"line":72,"column":2},"end":{"line":72,"column":53}},"type":"if","locations":[{"start":{"line":72,"column":2},"end":{"line":72,"column":53}},{"start":{},"end":{}}]},"7":{"loc":{"start":{"line":75,"column":2},"end":{"line":75,"column":45}},"type":"if","locations":[{"start":{"line":75,"column":2},"end":{"line":75,"column":45}},{"start":{},"end":{}}]},"8":{"loc":{"start":{"line":76,"column":2},"end":{"line":76,"column":51}},"type":"if","locations":[{"start":{"line":76,"column":2},"end":{"line":76,"column":51}},{"start":{},"end":{}}]},"9":{"loc":{"start":{"line":77,"column":2},"end":{"line":77,"column":60}},"type":"if","locations":[{"start":{"line":77,"column":2},"end":{"line":77,"column":60}},{"start":{},"end":{}}]},"10":{"loc":{"start":{"line":89,"column":20},"end":{"line":89,"column":66}},"type":"cond-expr","locations":[{"start":{"line":89,"column":33},"end":{"line":89,"column":53}},{"start":{"line":89,"column":56},"end":{"line":89,"column":66}}]}},"s":{"0":11,"1":11,"2":1,"3":1,"4":1,"5":1,"6":1,"7":1,"8":1,"9":1,"10":1,"11":11,"12":2,"13":2,"14":1,"15":1,"16":11,"17":1,"18":1,"19":0,"20":1,"21":11,"22":1,"23":1,"24":0,"25":1,"26":1,"27":1,"28":1,"29":0,"30":1,"31":1,"32":1,"33":1,"34":11,"35":2,"36":2,"37":2,"38":2,"39":2,"40":2,"41":2,"42":11,"43":1,"44":1,"45":1,"46":11},"f":{"0":1,"1":2,"2":1,"3":1,"4":2,"5":1},"b":{"0":[0],"1":[0],"2":[1,0],"3":[1,0],"4":[1,1],"5":[0,1],"6":[0,1],"7":[1,
[...]
:6,"column":64}},"2":{"start":{"line":7,"column":37},"end":{"line":7,"column":39}},"3":{"start":{"line":9,"column":2},"end":{"line":9,"column":42}},"4":{"start":{"line":9,"column":16},"end":{"line":9,"column":42}},"5":{"start":{"line":10,"column":2},"end":{"line":10,"column":36}},"6":{"start":{"line":10,"column":14},"end":{"line":10,"column":36}},"7":{"start":{"line":11,"column":2},"end":{"line":17,"column":3}},"8":{"start":{"line":12,"column":22},"end":{"line":12,"column":36}},"9":{"start":{"line":13,"column":4},"end":{"line":13,"column":35}},"10":{"start":{"line":14,"column":20},"end":{"line":14,"column":34}},"11":{"start":{"line":15,"column":4},"end":{"line":15,"column":38}},"12":{"start":{"line":16,"column":4},"end":{"line":16,"column":57}},"13":{"start":{"line":19,"column":15},"end":{"line":19,"column":33}},"14":{"start":{"line":21,"column":32},"end":{"line":33,"column":4}},"15":{"start":{"line":35,"column":2},"end":{"line":35,"column":46}},"16":{"start":{"line":38,"column":24},"end":{"line":58,"column":1}},"17":{"start":{"line":39,"column":19},"end":{"line":41,"column":4}},"18":{"start":{"line":42,"column":2},"end":{"line":42,"column":58}},"19":{"start":{"line":42,"column":17},"end":{"line":42,"column":58}},"20":{"start":{"line":44,"column":36},"end":{"line":44,"column":38}},"21":{"start":{"line":45,"column":2},"end":{"line":45,"column":76}},"22":{"start":{"line":45,"column":27},"end":{"line":45,"column":76}},"23":{"start":{"line":46,"column":2},"end":{"line":46,"column":72}},"24":{"start":{"line":46,"column":22},"end":{"line":46,"column":72}},"25":{"start":{"line":48,"column":22},"end":{"line":55,"column":4}},"26":{"start":{"line":57,"column":2},"end":{"line":57,"column":21}},"27":{"start":{"line":60,"column":16},"end":{"line":77,"column":1}},"28":{"start":{"line":61,"column":19},"end":{"line":63,"column":4}},"29":{"start":{"line":64,"column":2},"end":{"line":64,"column":58}},"30":{"start":{"line":64,"column":17},"end":{"line":64,"column":58}},"31":{"start":{"line":65,"column":2},"end":{"line":65,"column":98}},"32":{"start":{"line":65,"column":36},"end":{"line":65,"column":98}},"33":{"start":{"line":67,"column":22},"end":{"line":74,"column":4}},"34":{"start":{"line":76,"column":2},"end":{"line":76,"column":21}},"35":{"start":{"line":79,"column":17},"end":{"line":96,"column":1}},"36":{"start":{"line":80,"column":19},"end":{"line":82,"column":4}},"37":{"start":{"line":83,"column":2},"end":{"line":83,"column":58}},"38":{"start":{"line":83,"column":17},"end":{"line":83,"column":58}},"39":{"start":{"line":84,"column":2},"end":{"line":84,"column":107}},"40":{"start":{"line":84,"column":40},"end":{"line":84,"column":107}},"41":{"start":{"line":86,"column":22},"end":{"line":93,"column":4}},"42":{"start":{"line":95,"column":2},"end":{"line":95,"column":21}},"43":{"start":{"line":98,"column":35},"end":{"line":103,"column":2}}},"fnMap":{"0":{"name":"(anonymous_0)","decl":{"start":{"line":5,"column":24},"end":{"line":5,"column":29}},"loc":{"start":{"line":5,"column":58},"end":{"line":36,"column":1}}},"1":{"name":"(anonymous_1)","decl":{"start":{"line":38,"column":24},"end":{"line":38,"column":29}},"loc":{"start":{"line":38,"column":89},"end":{"line":58,"column":1}}},"2":{"name":"(anonymous_2)","decl":{"start":{"line":60,"column":16},"end":{"line":60,"column":21}},"loc":{"start":{"line":60,"column":48},"end":{"line":77,"column":1}}},"3":{"name":"(anonymous_3)","decl":{"start":{"line":79,"column":17},"end":{"line":79,"column":22}},"loc":{"start":{"line":79,"column":49},"end":{"line":96,"column":1}}}},"branchMap":{"0":{"loc":{"start":{"line":6,"column":34},"end":{"line":6,"column":42}},"type":"default-arg","locations":[{"start":{"line":6,"column":41},"end":{"line":6,"column":42}}]},"1":{"loc":{"start":{"line":6,"column":44},"end":{"line":6,"column":54}},"type":"default-arg","locations":[{"start":{"line":6,"column":52},"end":{"line":6,"column":54}}]},"2":{"loc":{"start":{"line":9,"column":2},"end":{"line":9,"column":42}},"type":"if","locations":[{"start":{"line":9,"column":2},"end":{"line":9,"column":42}},{"start":{},"end":{}}]},"3":{"loc":{"start":{"line":10,"column":2},"end":{"line":10,"column":36}},"type":"if","locations":[{"start":{"line":10,"column":2},"end":{"line":10,"column":36}},{"start":{},"end":{}}]},"4":{"loc":{"start":{"line":11,"column":2},"end":{"line":17,"column":3}},"type":"if","locations":[{"start":{"line":11,"column":2},"end":{"line":17,"column":3}},{"start":{},"end":{}}]},"5":{"loc":{"start":{"line":42,"column":2},"end":{"line":42,"column":58}},"type":"if","locations":[{"start":{"line":42,"column":2},"end":{"line":42,"column":58}},{"start":{},"end":{}}]},"6":{"loc":{"start":{"line":45,"column":2},"end":{"line":45,"column":76}},"type":"if","locations":[{"start":{"line":45,"column":2},"end":{"line":45,"column":76}},{"start":{},"end":{}}]},"7":{"loc":{"start":{"line":46,"column":2},"end":{"line":46,"column":72}},"type":"if","locations":[{"start":{"line":46,"column":2},"end":{"line":46,"column":72}},{"start":{},"end":{}}]},"8":{"loc":{"start":{"line":64,"column":2},"end":{"line":64,"column":58}},"type":"if","locations":[{"start":{"line":64,"column":2},"end":{"line":64,"column":58}},{"start":{},"end":{}}]},"9":{"loc":{"start":{"line":65,"column":2},"end":{"line":65,"column":98}},"type":"if","locations":[{"start":{"line":65,"column":2},"end":{"line":65,"column":98}},{"start":{},"end":{}}]},"10":{"loc":{"start":{"line":83,"column":2},"end":{"line":83,"column":58}},"type":"if","locations":[{"start":{"line":83,"column":2},"end":{"line":83,"column":58}},{"start":{},"end":{}}]},"11":{"loc":{"start":{"line":84,"column":2},"end":{"line":84,"column":107}},"type":"if","locations":[{"start":{"line":84,"column":2},"end":{"line":84,"column":107}},{"start":{},"end":{}}]}},"s":{"0":11,"1":2,"2":2,"3":2,"4":1,"5":2,"6":1,"7":2,"8":1,"9":1,"10":1,"11":1,"12":1,"13":2,"14":2,"15":2,"16":11,"17":2,"18":2,"19":1,"20":1,"21":1,"22":1,"23":1,"24":1,"25":1,"26":1,"27":11,"28":2,"29":2,"30":0,"31":2,"32":1,"33":1,"34":1,"35":11,"36":2,"37":2,"38":0,"39":2,"40":1,"41":1,"42":1,"43":11},"f":{"0":2,"1":2,"2":2,"3":2},"b":{"0":[1],"1":[1],"2":[1,1],"3":[1,1],"4":[1,1],"5":[1,1],"6":[1,0],"7":[1,0],"8":[0,2],"9":[1,1],"10":[0,2],"11":[1,1]}}
,"C:\\Users\\USER\\OneDrive\\Desktop\\IIUC DOC\\6TH SEM\\FINAL\\SD2\\HealthCare\\src\\modules\\search\\search.controller.ts": {"path":"C:\\Users\\USER\\OneDrive\\Desktop\\IIUC DOC\\6TH SEM\\FINAL\\SD2\\HealthCare\\src\\modules\\search\\search.controller.ts","statementMap":{"0":{"start":{"line":7,"column":23},"end":{"line":18,"column":null}},"1":{"start":{"line":9,"column":18},"end":{"line":9,"column":43}},"2":{"start":{"line":10,"column":21},"end":{"line":10,"column":62}},"3":{"start":{"line":12,"column":4},"end":{"line":17,"column":7}},"4":{"start":{"line":21,"column":27},"end":{"line":37,"column":null}},"5":{"start":{"line":23,"column":39},"end":{"line":23,"column":48}},"6":{"start":{"line":25,"column":25},"end":{"line":29,"column":6}},"7":{"start":{"line":31,"column":4},"end":{"line":36,"column":7}},"8":{"start":{"line":40,"column":32},"end":{"line":43,"column":2}}},"fnMap":{"0":{"name":"(anonymous_0)","decl":{"start":{"line":8,"column":2},"end":{"line":8,"column":7}},"loc":{"start":{"line":8,"column":60},"end":{"line":18,"column":3}}},"1":{"name":"(anonymous_1)","decl":{"start":{"line":22,"column":2},"end":{"line":22,"column":7}},"loc":{"start":{"line":22,"column":60},"end":{"line":37,"column":3}}}},"branchMap":{},"s":{"0":11,"1":2,"2":2,"3":2,"4":11,"5":2,"6":2,"7":2,"8":11},"f":{"0":2,"1":2},"b":{}}
,"C:\\Users\\USER\\OneDrive\\Desktop\\IIUC DOC\\6TH SEM\\FINAL\\SD2\\HealthCare\\src\\modules\\search\\search.routes.ts": {"path":"C:\\Users\\USER\\OneDrive\\Desktop\\IIUC DOC\\6TH SEM\\FINAL\\SD2\\HealthCare\\src\\modules\\search\\search.routes.ts","statementMap":{"0":{"start":{"line":6,"column":15},"end":{"line":6,"column":23}},"1":{"start":{"line":8,"column":0},"end":{"line":13,"column":2}},"2":{"start":{"line":15,"column":0},"end":{"line":20,"column":2}},"3":{"start":{"line":22,"column":28},"end":{"line":22,"column":34}}},"fnMap":{},"branchMap":{},"s":{"0":11,"1":11,"2":11,"3":11},"f":{},"b":{}}
,"C:\\Users\\USER\\OneDrive\\Desktop\\IIUC DOC\\6TH SEM\\FINAL\\SD2\\HealthCare\\src\\modules\\search\\search.service.ts": {"path":"C:\\Users\\USER\\OneDrive\\Desktop\\IIUC DOC\\6TH SEM\\FINAL\\SD2\\HealthCare\\src\\modules\\search\\search.service.ts","statementMap":{"0":{"start":{"line":3,"column":23},"end":{"line":70,"column":1}},"1":{"start":{"line":4,"column":2},"end":{"line":6,"column":3}},"2":{"start":{"line":5,"column":4},"end":{"line":5,"column":14}},"3":{"start":{"line":8,"column":21},"end":{"line":8,"column":33}},"4":{"start":{"line":10,"column":46},"end":{"line":60,"column":4}},"5":{"start":{"line":62,"column":15},"end":{"line":62,"column":32}},"6":{"start":{"line":63,"column":17},"end":{"line":67,"column":4}},"7":{"start":{"line":64,"column":4},"end":{"line":64,"column":37}},"8":{"start":{"line":64,"column":24},"end":{"line":64,"column":37}},"9":{"start":{"line":65,"column":4},"end":{"line":65,"column":19}},"10":{"start":{"line":66,"column":4},"end":{"line":66,"column":16}},"11":{"start":{"line":69,"column":2},"end":{"line":69,"column":16}},"12":{"start":{"line":72,"column":27},"end":{"line":99,"column":1}},"13":{"start":{"line":77,"column":37},"end":{"line":77,"column":39}},"14":{"start":{"line":79,"column":2},"end":{"line":79,"column":58}},"15":{"start":{"line":79,"column":24},"end":{"line":79,"column":58}},"16":{"start":{"line":80,"column":2},"end":{"line":80,"column":52}},"17":{"start":{"line":80,"column":22},"end":{"line":80,"column":52}},"18":{"start":{"line":81,"column":2},"end":{"line":87,"column":3}},"19":{"start":{"line":82,"column":22},"end":{"line":82,"column":44}},"20":{"start":{"line":83,"column":4},"end":{"line":83,"column":35}},"21":{"start":{"line":84,"column":20},"end":{"line":84,"column":42}},"22":{"start":{"line":85,"column":4},"end":{"line":85,"column":38}},"23":{"start":{"line":86,"column":4},"end":{"line":86,"column":57}},"24":{"start":{"line":89,"column":23},"end":{"line":96,"column":4}},"25":{"start":{"line":98,"column":2},"end":{"line":98,"column":22}},"26":{"start":{"line":101,"column":29},"end":{"line":104,"column":2}}},"fnMap":{"0":{"name":"(anonymous_0)","decl":{"start":{"line":3,"column":23},"end":{"line":3,"column":28}},"loc":{"start":{"line":3,"column":47},"end":{"line":70,"column":1}}},"1":{"name":"(anonymous_1)","decl":{"start":{"line":63,"column":69},"end":{"line":63,"column":70}},"loc":{"start":{"line":63,"column":75},"end":{"line":67,"column":3}}},"2":{"name":"(anonymous_2)","decl":{"start":{"line":72,"column":27},"end":{"line":72,"column":32}},"loc":{"start":{"line":76,"column":5},"end":{"line":99,"column":1}}}},"branchMap":{"0":{"loc":{"start":{"line":4,"column":2},"end":{"line":6,"column":3}},"type":"if","locations":[{"start":{"line":4,"column":2},"end":{"line":6,"column":3}},{"start":{},"end":{}}]},"1":{"loc":{"start":{"line":4,"column":6},"end":{"line":4,"column":41}},"type":"binary-expr","locations":[{"start":{"line":4,"column":6},"end":{"line":4,"column":12}},{"start":{"line":4,"column":16},"end":{"line":4,"column":41}}]},"2":{"loc":{"start":{"line":64,"column":4},"end":{"line":64,"column":37}},"type":"if","locations":[{"start":{"line":64,"column":4},"end":{"line":64,"column":37}},{"start":{},"end":{}}]},"3":{"loc":{"start":{"line":79,"column":2},"end":{"line":79,"column":58}},"type":"if","locations":[{"start":{"line":79,"column":2},"end":{"line":79,"column":58}},{"start":{},"end":{}}]},"4":{"loc":{"start":{"line":80,"column":2},"end":{"line":80,"column":52}},"type":"if","locations":[{"start":{"line":80,"column":2},"end":{"line":80,"column":52}},{"start":{},"end":{}}]},"5":{"loc":{"start":{"line":81,"column":2},"end":{"line":87,"column":3}},"type":"if","locations":[{"start":{"line":81,"column":2},"end":{"line":87,"column":3}},{"start":{},"end":{}}]}},"s":{"0":11,"1":2,"2":1,"3":1,"4":1,"5":1,"6":1,"7":2,"8":0,"9":2,"10":2,"11":1,"12":11,"13":2,"14":2,"15":2,"16":2,"17":2,"18":2,"19":2,"20":2,"21":2,"22":2,"23":2,"24":2,"25":2,"26":11},"f":{"0":2,"1":2,"2":2},"b":{"0":[1,1],"1":[2,1],"2":[0,2],"3":[2,0],"4":[2,0],"5":[2,0]}}
,"C:\\Users\\USER\\OneDrive\\Desktop\\IIUC DOC\\6TH SEM\\FINAL\\SD2\\HealthCare\\src\\routes\\index.ts": {"path":"C:\\Users\\USER\\OneDrive\\Desktop\\IIUC DOC\\6TH SEM\\FINAL\\SD2\\HealthCare\\src\\routes\\index.ts","statementMap":{"0":{"start":{"line":14,"column":15},"end":{"line":14,"column":23}},"1":{"start":{"line":16,"column":0},"end":{"line":16,"column":32}},"2":{"start":{"line":17,"column":0},"end":{"line":17,"column":34}},"3":{"start":{"line":18,"column":0},"end":{"line":18,"column":37}},"4":{"start":{"line":19,"column":0},"end":{"line":19,"column":39}},"5":{"start":{"line":20,"column":0},"end":{"line":20,"column":52}},"6":{"start":{"line":21,"column":0},"end":{"line":21,"column":47}},"7":{"start":{"line":22,"column":0},"end":{"line":22,"column":42}},"8":{"start":{"line":23,"column":0},"end":{"line":23,"column":49}},"9":{"start":{"line":24,"column":0},"end":{"line":24,"column":49}},"10":{"start":{"line":25,"column":0},"end":{"line":25,"column":48}},"11":{"start":{"line":26,"column":0},"end":{"line":26,"column":36}}},"fnMap":{},"branchMap":{},"s":{"0":11,"1":11,"2":11,"3":11,"4":11,"5":11,"6":11,"7":11,"8":11,"9":11,"10":11,"11":11},"f":{},"b":{}}
,"C:\\Users\\USER\\OneDrive\\Desktop\\IIUC DOC\\6TH SEM\\FINAL\\SD2\\HealthCare\\src\\shared\\constants\\index.ts": {"path":"C:\\Users\\USER\\OneDrive\\Desktop\\IIUC DOC\\6TH SEM\\FINAL\\SD2\\HealthCare\\src\\shared\\constants\\index.ts","statementMap":{"0":{"start":{"line":1,"column":21},"end":{"line":6,"column":11}},"1":{"start":{"line":10,"column":33},"end":{"line":15,"column":11}},"2":{"start":{"line":19,"column":36},"end":{"line":24,"column":11}}},"fnMap":{},"branchMap":{},"s":{"0":1,"1":1,"2":1},"f":{},"b":{}}
,"C:\\Users\\USER\\OneDrive\\Desktop\\IIUC DOC\\6TH SEM\\FINAL\\SD2\\HealthCare\\src\\shared\\errors\\index.ts": {"path":"C:\\Users\\USER\\OneDrive\\Desktop\\IIUC DOC\\6TH SEM\\FINAL\\SD2\\HealthCare\\src\\shared\\errors\\index.ts","statementMap":{"0":{"start":{"line":7,"column":4},"end":{"line":7,"column":19}},"1":{"start":{"line":8,"column":4},"end":{"line":8,"column":33}},"2":{"start":{"line":9,"column":4},"end":{"line":9,"column":52}},"3":{"start":{"line":15,"column":4},"end":{"line":15,"column":57}},"4":{"start":{"line":16,"column":4},"end":{"line":16,"column":57}},"5":{"start":{"line":22,"column":4},"end":{"line":22,"column":44}},"6":{"start":{"line":23,"column":4},"end":{"line":23,"column":61}},"7":{"start":{"line":29,"column":4},"end":{"line":29,"column":41}},"8":{"start":{"line":30,"column":4},"end":{"line":30,"column":58}},"9":{"start":{"line":36,"column":4},"end":{"line":36,"column":40}},"10":{"start":{"line":37,"column":4},"end":{"line":37,"column":57}},"11":{"start":{"line":43,"column":4},"end":{"line":43,"column":43}},"12":{"start":{"line":44,"column":4},"end":{"line":44,"column":59}}},"fnMap":{"0":{"name":"(anonymous_0)","decl":{"start":{"line":6,"column":2},"end":{"line":6,"column":14}},"loc":{"start":{"line":6,"column":49},"end":{"line":10,"column":3}}},"1":{"name":"(anonymous_1)","decl":{"start":{"line":14,"column":2},"end":{"line":14,"column":14}},"loc":{"start":{"line":14,"column":43},"end":{"line":17,"column":3}}},"2":{"name":"(anonymous_2)","decl":{"start":{"line":21,"column":2},"end":{"line":21,"column":14}},"loc":{"start":{"line":21,"column":57},"end":{"line":24,"column":3}}},"3":{"name":"(anonymous_3)","decl":{"start":{"line":28,"column":2},"end":{"line":28,"column":14}},"loc":{"start":{"line":28,"column":83},"end":{"line":31,"column":3}}},"4":{"name":"(anonymous_4)","decl":{"start":{"line":35,"column":2},"end":{"line":35,"column":14}},"loc":{"start":{"line":35,"column":57},"end":{"line":38,"column":3}}},"5":{"name":"(anonymous_5)","decl":{"start":{"line":42,"column":2},"end":{"line":42,"column":14}},"loc":{"start":{"line":42,"column":55},"end":{"line":45,"column":3}}}},"branchMap":{"0":{"loc":{"start":{"line":14,"column":14},"end":{"line":14,"column":43}},"type":"default-arg","locations":[{"start":{"line":14,"column":33},"end":{"line":14,"column":43}}]},"1":{"loc":{"start":{"line":21,"column":14},"end":{"line":21,"column":57}},"type":"default-arg","locations":[{"start":{"line":21,"column":32},"end":{"line":21,"column":57}}]},"2":{"loc":{"start":{"line":28,"column":14},"end":{"line":28,"column":83}},"type":"default-arg","locations":[{"start":{"line":28,"column":32},"end":{"line":28,"column":83}}]},"3":{"loc":{"start":{"line":35,"column":14},"end":{"line":35,"column":57}},"type":"default-arg","locations":[{"start":{"line":35,"column":32},"end":{"line":35,"column":57}}]},"4":{"loc":{"start":{"line":42,"column":14},"end":{"line":42,"column":55}},"type":"default-arg","locations":[{"start":{"line":42,"column":32},"end":{"line":42,"column":55}}]}},"s":{"0":22,"1":22,"2":22,"3":5,"4":5,"5":5,"6":5,"7":3,"8":3,"9":3,"10":3,"11":3,"12":3},"f":{"0":22,"1":5,"2":5,"3":3,"4":3,"5":3},"b":{"0":[4],"1":[4],"2":[2],"3":[2],"4":[2]}}
,"C:\\Users\\USER\\OneDrive\\Desktop\\IIUC DOC\\6TH SEM\\FINAL\\SD2\\HealthCare\\src\\shared\\utils\\apiResponse.ts": {"path":"C:\\Users\\USER\\OneDrive\\Desktop\\IIUC DOC\\6TH SEM\\FINAL\\SD2\\HealthCare\\src\\shared\\utils\\apiResponse.ts","statementMap":{"0":{"start":{"line":17,"column":21},"end":{"line":25,"column":1}},"1":{"start":{"line":18,"column":2},"end":{"line":24,"column":5}}},"fnMap":{"0":{"name":"(anonymous_0)","decl":{"start":{"line":17,"column":21},"end":{"line":17,"column":25}},"loc":{"start":{"line":17,"column":66},"end":{"line":25,"column":1}}}},"branchMap":{},"s":{"0":13,"1":77},"f":{"0":77},"b":{}}
,"C:\\Users\\USER\\OneDrive\\Desktop\\IIUC DOC\\6TH SEM\\FINAL\\SD2\\HealthCare\\src\\shared\\utils\\asyncHandler.ts": {"path":"C:\\Users\\USER\\OneDrive\\Desktop\\IIUC DOC\\6TH SEM\\FINAL\\SD2\\HealthCare\\src\\shared\\utils\\asyncHandler.ts","statementMap":{"0":{"start":{"line":3,"column":19},"end":{"line":11,"column":1}},"1":{"start":{"line":4,"column":2},"end":{"line":10,"column":4}},"2":{"start":{"line":5,"column":4},"end":{"line":9,"column":5}},"3":{"start":{"line":6,"column":6},"end":{"line":6,"column":31}},"4":{"start":{"line":8,"column":6},"end":{"line":8,"column":18}}},"fnMap":{"0":{"name":"(anonymous_0)","decl":{"start":{"line":3,"column":19},"end":{"line":3,"column":20}},"loc":{"start":{"line":3,"column":42},"end":{"line":11,"column":1}}},"1":{"name":"(anonymous_1)","decl":{"start":{"line":4,"column":9},"end":{"line":4,"column":14}},"loc":{"start":{"line":4,"column":67},"end":{"line":10,"column":3}}}},"branchMap":{},"s":{"0":14,"1":604,"2":246,"3":246,"4":57},"f":{"0":604,"1":246},"b":{}}
,"C:\\Users\\USER\\OneDrive\\Desktop\\IIUC DOC\\6TH SEM\\FINAL\\SD2\\HealthCare\\src\\shared\\utils\\jwt.utils.ts": {"path":"C:\\Users\\USER\\OneDrive\\Desktop\\IIUC DOC\\6TH SEM\\FINAL\\SD2\\HealthCare\\src\\shared\\utils\\jwt.utils.ts","statementMap":{"0":{"start":{"line":3,"column":20},"end":{"line":10,"column":1}},"1":{"start":{"line":4,"column":2},"end":{"line":9,"column":3}},"2":{"start":{"line":5,"column":20},"end":{"line":5,"column":59}},"3":{"start":{"line":6,"column":4},"end":{"line":6,"column":53}},"4":{"start":{"line":8,"column":4},"end":{"line":8,"column":63}},"5":{"start":{"line":12,"column":20},"end":{"line":14,"column":1}},"6":{"start":{"line":13,"column":2},"end":{"line":13,"column":48}},"7":{"start":{"line":16,"column":24},"end":{"line":19,"column":2}}},"fnMap":{"0":{"name":"(anonymous_0)","decl":{"start":{"line":3,"column":20},"end":{"line":3,"column":21}},"loc":{"start":{"line":3,"column":54},"end":{"line":10,"column":1}}},"1":{"name":"(anonymous_1)","decl":{"start":{"line":12,"column":20},"end":{"line":12,"column":21}},"loc":{"start":{"line":12,"column":57},"end":{"line":14,"column":1}}}},"branchMap":{},"s":{"0":13,"1":116,"2":116,"3":111,"4":5,"5":13,"6":5,"7":13},"f":{"0":116,"1":5},"b":{}}
}
