TN:
SF:src\app.ts
FN:21,(anonymous_0)
FNF:1
FNH:0
FNDA:0,(anonymous_0)
DA:8,11
DA:10,11
DA:11,11
DA:12,11
DA:14,11
DA:21,11
DA:22,0
DA:24,11
DA:26,11
LF:9
LH:8
BRF:0
BRH:0
end_of_record
TN:
SF:src\config\env.ts
FN:6,(anonymous_0)
FNF:1
FNH:1
FNDA:96,(anonymous_0)
DA:4,12
DA:6,12
DA:7,96
DA:8,96
DA:9,0
DA:11,96
LF:6
LH:5
BRDA:7,0,0,96
BRDA:7,0,1,0
BRDA:8,1,0,0
BRDA:8,1,1,96
BRF:4
BRH:2
end_of_record
TN:
SF:src\config\prisma.ts
FNF:0
FNH:0
DA:5,0
DA:7,0
DA:8,0
LF:3
LH:0
BRF:0
BRH:0
end_of_record
TN:
SF:src\middleware\auth.middleware.ts
FN:7,(anonymous_0)
FNF:1
FNH:1
FNDA:117,(anonymous_0)
DA:7,13
DA:8,117
DA:13,117
DA:14,2
DA:17,115
DA:19,115
DA:20,2
DA:22,113
DA:24,113
DA:25,113
LF:10
LH:10
BRDA:8,0,0,3
BRDA:8,0,1,114
BRDA:10,1,0,111
BRDA:10,1,1,3
BRDA:13,2,0,2
BRDA:13,2,1,115
BRDA:19,3,0,2
BRDA:19,3,1,113
BRF:8
BRH:8
end_of_record
TN:
SF:src\middleware\error.middleware.ts
FN:5,(anonymous_0)
FN:30,(anonymous_1)
FNF:2
FNH:2
FNDA:4,(anonymous_0)
FNDA:60,(anonymous_1)
DA:5,13
DA:6,4
DA:8,1
DA:13,1
DA:18,1
DA:23,1
DA:30,13
DA:36,60
DA:37,60
DA:39,60
DA:40,4
DA:41,4
DA:42,4
DA:43,56
DA:44,1
DA:45,1
DA:46,55
DA:47,53
DA:48,53
DA:49,53
DA:50,53
DA:51,7
DA:54,60
LF:23
LH:23
BRDA:6,0,0,1
BRDA:6,0,1,1
BRDA:6,0,2,1
BRDA:6,0,3,1
BRDA:39,1,0,4
BRDA:39,1,1,56
BRDA:43,2,0,1
BRDA:43,2,1,55
BRDA:46,3,0,53
BRDA:46,3,1,2
BRDA:48,4,0,7
BRDA:48,4,1,46
BRDA:49,5,0,21
BRDA:49,5,1,32
BRDA:50,6,0,7
BRDA:50,6,1,46
BRDA:50,7,0,53
BRDA:50,7,1,48
BRF:18
BRH:18
end_of_record
TN:
SF:src\middleware\role.middleware.ts
FN:4,(anonymous_0)
FN:5,(anonymous_1)
FNF:2
FNH:2
FNDA:536,(anonymous_0)
FNDA:114,(anonymous_1)
DA:4,13
DA:5,536
DA:6,114
DA:7,2
DA:14,112
DA:15,4
DA:22,108
LF:7
LH:7
BRDA:6,0,0,2
BRDA:6,0,1,112
BRDA:14,1,0,4
BRDA:14,1,1,108
BRF:4
BRH:4
end_of_record
TN:
SF:src\modules\admin\admin.controller.ts
FN:8,(anonymous_0)
FN:28,(anonymous_1)
FN:42,(anonymous_2)
FN:57,(anonymous_3)
FN:72,(anonymous_4)
FN:85,(anonymous_5)
FN:98,(anonymous_6)
FNF:7
FNH:7
FNDA:1,(anonymous_0)
FNDA:4,(anonymous_1)
FNDA:6,(anonymous_2)
FNDA:6,(anonymous_3)
FNDA:1,(anonymous_4)
FNDA:1,(anonymous_5)
FNDA:1,(anonymous_6)
DA:7,11
DA:9,1
DA:10,1
DA:17,1
DA:27,11
DA:29,4
DA:30,4
DA:32,3
DA:41,11
DA:43,6
DA:44,6
DA:45,6
DA:47,3
DA:56,11
DA:58,6
DA:59,6
DA:60,6
DA:62,3
DA:71,11
DA:73,1
DA:75,1
DA:84,11
DA:86,1
DA:88,1
DA:97,11
DA:99,1
DA:101,1
DA:110,11
LF:28
LH:28
BRDA:13,0,0,0
BRDA:13,0,1,1
BRDA:14,1,0,0
BRDA:14,1,1,1
BRF:4
BRH:2
end_of_record
TN:
SF:src\modules\admin\admin.routes.ts
FNF:0
FNH:0
DA:6,11
DA:8,11
DA:9,11
DA:10,11
DA:11,11
DA:13,11
DA:19,11
DA:25,11
DA:32,11
LF:9
LH:9
BRF:0
BRH:0
end_of_record
TN:
SF:src\modules\admin\admin.service.ts
FN:11,(anonymous_0)
FN:14,(anonymous_1)
FN:24,(anonymous_2)
FN:43,(anonymous_3)
FN:53,(anonymous_4)
FN:63,(anonymous_5)
FN:69,(anonymous_6)
FN:108,(anonymous_7)
FN:138,(anonymous_8)
FN:158,(anonymous_9)
FN:172,(anonymous_10)
FN:180,(anonymous_11)
FN:186,(anonymous_12)
FN:202,(anonymous_13)
FNF:14
FNH:12
FNDA:3,(anonymous_0)
FNDA:4,(anonymous_1)
FNDA:1,(anonymous_2)
FNDA:1,(anonymous_3)
FNDA:0,(anonymous_4)
FNDA:0,(anonymous_5)
FNDA:4,(anonymous_6)
FNDA:6,(anonymous_7)
FNDA:6,(anonymous_8)
FNDA:1,(anonymous_9)
FNDA:1,(anonymous_10)
FNDA:2,(anonymous_11)
FNDA:1,(anonymous_12)
FNDA:2,(anonymous_13)
DA:11,11
DA:12,3
DA:14,11
DA:15,4
DA:16,4
DA:17,3
DA:18,3
DA:19,3
DA:20,3
DA:21,3
DA:24,11
DA:25,1
DA:26,1
DA:28,1
DA:32,1
DA:34,1
DA:36,1
DA:37,1
DA:43,1
DA:46,1
DA:47,0
DA:53,0
DA:56,1
DA:57,0
DA:63,0
DA:66,1
DA:69,11
DA:70,4
DA:71,4
DA:73,3
DA:75,3
DA:77,1
DA:88,1
DA:98,1
DA:108,11
DA:109,6
DA:110,6
DA:111,6
DA:112,6
DA:114,6
DA:116,2
DA:117,2
DA:118,1
DA:119,1
DA:120,1
DA:121,1
DA:124,2
DA:125,2
DA:126,1
DA:127,1
DA:128,1
DA:131,2
DA:132,2
DA:133,1
DA:138,11
DA:139,6
DA:141,2
DA:142,2
DA:143,1
DA:146,2
DA:147,2
DA:148,1
DA:151,2
DA:152,2
DA:153,1
DA:158,11
DA:159,1
DA:163,1
DA:164,1
DA:165,3
DA:168,1
DA:169,1
DA:172,11
DA:173,1
DA:180,2
DA:186,11
DA:187,1
DA:192,1
DA:194,1
DA:195,3
DA:196,3
DA:197,3
DA:198,3
DA:199,3
DA:202,2
DA:207,1
DA:210,11
LF:87
LH:83
BRDA:16,0,0,1
BRDA:16,0,1,3
BRDA:18,1,0,0
BRDA:18,1,1,3
BRDA:20,2,0,0
BRDA:20,2,1,3
BRDA:25,3,0,1
BRDA:25,4,0,1
BRDA:28,5,0,1
BRDA:28,5,1,0
BRDA:36,6,0,1
BRDA:36,6,1,0
BRDA:36,7,0,1
BRDA:36,7,1,1
BRDA:38,8,0,1
BRDA:38,8,1,0
BRDA:46,9,0,0
BRDA:46,9,1,1
BRDA:46,10,0,1
BRDA:46,10,1,1
BRDA:48,11,0,0
BRDA:48,11,1,0
BRDA:56,12,0,0
BRDA:56,12,1,1
BRDA:56,13,0,1
BRDA:56,13,1,1
BRDA:58,14,0,0
BRDA:58,14,1,0
BRDA:71,15,0,1
BRDA:71,15,1,3
BRDA:75,16,0,1
BRDA:75,16,1,1
BRDA:75,16,2,1
BRDA:82,17,0,1
BRDA:82,17,1,1
BRDA:83,18,0,0
BRDA:83,18,1,1
BRDA:93,19,0,1
BRDA:93,19,1,1
BRDA:94,20,0,1
BRDA:94,20,1,1
BRDA:110,21,0,6
BRDA:110,21,1,0
BRDA:111,22,0,0
BRDA:111,22,1,6
BRDA:112,23,0,0
BRDA:112,23,1,6
BRDA:114,24,0,2
BRDA:114,24,1,2
BRDA:114,24,2,2
BRDA:117,25,0,1
BRDA:117,25,1,1
BRDA:118,26,0,0
BRDA:118,26,1,1
BRDA:119,27,0,0
BRDA:119,27,1,1
BRDA:120,28,0,0
BRDA:120,28,1,1
BRDA:125,29,0,1
BRDA:125,29,1,1
BRDA:126,30,0,0
BRDA:126,30,1,1
BRDA:127,31,0,0
BRDA:127,31,1,1
BRDA:132,32,0,1
BRDA:132,32,1,1
BRDA:139,33,0,2
BRDA:139,33,1,2
BRDA:139,33,2,2
BRDA:142,34,0,1
BRDA:142,34,1,1
BRDA:147,35,0,1
BRDA:147,35,1,1
BRDA:152,36,0,1
BRDA:152,36,1,1
BRDA:165,37,0,3
BRDA:165,37,1,2
BRDA:196,38,0,2
BRDA:196,38,1,1
BRDA:198,39,0,1
BRDA:198,39,1,2
BRDA:199,40,0,1
BRDA:199,40,1,2
BRF:83
BRH:63
end_of_record
TN:
SF:src\modules\ai\ai.controller.ts
FN:8,(anonymous_0)
FNF:1
FNH:1
FNDA:3,(anonymous_0)
DA:7,1
DA:9,3
DA:11,3
DA:12,2
DA:17,2
DA:20,1
DA:22,1
DA:31,1
LF:8
LH:8
BRDA:11,0,0,2
BRDA:11,0,1,1
BRDA:11,1,0,3
BRDA:11,1,1,1
BRDA:11,1,2,1
BRF:5
BRH:5
end_of_record
TN:
SF:src\modules\ai\ai.routes.ts
FNF:0
FNH:0
DA:6,1
DA:8,1
DA:15,1
LF:3
LH:3
BRF:0
BRH:0
end_of_record
TN:
SF:src\modules\ai\ai.service.ts
FN:43,(anonymous_0)
FNF:1
FNH:1
FNDA:1,(anonymous_0)
DA:1,1
DA:15,1
DA:43,1
DA:44,1
DA:46,1
DA:47,1
DA:48,1
DA:52,0
DA:55,1
LF:9
LH:8
BRDA:47,0,0,1
BRDA:47,0,1,0
BRF:2
BRH:1
end_of_record
TN:
SF:src\modules\appointments\appointment.controller.ts
FN:8,(anonymous_0)
FN:38,(anonymous_1)
FN:51,(anonymous_2)
FN:70,(anonymous_3)
FN:83,(anonymous_4)
FN:97,(anonymous_5)
FN:111,(anonymous_6)
FNF:7
FNH:7
FNDA:3,(anonymous_0)
FNDA:2,(anonymous_1)
FNDA:5,(anonymous_2)
FNDA:2,(anonymous_3)
FNDA:2,(anonymous_4)
FNDA:2,(anonymous_5)
FNDA:4,(anonymous_6)
DA:7,11
DA:9,3
DA:11,3
DA:23,3
DA:37,11
DA:39,2
DA:41,1
DA:50,11
DA:52,5
DA:53,5
DA:60,1
DA:69,11
DA:71,2
DA:73,1
DA:82,11
DA:84,2
DA:85,2
DA:87,1
DA:96,11
DA:98,2
DA:99,2
DA:101,1
DA:110,11
DA:112,4
DA:113,4
DA:119,1
DA:128,11
LF:27
LH:27
BRDA:16,0,0,1
BRDA:16,0,1,2
BRDA:17,1,0,1
BRDA:17,1,1,2
BRF:4
BRH:4
end_of_record
TN:
SF:src\modules\appointments\appointment.route.ts
FNF:0
FNH:0
DA:6,11
DA:8,11
DA:15,11
DA:22,11
DA:29,11
DA:36,11
DA:43,11
DA:50,11
DA:57,11
LF:9
LH:9
BRF:0
BRH:0
end_of_record
TN:
SF:src\modules\appointments\appointment.service.ts
FN:10,(anonymous_0)
FN:53,(anonymous_1)
FN:83,(anonymous_2)
FN:137,(anonymous_3)
FN:160,(anonymous_4)
FN:179,(anonymous_5)
FN:198,(anonymous_6)
FNF:7
FNH:7
FNDA:3,(anonymous_0)
FNDA:2,(anonymous_1)
FNDA:5,(anonymous_2)
FNDA:2,(anonymous_3)
FNDA:2,(anonymous_4)
FNDA:2,(anonymous_5)
FNDA:4,(anonymous_6)
DA:10,11
DA:15,3
DA:16,3
DA:18,3
DA:19,1
DA:20,2
DA:21,0
DA:24,3
DA:25,3
DA:26,3
DA:27,1
DA:28,1
DA:29,1
DA:30,1
DA:31,1
DA:34,3
DA:36,3
DA:50,3
DA:53,11
DA:54,2
DA:55,2
DA:57,2
DA:65,2
DA:67,1
DA:80,1
DA:83,11
DA:89,5
DA:92,5
DA:94,4
DA:95,1
DA:98,3
DA:99,3
DA:101,3
DA:106,1
DA:109,2
DA:118,2
DA:121,1
DA:122,1
DA:123,1
DA:125,1
DA:134,1
DA:137,11
DA:138,2
DA:140,2
DA:142,1
DA:144,1
DA:157,1
DA:160,11
DA:161,2
DA:164,2
DA:165,2
DA:167,1
DA:176,1
DA:179,11
DA:180,2
DA:183,2
DA:184,2
DA:186,1
DA:195,1
DA:198,11
DA:199,4
DA:202,4
DA:204,3
DA:205,1
DA:208,2
DA:209,1
DA:212,1
DA:221,1
DA:224,11
LF:69
LH:68
BRDA:15,0,0,2
BRDA:15,1,0,2
BRDA:18,2,0,1
BRDA:18,2,1,2
BRDA:20,3,0,0
BRDA:20,3,1,2
BRDA:24,4,0,0
BRDA:24,4,1,3
BRDA:25,5,0,1
BRDA:25,5,1,2
BRDA:26,6,0,1
BRDA:26,6,1,2
BRDA:65,7,0,1
BRDA:65,7,1,1
BRDA:92,8,0,1
BRDA:92,8,1,4
BRDA:94,9,0,1
BRDA:94,9,1,3
BRDA:94,10,0,4
BRDA:94,10,1,4
BRDA:98,11,0,3
BRDA:98,11,1,0
BRDA:101,12,0,1
BRDA:101,12,1,2
BRDA:102,13,0,3
BRDA:102,13,1,3
BRDA:102,13,2,1
BRDA:118,14,0,1
BRDA:118,14,1,1
BRDA:122,15,0,1
BRDA:122,15,1,0
BRDA:123,16,0,0
BRDA:123,16,1,1
BRDA:140,17,0,1
BRDA:140,17,1,1
BRDA:164,18,0,0
BRDA:164,18,1,2
BRDA:165,19,0,1
BRDA:165,19,1,1
BRDA:183,20,0,0
BRDA:183,20,1,2
BRDA:184,21,0,1
BRDA:184,21,1,1
BRDA:202,22,0,1
BRDA:202,22,1,3
BRDA:204,23,0,1
BRDA:204,23,1,2
BRDA:204,24,0,3
BRDA:204,24,1,3
BRDA:208,25,0,1
BRDA:208,25,1,1
BRDA:208,26,0,2
BRDA:208,26,1,1
BRF:53
BRH:46
end_of_record
TN:
SF:src\modules\auth\auth.controller.ts
FN:8,(anonymous_0)
FN:21,(anonymous_1)
FN:41,(anonymous_2)
FN:54,(anonymous_3)
FNF:4
FNH:4
FNDA:4,(anonymous_0)
FNDA:5,(anonymous_1)
FNDA:2,(anonymous_2)
FNDA:3,(anonymous_3)
DA:7,11
DA:9,4
DA:11,1
DA:20,11
DA:22,5
DA:24,3
DA:31,3
DA:40,11
DA:42,2
DA:44,1
DA:53,11
DA:55,3
DA:57,1
DA:64,1
DA:73,11
LF:15
LH:15
BRF:0
BRH:0
end_of_record
TN:
SF:src\modules\auth\auth.routes.ts
FNF:0
FNH:0
DA:4,11
DA:6,11
DA:7,11
DA:8,11
DA:9,11
DA:11,11
LF:6
LH:6
BRF:0
BRH:0
end_of_record
TN:
SF:src\modules\auth\auth.service.ts
FN:7,(anonymous_0)
FN:11,(anonymous_1)
FN:21,(anonymous_2)
FN:34,(anonymous_3)
FN:59,(anonymous_4)
FN:74,(anonymous_5)
FN:98,(anonymous_6)
FNF:7
FNH:7
FNDA:2,(anonymous_0)
FNDA:6,(anonymous_1)
FNDA:9,(anonymous_2)
FNDA:4,(anonymous_3)
FNDA:5,(anonymous_4)
FNDA:2,(anonymous_5)
FNDA:3,(anonymous_6)
DA:7,11
DA:8,2
DA:11,11
DA:16,6
DA:21,11
DA:22,9
DA:23,9
DA:25,6
DA:26,6
DA:28,4
DA:29,4
DA:31,2
DA:34,11
DA:35,4
DA:36,4
DA:38,1
DA:40,1
DA:51,1
DA:53,1
DA:59,11
DA:60,5
DA:61,5
DA:63,4
DA:64,4
DA:66,3
DA:68,3
DA:74,11
DA:75,2
DA:76,2
DA:78,1
DA:80,1
DA:88,1
DA:90,1
DA:98,11
DA:99,3
DA:100,3
DA:102,2
DA:103,2
DA:105,1
DA:107,1
DA:113,11
LF:41
LH:41
BRDA:23,0,0,3
BRDA:23,0,1,6
BRDA:26,1,0,2
BRDA:26,1,1,4
BRDA:29,2,0,2
BRDA:29,2,1,2
BRDA:36,3,0,3
BRDA:36,3,1,1
BRDA:61,4,0,1
BRDA:61,4,1,4
BRDA:64,5,0,1
BRDA:64,5,1,3
BRDA:76,6,0,1
BRDA:76,6,1,1
BRDA:100,7,0,1
BRDA:100,7,1,2
BRDA:103,8,0,1
BRDA:103,8,1,1
BRF:18
BRH:18
end_of_record
TN:
SF:src\modules\doctors\doctor.controller.ts
FN:8,(anonymous_0)
FN:33,(anonymous_1)
FN:47,(anonymous_2)
FN:60,(anonymous_3)
FN:73,(anonymous_4)
FN:89,(anonymous_5)
FNF:6
FNH:6
FNDA:1,(anonymous_0)
FNDA:2,(anonymous_1)
FNDA:1,(anonymous_2)
FNDA:1,(anonymous_3)
FNDA:2,(anonymous_4)
FNDA:1,(anonymous_5)
DA:7,11
DA:9,1
DA:11,1
DA:18,1
DA:32,11
DA:34,2
DA:35,2
DA:37,1
DA:46,11
DA:48,1
DA:50,1
DA:59,11
DA:61,1
DA:63,1
DA:72,11
DA:74,2
DA:75,2
DA:79,2
DA:88,11
DA:90,1
DA:92,1
DA:101,11
LF:22
LH:22
BRDA:14,0,0,1
BRDA:14,0,1,0
BRDA:15,1,0,1
BRDA:15,1,1,0
BRF:4
BRH:2
end_of_record
TN:
SF:src\modules\doctors\doctor.route.ts
FNF:0
FNH:0
DA:6,11
DA:8,11
DA:9,11
DA:10,11
DA:11,11
DA:12,11
DA:13,11
DA:15,11
LF:8
LH:8
BRF:0
BRH:0
end_of_record
TN:
SF:src\modules\doctors\doctor.service.ts
FN:13,(anonymous_0)
FN:48,(anonymous_1)
FN:59,(anonymous_2)
FN:70,(anonymous_3)
FN:88,(anonymous_4)
FN:109,(anonymous_5)
FNF:6
FNH:6
FNDA:1,(anonymous_0)
FNDA:2,(anonymous_1)
FNDA:1,(anonymous_2)
FNDA:1,(anonymous_3)
FNDA:2,(anonymous_4)
FNDA:1,(anonymous_5)
DA:4,11
DA:13,11
DA:14,1
DA:16,1
DA:18,1
DA:19,1
DA:20,1
DA:26,1
DA:28,1
DA:45,1
DA:48,11
DA:49,2
DA:54,2
DA:56,1
DA:59,11
DA:60,1
DA:65,1
DA:67,1
DA:70,11
DA:71,1
DA:72,1
DA:74,1
DA:75,1
DA:76,1
DA:77,1
DA:79,1
DA:85,1
DA:88,11
DA:89,2
DA:90,2
DA:91,2
DA:92,2
DA:93,2
DA:95,2
DA:106,2
DA:109,11
DA:110,1
DA:112,1
DA:124,1
DA:127,11
LF:40
LH:40
BRDA:14,0,0,0
BRDA:14,1,0,0
BRDA:18,2,0,1
BRDA:18,2,1,0
BRDA:19,3,0,1
BRDA:19,3,1,0
BRDA:54,4,0,1
BRDA:54,4,1,1
BRDA:65,5,0,0
BRDA:65,5,1,1
BRDA:72,6,0,0
BRDA:72,6,1,1
BRDA:75,7,0,1
BRDA:75,7,1,0
BRDA:76,8,0,0
BRDA:76,8,1,1
BRDA:77,9,0,1
BRDA:77,9,1,0
BRDA:89,10,0,1
BRDA:89,10,1,1
BRF:20
BRH:11
end_of_record
TN:
SF:src\modules\insurance\insurance.controller.ts
FN:8,(anonymous_0)
FN:21,(anonymous_1)
FN:35,(anonymous_2)
FN:48,(anonymous_3)
FNF:4
FNH:4
FNDA:3,(anonymous_0)
FNDA:2,(anonymous_1)
FNDA:1,(anonymous_2)
FNDA:1,(anonymous_3)
DA:7,11
DA:9,3
DA:11,1
DA:20,11
DA:22,2
DA:23,2
DA:25,1
DA:34,11
DA:36,1
DA:38,1
DA:47,11
DA:49,1
DA:51,1
DA:60,11
LF:14
LH:14
BRF:0
BRH:0
end_of_record
TN:
SF:src\modules\insurance\insurance.route.ts
FNF:0
FNH:0
DA:6,11
DA:8,11
DA:9,11
DA:10,11
DA:11,11
DA:13,11
LF:6
LH:6
BRF:0
BRH:0
end_of_record
TN:
SF:src\modules\insurance\insurance.service.ts
FN:4,(anonymous_0)
FN:30,(anonymous_1)
FN:48,(anonymous_2)
FN:60,(anonymous_3)
FNF:4
FNH:4
FNDA:3,(anonymous_0)
FNDA:2,(anonymous_1)
FNDA:1,(anonymous_2)
FNDA:1,(anonymous_3)
DA:4,11
DA:5,3
DA:8,3
DA:10,2
DA:13,2
DA:15,1
DA:27,1
DA:30,11
DA:31,2
DA:34,2
DA:36,1
DA:45,1
DA:48,11
DA:49,1
DA:57,1
DA:60,11
DA:61,1
DA:69,1
DA:72,11
LF:19
LH:19
BRDA:8,0,0,1
BRDA:8,0,1,2
BRDA:13,1,0,1
BRDA:13,1,1,1
BRDA:34,2,0,1
BRDA:34,2,1,1
BRF:6
BRH:6
end_of_record
TN:
SF:src\modules\medical-records\diagnosis.service.ts
FN:4,(anonymous_0)
FNF:1
FNH:1
FNDA:3,(anonymous_0)
DA:4,11
DA:9,3
DA:12,3
DA:13,2
DA:14,1
DA:17,1
DA:25,1
DA:28,11
LF:8
LH:8
BRDA:12,0,0,1
BRDA:12,0,1,2
BRDA:13,1,0,1
BRDA:13,1,1,1
BRF:4
BRH:4
end_of_record
TN:
SF:src\modules\medical-records\medicalRecord.controller.ts
FN:9,(anonymous_0)
FN:26,(anonymous_1)
FN:44,(anonymous_2)
FN:62,(anonymous_3)
FNF:4
FNH:4
FNDA:1,(anonymous_0)
FNDA:2,(anonymous_1)
FNDA:2,(anonymous_2)
FNDA:3,(anonymous_3)
DA:8,11
DA:10,1
DA:16,1
DA:25,11
DA:27,2
DA:28,2
DA:34,1
DA:43,11
DA:45,2
DA:46,2
DA:52,1
DA:61,11
DA:63,3
DA:64,3
DA:70,1
DA:79,11
LF:16
LH:16
BRF:0
BRH:0
end_of_record
TN:
SF:src\modules\medical-records\medicalRecord.route.ts
FNF:0
FNH:0
DA:6,11
DA:8,11
DA:15,11
DA:22,11
DA:29,11
DA:36,11
LF:6
LH:6
BRF:0
BRH:0
end_of_record
TN:
SF:src\modules\medical-records\medicalRecord.service.ts
FN:4,(anonymous_0)
FN:49,(anonymous_1)
FNF:2
FNH:2
FNDA:3,(anonymous_0)
FNDA:2,(anonymous_1)
DA:4,11
DA:9,3
DA:10,0
DA:13,3
DA:14,2
DA:17,2
DA:20,2
DA:46,2
DA:49,11
DA:54,2
DA:55,2
DA:57,1
DA:65,1
DA:68,11
LF:14
LH:13
BRDA:9,0,0,0
BRDA:9,0,1,3
BRDA:9,1,0,3
BRDA:9,1,1,1
BRDA:13,2,0,2
BRDA:13,2,1,1
BRDA:17,3,0,1
BRDA:17,3,1,1
BRDA:55,4,0,1
BRDA:55,4,1,1
BRF:10
BRH:9
end_of_record
TN:
SF:src\modules\notifications\notification.controller.ts
FN:8,(anonymous_0)
FN:24,(anonymous_1)
FNF:2
FNH:2
FNDA:3,(anonymous_0)
FNDA:1,(anonymous_1)
DA:7,11
DA:9,3
DA:14,3
DA:23,11
DA:25,1
DA:27,1
DA:36,11
LF:7
LH:7
BRF:0
BRH:0
end_of_record
TN:
SF:src\modules\notifications\notification.routes.ts
FNF:0
FNH:0
DA:6,11
DA:8,11
DA:9,11
DA:11,11
LF:4
LH:4
BRF:0
BRH:0
end_of_record
TN:
SF:src\modules\notifications\notification.scheduler.ts
FN:5,(anonymous_0)
FN:42,(anonymous_1)
FN:49,(anonymous_2)
FNF:3
FNH:0
FNDA:0,(anonymous_0)
FNDA:0,(anonymous_1)
FNDA:0,(anonymous_2)
DA:3,0
DA:5,0
DA:6,0
DA:7,0
DA:8,0
DA:10,0
DA:21,0
DA:22,0
DA:25,0
DA:30,0
DA:31,0
DA:36,0
DA:40,0
DA:42,0
DA:43,0
DA:44,0
DA:45,0
DA:46,0
DA:49,0
DA:50,0
DA:51,0
DA:52,0
DA:53,0
LF:23
LH:0
BRDA:30,0,0,0
BRDA:30,0,1,0
BRDA:43,1,0,0
BRDA:43,1,1,0
BRDA:50,2,0,0
BRDA:50,2,1,0
BRF:6
BRH:0
end_of_record
TN:
SF:src\modules\notifications\notification.service.ts
FN:3,(anonymous_0)
FN:91,(anonymous_1)
FN:109,(anonymous_2)
FNF:3
FNH:3
FNDA:3,(anonymous_0)
FNDA:1,(anonymous_1)
FNDA:1,(anonymous_2)
DA:3,11
DA:4,3
DA:5,3
DA:6,3
DA:13,3
DA:15,3
DA:16,1
DA:26,1
DA:27,1
DA:36,3
DA:37,1
DA:47,1
DA:48,1
DA:57,3
DA:58,1
DA:59,1
DA:61,1
DA:73,1
DA:78,1
DA:79,1
DA:88,3
DA:91,11
DA:92,1
DA:93,1
DA:95,1
DA:106,1
DA:109,1
DA:118,11
LF:28
LH:28
BRDA:15,0,0,1
BRDA:15,0,1,2
BRDA:36,1,0,1
BRDA:36,1,1,2
BRDA:57,2,0,1
BRDA:57,2,1,2
BRF:6
BRH:6
end_of_record
TN:
SF:src\modules\patients\patient.controller.ts
FN:8,(anonymous_0)
FN:32,(anonymous_1)
FN:50,(anonymous_2)
FN:69,(anonymous_3)
FN:88,(anonymous_4)
FN:101,(anonymous_5)
FN:114,(anonymous_6)
FN:127,(anonymous_7)
FN:140,(anonymous_8)
FN:154,(anonymous_9)
FNF:10
FNH:10
FNDA:1,(anonymous_0)
FNDA:3,(anonymous_1)
FNDA:2,(anonymous_2)
FNDA:1,(anonymous_3)
FNDA:2,(anonymous_4)
FNDA:1,(anonymous_5)
FNDA:1,(anonymous_6)
FNDA:2,(anonymous_7)
FNDA:3,(anonymous_8)
FNDA:2,(anonymous_9)
DA:7,11
DA:9,1
DA:11,1
DA:17,1
DA:31,11
DA:33,3
DA:34,3
DA:40,2
DA:49,11
DA:51,2
DA:52,2
DA:59,2
DA:68,11
DA:70,1
DA:72,1
DA:78,1
DA:87,11
DA:89,2
DA:91,1
DA:100,11
DA:102,1
DA:104,1
DA:113,11
DA:115,1
DA:117,1
DA:126,11
DA:128,2
DA:130,1
DA:139,11
DA:141,3
DA:142,3
DA:144,1
DA:153,11
DA:155,2
DA:156,2
DA:158,1
DA:167,11
LF:37
LH:37
BRDA:13,0,0,1
BRDA:13,0,1,0
BRDA:14,1,0,1
BRDA:14,1,1,0
BRF:4
BRH:2
end_of_record
TN:
SF:src\modules\patients\patient.route.ts
FNF:0
FNH:0
DA:6,11
DA:8,11
DA:15,11
DA:22,11
DA:29,11
DA:36,11
DA:43,11
DA:50,11
DA:57,11
DA:64,11
DA:71,11
DA:78,11
LF:12
LH:12
BRF:0
BRH:0
end_of_record
TN:
SF:src\modules\patients\patient.service.ts
FN:10,(anonymous_0)
FN:44,(anonymous_1)
FN:85,(anonymous_2)
FN:126,(anonymous_3)
FN:139,(anonymous_4)
FN:192,(anonymous_5)
FN:209,(anonymous_6)
FN:235,(anonymous_7)
FN:249,(anonymous_8)
FN:277,(anonymous_9)
FN:312,(anonymous_10)
FNF:11
FNH:11
FNDA:1,(anonymous_0)
FNDA:3,(anonymous_1)
FNDA:2,(anonymous_2)
FNDA:1,(anonymous_3)
FNDA:1,(anonymous_4)
FNDA:2,(anonymous_5)
FNDA:1,(anonymous_6)
FNDA:1,(anonymous_7)
FNDA:2,(anonymous_8)
FNDA:3,(anonymous_9)
FNDA:2,(anonymous_10)
DA:10,11
DA:11,1
DA:13,1
DA:15,1
DA:16,0
DA:21,1
DA:23,1
DA:41,1
DA:44,11
DA:49,3
DA:65,3
DA:67,3
DA:68,0
DA:71,3
DA:72,2
DA:79,2
DA:82,2
DA:85,11
DA:91,2
DA:94,2
DA:96,2
DA:97,0
DA:100,2
DA:102,2
DA:104,2
DA:105,1
DA:106,1
DA:107,1
DA:110,2
DA:123,2
DA:126,11
DA:131,1
DA:133,1
DA:134,1
DA:139,1
DA:142,1
DA:144,1
DA:145,1
DA:148,1
DA:149,0
DA:162,1
DA:163,0
DA:172,1
DA:173,1
DA:176,1
DA:189,1
DA:192,11
DA:193,2
DA:205,2
DA:206,1
DA:209,11
DA:210,1
DA:211,1
DA:213,1
DA:214,1
DA:215,1
DA:216,1
DA:217,1
DA:219,1
DA:232,1
DA:235,11
DA:236,1
DA:238,1
DA:246,1
DA:249,11
DA:250,2
DA:252,2
DA:260,2
DA:262,1
DA:274,1
DA:277,11
DA:282,3
DA:285,3
DA:286,2
DA:288,2
DA:290,2
DA:299,2
DA:301,1
DA:309,1
DA:312,11
DA:313,2
DA:316,2
DA:317,2
DA:319,2
DA:320,1
DA:323,1
DA:331,1
DA:334,11
LF:88
LH:83
BRDA:11,0,0,0
BRDA:11,1,0,0
BRDA:15,2,0,0
BRDA:15,2,1,1
BRDA:65,3,0,0
BRDA:65,3,1,3
BRDA:67,4,0,0
BRDA:67,4,1,3
BRDA:67,5,0,3
BRDA:67,5,1,1
BRDA:71,6,0,2
BRDA:71,6,1,1
BRDA:79,7,0,1
BRDA:79,7,1,1
BRDA:94,8,0,0
BRDA:94,8,1,2
BRDA:96,9,0,0
BRDA:96,9,1,2
BRDA:96,10,0,2
BRDA:96,10,1,1
BRDA:102,11,0,2
BRDA:102,11,1,0
BRDA:104,12,0,1
BRDA:104,12,1,1
BRDA:105,13,0,1
BRDA:105,13,1,0
BRDA:106,14,0,1
BRDA:106,14,1,0
BRDA:107,15,0,0
BRDA:107,15,1,1
BRDA:133,16,0,1
BRDA:133,16,1,0
BRDA:144,17,0,1
BRDA:144,17,1,0
BRDA:148,18,0,0
BRDA:148,18,1,1
BRDA:162,19,0,0
BRDA:162,19,1,1
BRDA:172,20,0,1
BRDA:172,20,1,0
BRDA:205,21,0,1
BRDA:205,21,1,1
BRDA:211,22,0,0
BRDA:211,22,1,1
BRDA:214,23,0,1
BRDA:214,23,1,0
BRDA:215,24,0,1
BRDA:215,24,1,0
BRDA:216,25,0,0
BRDA:216,25,1,1
BRDA:217,26,0,0
BRDA:217,26,1,1
BRDA:260,27,0,1
BRDA:260,27,1,1
BRDA:285,28,0,1
BRDA:285,28,1,2
BRDA:286,29,0,0
BRDA:286,29,1,2
BRDA:299,30,0,1
BRDA:299,30,1,1
BRDA:316,31,0,0
BRDA:316,31,1,2
BRDA:317,32,0,0
BRDA:317,32,1,2
BRDA:319,33,0,1
BRDA:319,33,1,1
BRDA:319,34,0,2
BRDA:319,34,1,1
BRF:68
BRH:44
end_of_record
TN:
SF:src\modules\prescriptions\prescription.controller.ts
FN:8,(anonymous_0)
FN:21,(anonymous_1)
FN:34,(anonymous_2)
FNF:3
FNH:3
FNDA:1,(anonymous_0)
FNDA:4,(anonymous_1)
FNDA:3,(anonymous_2)
DA:7,11
DA:9,1
DA:11,1
DA:20,11
DA:22,4
DA:24,1
DA:33,11
DA:35,3
DA:36,3
DA:38,1
DA:47,11
LF:11
LH:11
BRF:0
BRH:0
end_of_record
TN:
SF:src\modules\prescriptions\prescription.routes.ts
FNF:0
FNH:0
DA:6,11
DA:8,11
DA:9,11
DA:10,11
DA:12,11
LF:5
LH:5
BRF:0
BRH:0
end_of_record
TN:
SF:src\modules\prescriptions\prescription.service.ts
FN:4,(anonymous_0)
FN:17,(anonymous_1)
FN:51,(anonymous_2)
FNF:3
FNH:3
FNDA:1,(anonymous_0)
FNDA:4,(anonymous_1)
FNDA:3,(anonymous_2)
DA:4,11
DA:5,1
DA:14,1
DA:17,11
DA:18,4
DA:19,4
DA:21,3
DA:22,3
DA:24,2
DA:25,2
DA:28,2
DA:31,1
DA:48,1
DA:51,11
DA:52,3
DA:56,3
DA:57,2
DA:58,1
DA:61,1
DA:69,11
LF:20
LH:20
BRDA:19,0,0,1
BRDA:19,0,1,3
BRDA:22,1,0,1
BRDA:22,1,1,2
BRDA:24,2,0,2
BRDA:24,2,1,0
BRDA:28,3,0,1
BRDA:28,3,1,1
BRDA:35,4,0,1
BRDA:35,4,1,0
BRDA:56,5,0,1
BRDA:56,5,1,2
BRDA:57,6,0,1
BRDA:57,6,1,1
BRF:14
BRH:12
end_of_record
TN:
SF:src\modules\receptionist\receptionist.controller.ts
FN:8,(anonymous_0)
FN:34,(anonymous_1)
FN:48,(anonymous_2)
FN:62,(anonymous_3)
FNF:4
FNH:4
FNDA:2,(anonymous_0)
FNDA:2,(anonymous_1)
FNDA:2,(anonymous_2)
FNDA:2,(anonymous_3)
DA:7,11
DA:9,2
DA:11,2
DA:19,2
DA:33,11
DA:35,2
DA:36,2
DA:38,1
DA:47,11
DA:49,2
DA:50,2
DA:52,1
DA:61,11
DA:63,2
DA:64,2
DA:66,1
DA:75,11
LF:17
LH:17
BRDA:15,0,0,1
BRDA:15,0,1,1
BRDA:16,1,0,1
BRDA:16,1,1,1
BRF:4
BRH:4
end_of_record
TN:
SF:src\modules\receptionist\receptionist.routes.ts
FNF:0
FNH:0
DA:6,11
DA:8,11
DA:9,11
DA:10,11
DA:11,11
DA:13,11
LF:6
LH:6
BRF:0
BRH:0
end_of_record
TN:
SF:src\modules\receptionist\receptionist.service.ts
FN:5,(anonymous_0)
FN:38,(anonymous_1)
FN:60,(anonymous_2)
FN:79,(anonymous_3)
FNF:4
FNH:4
FNDA:2,(anonymous_0)
FNDA:2,(anonymous_1)
FNDA:2,(anonymous_2)
FNDA:2,(anonymous_3)
DA:5,11
DA:6,2
DA:7,2
DA:9,2
DA:10,2
DA:11,2
DA:12,1
DA:13,1
DA:14,1
DA:15,1
DA:16,1
DA:19,2
DA:21,2
DA:35,2
DA:38,11
DA:39,2
DA:42,2
DA:44,1
DA:45,1
DA:46,1
DA:48,1
DA:57,1
DA:60,11
DA:61,2
DA:64,2
DA:65,2
DA:67,1
DA:76,1
DA:79,11
DA:80,2
DA:83,2
DA:84,2
DA:86,1
DA:95,1
DA:98,11
LF:35
LH:35
BRDA:6,0,0,1
BRDA:6,1,0,1
BRDA:9,2,0,1
BRDA:9,2,1,1
BRDA:10,3,0,1
BRDA:10,3,1,1
BRDA:11,4,0,1
BRDA:11,4,1,1
BRDA:42,5,0,1
BRDA:42,5,1,1
BRDA:45,6,0,1
BRDA:45,6,1,0
BRDA:46,7,0,1
BRDA:46,7,1,0
BRDA:64,8,0,0
BRDA:64,8,1,2
BRDA:65,9,0,1
BRDA:65,9,1,1
BRDA:83,10,0,0
BRDA:83,10,1,2
BRDA:84,11,0,1
BRDA:84,11,1,1
BRF:22
BRH:18
end_of_record
TN:
SF:src\modules\search\search.controller.ts
FN:8,(anonymous_0)
FN:22,(anonymous_1)
FNF:2
FNH:2
FNDA:2,(anonymous_0)
FNDA:2,(anonymous_1)
DA:7,11
DA:9,2
DA:10,2
DA:12,2
DA:21,11
DA:23,2
DA:25,2
DA:31,2
DA:40,11
LF:9
LH:9
BRF:0
BRH:0
end_of_record
TN:
SF:src\modules\search\search.routes.ts
FNF:0
FNH:0
DA:6,11
DA:8,11
DA:15,11
DA:22,11
LF:4
LH:4
BRF:0
BRH:0
end_of_record
TN:
SF:src\modules\search\search.service.ts
FN:3,(anonymous_0)
FN:63,(anonymous_1)
FN:72,(anonymous_2)
FNF:3
FNH:3
FNDA:2,(anonymous_0)
FNDA:2,(anonymous_1)
FNDA:2,(anonymous_2)
DA:3,11
DA:4,2
DA:5,1
DA:8,1
DA:10,1
DA:62,1
DA:63,1
DA:64,2
DA:65,2
DA:66,2
DA:69,1
DA:72,11
DA:77,2
DA:79,2
DA:80,2
DA:81,2
DA:82,2
DA:83,2
DA:84,2
DA:85,2
DA:86,2
DA:89,2
DA:98,2
DA:101,11
LF:24
LH:24
BRDA:4,0,0,1
BRDA:4,0,1,1
BRDA:4,1,0,2
BRDA:4,1,1,1
BRDA:64,2,0,0
BRDA:64,2,1,2
BRDA:79,3,0,2
BRDA:79,3,1,0
BRDA:80,4,0,2
BRDA:80,4,1,0
BRDA:81,5,0,2
BRDA:81,5,1,0
BRF:12
BRH:8
end_of_record
TN:
SF:src\routes\index.ts
FNF:0
FNH:0
DA:14,11
DA:16,11
DA:17,11
DA:18,11
DA:19,11
DA:20,11
DA:21,11
DA:22,11
DA:23,11
DA:24,11
DA:25,11
DA:26,11
LF:12
LH:12
BRF:0
BRH:0
end_of_record
TN:
SF:src\shared\constants\index.ts
FNF:0
FNH:0
DA:1,1
DA:10,1
DA:19,1
LF:3
LH:3
BRF:0
BRH:0
end_of_record
TN:
SF:src\shared\errors\index.ts
FN:6,(anonymous_0)
FN:14,(anonymous_1)
FN:21,(anonymous_2)
FN:28,(anonymous_3)
FN:35,(anonymous_4)
FN:42,(anonymous_5)
FNF:6
FNH:6
FNDA:22,(anonymous_0)
FNDA:5,(anonymous_1)
FNDA:5,(anonymous_2)
FNDA:3,(anonymous_3)
FNDA:3,(anonymous_4)
FNDA:3,(anonymous_5)
DA:7,22
DA:8,22
DA:9,22
DA:15,5
DA:16,5
DA:22,5
DA:23,5
DA:29,3
DA:30,3
DA:36,3
DA:37,3
DA:43,3
DA:44,3
LF:13
LH:13
BRDA:14,0,0,4
BRDA:21,1,0,4
BRDA:28,2,0,2
BRDA:35,3,0,2
BRDA:42,4,0,2
BRF:5
BRH:5
end_of_record
TN:
SF:src\shared\utils\apiResponse.ts
FN:17,(anonymous_0)
FNF:1
FNH:1
FNDA:77,(anonymous_0)
DA:17,13
DA:18,77
LF:2
LH:2
BRF:0
BRH:0
end_of_record
TN:
SF:src\shared\utils\asyncHandler.ts
FN:3,(anonymous_0)
FN:4,(anonymous_1)
FNF:2
FNH:2
FNDA:604,(anonymous_0)
FNDA:246,(anonymous_1)
DA:3,14
DA:4,604
DA:5,246
DA:6,246
DA:8,57
LF:5
LH:5
BRF:0
BRH:0
end_of_record
TN:
SF:src\shared\utils\jwt.utils.ts
FN:3,(anonymous_0)
FN:12,(anonymous_1)
FNF:2
FNH:2
FNDA:116,(anonymous_0)
FNDA:5,(anonymous_1)
DA:3,13
DA:4,116
DA:5,116
DA:6,111
DA:8,5
DA:12,13
DA:13,5
DA:16,13
LF:8
LH:8
BRF:0
BRH:0
end_of_record
